2025-12-17T14:12:09Z INFO Experiment Config: Using NVIDIA GPU (NVIDIA GeForce RTX 4070 Ti SUPER)
2025-12-17T14:12:09Z INFO Experiment Initializing Data Loaders...
2025-12-17T14:12:09Z WARNING Experiment Model not found at C:\Users\Dominic\Documents\ResearchProject\results\models\cnn_mnist_2025-12-17_14-12-08.pt. Training new model.
2025-12-17T14:12:09Z INFO src.train Starting Training on Device: cuda
2025-12-17T14:12:09Z INFO src.train Train Epoch: 1[0/2002(0%)]Loss: 6.802845
2025-12-17T14:12:12Z INFO src.train Epoch 1 finished in 2.82s
2025-12-17T14:12:12Z INFO src.train Train Epoch: 2[0/2002(0%)]Loss: 6.785336
2025-12-17T14:12:15Z INFO src.train Epoch 2 finished in 2.69s
2025-12-17T14:12:15Z INFO src.train Train Epoch: 3[0/2002(0%)]Loss: 6.700665
2025-12-17T14:12:17Z INFO src.train Epoch 3 finished in 2.78s
2025-12-17T14:12:18Z INFO src.train Train Epoch: 4[0/2002(0%)]Loss: 6.555151
2025-12-17T14:12:20Z INFO src.train Epoch 4 finished in 3.03s
2025-12-17T14:12:21Z INFO src.train Train Epoch: 5[0/2002(0%)]Loss: 6.427384
2025-12-17T14:12:23Z INFO src.train Epoch 5 finished in 3.02s
2025-12-17T14:12:24Z INFO src.train Train Epoch: 6[0/2002(0%)]Loss: 6.278792
2025-12-17T14:12:26Z INFO src.train Epoch 6 finished in 2.96s
2025-12-17T14:12:27Z INFO src.train Train Epoch: 7[0/2002(0%)]Loss: 6.200098
2025-12-17T14:12:29Z INFO src.train Epoch 7 finished in 2.91s
2025-12-17T14:12:29Z INFO src.train Train Epoch: 8[0/2002(0%)]Loss: 5.951310
2025-12-17T14:12:32Z INFO src.train Epoch 8 finished in 2.92s
2025-12-17T14:12:32Z INFO src.train Train Epoch: 9[0/2002(0%)]Loss: 5.551991
2025-12-17T14:12:35Z INFO src.train Epoch 9 finished in 2.91s
2025-12-17T14:12:35Z INFO src.train Train Epoch: 10[0/2002(0%)]Loss: 5.354356
2025-12-17T14:12:38Z INFO src.train Epoch 10 finished in 2.91s
2025-12-17T14:12:38Z INFO src.train Train Epoch: 11[0/2002(0%)]Loss: 5.329791
2025-12-17T14:12:41Z INFO src.train Epoch 11 finished in 2.91s
2025-12-17T14:12:41Z INFO src.train Train Epoch: 12[0/2002(0%)]Loss: 4.808557
2025-12-17T14:12:44Z INFO src.train Epoch 12 finished in 2.91s
2025-12-17T14:12:44Z INFO src.train Train Epoch: 13[0/2002(0%)]Loss: 4.692679
2025-12-17T14:12:47Z INFO src.train Epoch 13 finished in 2.91s
2025-12-17T14:12:47Z INFO src.train Train Epoch: 14[0/2002(0%)]Loss: 4.207690
2025-12-17T14:12:50Z INFO src.train Epoch 14 finished in 2.90s
2025-12-17T14:12:50Z INFO src.train Train Epoch: 15[0/2002(0%)]Loss: 4.398548
2025-12-17T14:12:53Z INFO src.train Epoch 15 finished in 2.92s
2025-12-17T14:12:53Z INFO src.train Train Epoch: 16[0/2002(0%)]Loss: 3.990329
2025-12-17T14:12:56Z INFO src.train Epoch 16 finished in 2.94s
2025-12-17T14:12:56Z INFO src.train Train Epoch: 17[0/2002(0%)]Loss: 3.828767
2025-12-17T14:12:58Z INFO src.train Epoch 17 finished in 2.91s
2025-12-17T14:12:59Z INFO src.train Train Epoch: 18[0/2002(0%)]Loss: 3.925801
2025-12-17T14:13:01Z INFO src.train Epoch 18 finished in 2.92s
2025-12-17T14:13:02Z INFO src.train Train Epoch: 19[0/2002(0%)]Loss: 3.363074
2025-12-17T14:13:04Z INFO src.train Epoch 19 finished in 2.93s
2025-12-17T14:13:04Z INFO src.train Train Epoch: 20[0/2002(0%)]Loss: 3.485124
2025-12-17T14:13:07Z INFO src.train Epoch 20 finished in 2.92s
2025-12-17T14:13:07Z INFO src.train Train Epoch: 21[0/2002(0%)]Loss: 3.172237
2025-12-17T14:13:10Z INFO src.train Epoch 21 finished in 2.89s
2025-12-17T14:13:10Z INFO src.train Train Epoch: 22[0/2002(0%)]Loss: 3.072803
2025-12-17T14:13:13Z INFO src.train Epoch 22 finished in 2.92s
2025-12-17T14:13:13Z INFO src.train Train Epoch: 23[0/2002(0%)]Loss: 3.042761
2025-12-17T14:13:16Z INFO src.train Epoch 23 finished in 2.90s
2025-12-17T14:13:16Z INFO src.train Train Epoch: 24[0/2002(0%)]Loss: 2.734622
2025-12-17T14:13:19Z INFO src.train Epoch 24 finished in 2.90s
2025-12-17T14:13:19Z INFO src.train Train Epoch: 25[0/2002(0%)]Loss: 2.867500
2025-12-17T14:13:22Z INFO src.train Epoch 25 finished in 2.92s
2025-12-17T14:13:22Z INFO src.train Train Epoch: 26[0/2002(0%)]Loss: 2.709368
2025-12-17T14:13:25Z INFO src.train Epoch 26 finished in 2.90s
2025-12-17T14:13:25Z INFO src.train Train Epoch: 27[0/2002(0%)]Loss: 2.786557
2025-12-17T14:13:28Z INFO src.train Epoch 27 finished in 2.89s
2025-12-17T14:13:28Z INFO src.train Train Epoch: 28[0/2002(0%)]Loss: 2.294728
2025-12-17T14:13:30Z INFO src.train Epoch 28 finished in 2.87s
2025-12-17T14:13:31Z INFO src.train Train Epoch: 29[0/2002(0%)]Loss: 2.451272
2025-12-17T14:13:33Z INFO src.train Epoch 29 finished in 2.92s
2025-12-17T14:13:33Z INFO src.train Train Epoch: 30[0/2002(0%)]Loss: 2.334910
2025-12-17T14:13:36Z INFO src.train Epoch 30 finished in 2.84s
2025-12-17T14:13:36Z INFO src.train Train Epoch: 31[0/2002(0%)]Loss: 1.828034
2025-12-17T14:13:39Z INFO src.train Epoch 31 finished in 2.90s
2025-12-17T14:13:39Z INFO src.train Train Epoch: 32[0/2002(0%)]Loss: 2.113095
2025-12-17T14:13:42Z INFO src.train Epoch 32 finished in 2.94s
2025-12-17T14:13:42Z INFO src.train Train Epoch: 33[0/2002(0%)]Loss: 1.938780
2025-12-17T14:13:45Z INFO src.train Epoch 33 finished in 2.92s
2025-12-17T14:13:45Z INFO src.train Train Epoch: 34[0/2002(0%)]Loss: 1.965835
2025-12-17T14:13:48Z INFO src.train Epoch 34 finished in 2.92s
2025-12-17T14:13:48Z INFO src.train Train Epoch: 35[0/2002(0%)]Loss: 1.655642
2025-12-17T14:13:51Z INFO src.train Epoch 35 finished in 2.91s
2025-12-17T14:13:51Z INFO src.train Train Epoch: 36[0/2002(0%)]Loss: 1.893606
2025-12-17T14:13:54Z INFO src.train Epoch 36 finished in 2.93s
2025-12-17T14:13:54Z INFO src.train Train Epoch: 37[0/2002(0%)]Loss: 1.686078
2025-12-17T14:13:57Z INFO src.train Epoch 37 finished in 2.94s
2025-12-17T14:13:57Z INFO src.train Train Epoch: 38[0/2002(0%)]Loss: 1.920184
2025-12-17T14:14:00Z INFO src.train Epoch 38 finished in 2.92s
2025-12-17T14:14:00Z INFO src.train Train Epoch: 39[0/2002(0%)]Loss: 1.486916
2025-12-17T14:14:02Z INFO src.train Epoch 39 finished in 2.92s
2025-12-17T14:14:03Z INFO src.train Train Epoch: 40[0/2002(0%)]Loss: 1.611016
2025-12-17T14:14:05Z INFO src.train Epoch 40 finished in 2.92s
2025-12-17T14:14:06Z INFO src.train Train Epoch: 41[0/2002(0%)]Loss: 1.272514
2025-12-17T14:14:08Z INFO src.train Epoch 41 finished in 2.88s
2025-12-17T14:14:08Z INFO src.train Train Epoch: 42[0/2002(0%)]Loss: 1.532283
2025-12-17T14:14:11Z INFO src.train Epoch 42 finished in 2.89s
2025-12-17T14:14:11Z INFO src.train Train Epoch: 43[0/2002(0%)]Loss: 1.553051
2025-12-17T14:14:14Z INFO src.train Epoch 43 finished in 2.86s
2025-12-17T14:14:14Z INFO src.train Train Epoch: 44[0/2002(0%)]Loss: 1.399175
2025-12-17T14:14:17Z INFO src.train Epoch 44 finished in 2.90s
2025-12-17T14:14:17Z INFO src.train Train Epoch: 45[0/2002(0%)]Loss: 1.324009
2025-12-17T14:14:20Z INFO src.train Epoch 45 finished in 2.93s
2025-12-17T14:14:20Z INFO src.train Train Epoch: 46[0/2002(0%)]Loss: 1.432750
2025-12-17T14:14:23Z INFO src.train Epoch 46 finished in 2.93s
2025-12-17T14:14:23Z INFO src.train Train Epoch: 47[0/2002(0%)]Loss: 1.341002
2025-12-17T14:14:26Z INFO src.train Epoch 47 finished in 2.91s
2025-12-17T14:14:26Z INFO src.train Train Epoch: 48[0/2002(0%)]Loss: 1.333019
2025-12-17T14:14:29Z INFO src.train Epoch 48 finished in 2.93s
2025-12-17T14:14:29Z INFO src.train Train Epoch: 49[0/2002(0%)]Loss: 1.522018
2025-12-17T14:14:32Z INFO src.train Epoch 49 finished in 2.92s
2025-12-17T14:14:32Z INFO src.train Train Epoch: 50[0/2002(0%)]Loss: 1.254312
2025-12-17T14:14:34Z INFO src.train Epoch 50 finished in 2.92s
2025-12-17T14:14:35Z INFO src.train Train Epoch: 51[0/2002(0%)]Loss: 1.234715
2025-12-17T14:14:37Z INFO src.train Epoch 51 finished in 2.86s
2025-12-17T14:14:37Z INFO src.train Train Epoch: 52[0/2002(0%)]Loss: 1.313173
2025-12-17T14:14:40Z INFO src.train Epoch 52 finished in 2.91s
2025-12-17T14:14:40Z INFO src.train Train Epoch: 53[0/2002(0%)]Loss: 1.066357
2025-12-17T14:14:43Z INFO src.train Epoch 53 finished in 2.93s
2025-12-17T14:14:43Z INFO src.train Train Epoch: 54[0/2002(0%)]Loss: 0.881067
2025-12-17T14:14:46Z INFO src.train Epoch 54 finished in 2.93s
2025-12-17T14:14:46Z INFO src.train Train Epoch: 55[0/2002(0%)]Loss: 0.984606
2025-12-17T14:14:49Z INFO src.train Epoch 55 finished in 2.92s
2025-12-17T14:14:49Z INFO src.train Train Epoch: 56[0/2002(0%)]Loss: 1.098588
2025-12-17T14:14:52Z INFO src.train Epoch 56 finished in 2.92s
2025-12-17T14:14:52Z INFO src.train Train Epoch: 57[0/2002(0%)]Loss: 0.722864
2025-12-17T14:14:55Z INFO src.train Epoch 57 finished in 2.93s
2025-12-17T14:14:55Z INFO src.train Train Epoch: 58[0/2002(0%)]Loss: 0.983474
2025-12-17T14:14:58Z INFO src.train Epoch 58 finished in 2.86s
2025-12-17T14:14:58Z INFO src.train Train Epoch: 59[0/2002(0%)]Loss: 1.220882
2025-12-17T14:15:01Z INFO src.train Epoch 59 finished in 2.93s
2025-12-17T14:15:01Z INFO src.train Train Epoch: 60[0/2002(0%)]Loss: 0.825057
2025-12-17T14:15:04Z INFO src.train Epoch 60 finished in 2.89s
2025-12-17T14:15:04Z INFO src.train Train Epoch: 61[0/2002(0%)]Loss: 1.041639
2025-12-17T14:15:06Z INFO src.train Epoch 61 finished in 2.92s
2025-12-17T14:15:07Z INFO src.train Train Epoch: 62[0/2002(0%)]Loss: 0.865379
2025-12-17T14:15:09Z INFO src.train Epoch 62 finished in 2.88s
2025-12-17T14:15:09Z INFO src.train Train Epoch: 63[0/2002(0%)]Loss: 1.098816
2025-12-17T14:15:12Z INFO src.train Epoch 63 finished in 2.88s
2025-12-17T14:15:12Z INFO src.train Train Epoch: 64[0/2002(0%)]Loss: 0.975069
2025-12-17T14:15:15Z INFO src.train Epoch 64 finished in 2.86s
2025-12-17T14:15:15Z INFO src.train Train Epoch: 65[0/2002(0%)]Loss: 0.722623
2025-12-17T14:15:18Z INFO src.train Epoch 65 finished in 2.91s
2025-12-17T14:15:18Z INFO src.train Train Epoch: 66[0/2002(0%)]Loss: 0.792715
2025-12-17T14:15:21Z INFO src.train Epoch 66 finished in 2.91s
2025-12-17T14:15:21Z INFO src.train Train Epoch: 67[0/2002(0%)]Loss: 0.877059
2025-12-17T14:15:24Z INFO src.train Epoch 67 finished in 2.94s
2025-12-17T14:15:24Z INFO src.train Train Epoch: 68[0/2002(0%)]Loss: 1.004488
2025-12-17T14:15:27Z INFO src.train Epoch 68 finished in 2.94s
2025-12-17T14:15:27Z INFO src.train Train Epoch: 69[0/2002(0%)]Loss: 0.576858
2025-12-17T14:15:30Z INFO src.train Epoch 69 finished in 2.95s
2025-12-17T14:15:30Z INFO src.train Train Epoch: 70[0/2002(0%)]Loss: 1.086991
2025-12-17T14:15:33Z INFO src.train Epoch 70 finished in 2.90s
2025-12-17T14:15:33Z INFO src.train Train Epoch: 71[0/2002(0%)]Loss: 0.885795
2025-12-17T14:15:36Z INFO src.train Epoch 71 finished in 2.93s
2025-12-17T14:15:36Z INFO src.train Train Epoch: 72[0/2002(0%)]Loss: 0.765886
2025-12-17T14:15:39Z INFO src.train Epoch 72 finished in 2.94s
2025-12-17T14:15:39Z INFO src.train Train Epoch: 73[0/2002(0%)]Loss: 0.869600
2025-12-17T14:15:41Z INFO src.train Epoch 73 finished in 2.90s
2025-12-17T14:15:42Z INFO src.train Train Epoch: 74[0/2002(0%)]Loss: 0.839761
2025-12-17T14:15:44Z INFO src.train Epoch 74 finished in 2.95s
2025-12-17T14:15:44Z INFO src.train Train Epoch: 75[0/2002(0%)]Loss: 0.664855
2025-12-17T14:15:47Z INFO src.train Epoch 75 finished in 2.94s
2025-12-17T14:15:47Z INFO src.train Train Epoch: 76[0/2002(0%)]Loss: 0.567929
2025-12-17T14:15:50Z INFO src.train Epoch 76 finished in 2.90s
2025-12-17T14:15:50Z INFO src.train Train Epoch: 77[0/2002(0%)]Loss: 0.752235
2025-12-17T14:15:53Z INFO src.train Epoch 77 finished in 2.92s
2025-12-17T14:15:53Z INFO src.train Train Epoch: 78[0/2002(0%)]Loss: 0.507226
2025-12-17T14:15:56Z INFO src.train Epoch 78 finished in 2.92s
2025-12-17T14:15:56Z INFO src.train Train Epoch: 79[0/2002(0%)]Loss: 0.490822
2025-12-17T14:15:59Z INFO src.train Epoch 79 finished in 2.92s
2025-12-17T14:15:59Z INFO src.train Train Epoch: 80[0/2002(0%)]Loss: 0.488599
2025-12-17T14:16:02Z INFO src.train Epoch 80 finished in 2.88s
2025-12-17T14:16:02Z INFO src.train Train Epoch: 81[0/2002(0%)]Loss: 0.863688
2025-12-17T14:16:05Z INFO src.train Epoch 81 finished in 2.93s
2025-12-17T14:16:05Z INFO src.train Train Epoch: 82[0/2002(0%)]Loss: 0.578033
2025-12-17T14:16:08Z INFO src.train Epoch 82 finished in 2.92s
2025-12-17T14:16:08Z INFO src.train Train Epoch: 83[0/2002(0%)]Loss: 0.778757
2025-12-17T14:16:11Z INFO src.train Epoch 83 finished in 2.93s
2025-12-17T14:16:11Z INFO src.train Train Epoch: 84[0/2002(0%)]Loss: 0.927808
2025-12-17T14:16:14Z INFO src.train Epoch 84 finished in 2.89s
2025-12-17T14:16:14Z INFO src.train Train Epoch: 85[0/2002(0%)]Loss: 0.748063
2025-12-17T14:16:16Z INFO src.train Epoch 85 finished in 2.89s
2025-12-17T14:16:17Z INFO src.train Train Epoch: 86[0/2002(0%)]Loss: 0.785493
2025-12-17T14:16:19Z INFO src.train Epoch 86 finished in 2.92s
2025-12-17T14:16:19Z INFO src.train Train Epoch: 87[0/2002(0%)]Loss: 0.546149
2025-12-17T14:16:22Z INFO src.train Epoch 87 finished in 2.92s
2025-12-17T14:16:22Z INFO src.train Train Epoch: 88[0/2002(0%)]Loss: 0.674169
2025-12-17T14:16:25Z INFO src.train Epoch 88 finished in 2.92s
2025-12-17T14:16:25Z INFO src.train Train Epoch: 89[0/2002(0%)]Loss: 0.380701
2025-12-17T14:16:28Z INFO src.train Epoch 89 finished in 2.92s
2025-12-17T14:16:28Z INFO src.train Train Epoch: 90[0/2002(0%)]Loss: 0.313938
2025-12-17T14:16:31Z INFO src.train Epoch 90 finished in 2.97s
2025-12-17T14:16:31Z INFO src.train Train Epoch: 91[0/2002(0%)]Loss: 0.396986
2025-12-17T14:16:34Z INFO src.train Epoch 91 finished in 2.98s
2025-12-17T14:16:34Z INFO src.train Train Epoch: 92[0/2002(0%)]Loss: 0.567537
2025-12-17T14:16:37Z INFO src.train Epoch 92 finished in 2.96s
2025-12-17T14:16:37Z INFO src.train Train Epoch: 93[0/2002(0%)]Loss: 0.601917
2025-12-17T14:16:40Z INFO src.train Epoch 93 finished in 2.94s
2025-12-17T14:16:40Z INFO src.train Train Epoch: 94[0/2002(0%)]Loss: 0.385423
2025-12-17T14:16:43Z INFO src.train Epoch 94 finished in 2.88s
2025-12-17T14:16:43Z INFO src.train Train Epoch: 95[0/2002(0%)]Loss: 0.300988
2025-12-17T14:16:46Z INFO src.train Epoch 95 finished in 2.90s
2025-12-17T14:16:46Z INFO src.train Train Epoch: 96[0/2002(0%)]Loss: 0.288037
2025-12-17T14:16:49Z INFO src.train Epoch 96 finished in 2.93s
2025-12-17T14:16:49Z INFO src.train Train Epoch: 97[0/2002(0%)]Loss: 0.675803
2025-12-17T14:16:52Z INFO src.train Epoch 97 finished in 2.88s
2025-12-17T14:16:52Z INFO src.train Train Epoch: 98[0/2002(0%)]Loss: 0.633553
2025-12-17T14:16:54Z INFO src.train Epoch 98 finished in 2.91s
2025-12-17T14:16:55Z INFO src.train Train Epoch: 99[0/2002(0%)]Loss: 0.285011
2025-12-17T14:16:57Z INFO src.train Epoch 99 finished in 2.92s
2025-12-17T14:16:57Z INFO src.train Train Epoch: 100[0/2002(0%)]Loss: 0.463089
2025-12-17T14:17:00Z INFO src.train Epoch 100 finished in 2.95s
2025-12-17T14:17:00Z INFO src.train Train Epoch: 101[0/2002(0%)]Loss: 0.670050
2025-12-17T14:17:03Z INFO src.train Epoch 101 finished in 2.92s
2025-12-17T14:17:03Z INFO src.train Train Epoch: 102[0/2002(0%)]Loss: 0.435153
2025-12-17T14:17:06Z INFO src.train Epoch 102 finished in 2.92s
2025-12-17T14:17:06Z INFO src.train Train Epoch: 103[0/2002(0%)]Loss: 0.516558
2025-12-17T14:17:09Z INFO src.train Epoch 103 finished in 2.86s
2025-12-17T14:17:09Z INFO src.train Train Epoch: 104[0/2002(0%)]Loss: 0.455501
2025-12-17T14:17:12Z INFO src.train Epoch 104 finished in 2.91s
2025-12-17T14:17:12Z INFO src.train Train Epoch: 105[0/2002(0%)]Loss: 0.461262
2025-12-17T14:17:15Z INFO src.train Epoch 105 finished in 2.92s
2025-12-17T14:17:15Z INFO src.train Train Epoch: 106[0/2002(0%)]Loss: 0.457051
2025-12-17T14:17:18Z INFO src.train Epoch 106 finished in 2.94s
2025-12-17T14:17:18Z INFO src.train Train Epoch: 107[0/2002(0%)]Loss: 0.352066
2025-12-17T14:17:21Z INFO src.train Epoch 107 finished in 2.94s
2025-12-17T14:17:21Z INFO src.train Train Epoch: 108[0/2002(0%)]Loss: 0.396271
2025-12-17T14:17:24Z INFO src.train Epoch 108 finished in 2.95s
2025-12-17T14:17:24Z INFO src.train Train Epoch: 109[0/2002(0%)]Loss: 0.619955
2025-12-17T14:17:27Z INFO src.train Epoch 109 finished in 2.93s
2025-12-17T14:17:27Z INFO src.train Train Epoch: 110[0/2002(0%)]Loss: 0.509007
2025-12-17T14:17:29Z INFO src.train Epoch 110 finished in 2.91s
2025-12-17T14:17:30Z INFO src.train Train Epoch: 111[0/2002(0%)]Loss: 0.352455
2025-12-17T14:17:32Z INFO src.train Epoch 111 finished in 2.96s
2025-12-17T14:17:33Z INFO src.train Train Epoch: 112[0/2002(0%)]Loss: 0.246167
2025-12-17T14:17:35Z INFO src.train Epoch 112 finished in 2.90s
2025-12-17T14:17:35Z INFO src.train Train Epoch: 113[0/2002(0%)]Loss: 0.525239
2025-12-17T14:17:38Z INFO src.train Epoch 113 finished in 2.95s
2025-12-17T14:17:38Z INFO src.train Train Epoch: 114[0/2002(0%)]Loss: 0.328653
2025-12-17T14:17:41Z INFO src.train Epoch 114 finished in 2.92s
2025-12-17T14:17:41Z INFO src.train Train Epoch: 115[0/2002(0%)]Loss: 0.587588
2025-12-17T14:17:44Z INFO src.train Epoch 115 finished in 2.91s
2025-12-17T14:17:44Z INFO src.train Train Epoch: 116[0/2002(0%)]Loss: 0.330831
2025-12-17T14:17:47Z INFO src.train Epoch 116 finished in 2.95s
2025-12-17T14:17:47Z INFO src.train Train Epoch: 117[0/2002(0%)]Loss: 0.228455
2025-12-17T14:17:50Z INFO src.train Epoch 117 finished in 2.89s
2025-12-17T14:17:50Z INFO src.train Train Epoch: 118[0/2002(0%)]Loss: 0.544382
2025-12-17T14:17:53Z INFO src.train Epoch 118 finished in 2.91s
2025-12-17T14:17:53Z INFO src.train Train Epoch: 119[0/2002(0%)]Loss: 0.247457
2025-12-17T14:17:56Z INFO src.train Epoch 119 finished in 2.93s
2025-12-17T14:17:56Z INFO src.train Train Epoch: 120[0/2002(0%)]Loss: 0.362900
2025-12-17T14:17:59Z INFO src.train Epoch 120 finished in 2.92s
2025-12-17T14:17:59Z INFO src.train Train Epoch: 121[0/2002(0%)]Loss: 0.342527
2025-12-17T14:18:02Z INFO src.train Epoch 121 finished in 2.91s
2025-12-17T14:18:02Z INFO src.train Train Epoch: 122[0/2002(0%)]Loss: 0.295644
2025-12-17T14:18:05Z INFO src.train Epoch 122 finished in 2.93s
2025-12-17T14:18:05Z INFO src.train Train Epoch: 123[0/2002(0%)]Loss: 0.369919
2025-12-17T14:18:08Z INFO src.train Epoch 123 finished in 2.91s
2025-12-17T14:18:08Z INFO src.train Train Epoch: 124[0/2002(0%)]Loss: 0.346089
2025-12-17T14:18:10Z INFO src.train Epoch 124 finished in 2.95s
2025-12-17T14:18:11Z INFO src.train Train Epoch: 125[0/2002(0%)]Loss: 0.550183
2025-12-17T14:18:13Z INFO src.train Epoch 125 finished in 2.93s
2025-12-17T14:18:14Z INFO src.train Train Epoch: 126[0/2002(0%)]Loss: 0.285743
2025-12-17T14:18:16Z INFO src.train Epoch 126 finished in 2.90s
2025-12-17T14:18:16Z INFO src.train Train Epoch: 127[0/2002(0%)]Loss: 0.268229
2025-12-17T14:18:19Z INFO src.train Epoch 127 finished in 2.93s
2025-12-17T14:18:19Z INFO src.train Train Epoch: 128[0/2002(0%)]Loss: 0.333415
2025-12-17T14:18:22Z INFO src.train Epoch 128 finished in 2.94s
2025-12-17T14:18:22Z INFO src.train Train Epoch: 129[0/2002(0%)]Loss: 0.512985
2025-12-17T14:18:25Z INFO src.train Epoch 129 finished in 2.90s
2025-12-17T14:18:25Z INFO src.train Train Epoch: 130[0/2002(0%)]Loss: 0.279965
2025-12-17T14:18:28Z INFO src.train Epoch 130 finished in 2.92s
2025-12-17T14:18:28Z INFO src.train Train Epoch: 131[0/2002(0%)]Loss: 0.409827
2025-12-17T14:18:31Z INFO src.train Epoch 131 finished in 2.88s
2025-12-17T14:18:31Z INFO src.train Train Epoch: 132[0/2002(0%)]Loss: 0.331982
2025-12-17T14:18:34Z INFO src.train Epoch 132 finished in 2.93s
2025-12-17T14:18:34Z INFO src.train Train Epoch: 133[0/2002(0%)]Loss: 0.344900
2025-12-17T14:18:37Z INFO src.train Epoch 133 finished in 2.90s
2025-12-17T14:18:37Z INFO src.train Train Epoch: 134[0/2002(0%)]Loss: 0.416242
2025-12-17T14:18:40Z INFO src.train Epoch 134 finished in 2.92s
2025-12-17T14:18:40Z INFO src.train Train Epoch: 135[0/2002(0%)]Loss: 0.213844
2025-12-17T14:18:43Z INFO src.train Epoch 135 finished in 2.93s
2025-12-17T14:18:43Z INFO src.train Train Epoch: 136[0/2002(0%)]Loss: 0.419409
2025-12-17T14:18:46Z INFO src.train Epoch 136 finished in 2.97s
2025-12-17T14:18:46Z INFO src.train Train Epoch: 137[0/2002(0%)]Loss: 0.293318
2025-12-17T14:18:48Z INFO src.train Epoch 137 finished in 2.90s
2025-12-17T14:18:49Z INFO src.train Train Epoch: 138[0/2002(0%)]Loss: 0.485314
2025-12-17T14:18:51Z INFO src.train Epoch 138 finished in 2.91s
2025-12-17T14:18:51Z INFO src.train Train Epoch: 139[0/2002(0%)]Loss: 0.301444
2025-12-17T14:18:54Z INFO src.train Epoch 139 finished in 2.91s
2025-12-17T14:18:54Z INFO src.train Train Epoch: 140[0/2002(0%)]Loss: 0.436411
2025-12-17T14:18:57Z INFO src.train Epoch 140 finished in 2.95s
2025-12-17T14:18:57Z INFO src.train Train Epoch: 141[0/2002(0%)]Loss: 0.335554
2025-12-17T14:19:00Z INFO src.train Epoch 141 finished in 2.93s
2025-12-17T14:19:00Z INFO src.train Train Epoch: 142[0/2002(0%)]Loss: 0.281649
2025-12-17T14:19:03Z INFO src.train Epoch 142 finished in 2.88s
2025-12-17T14:19:03Z INFO src.train Train Epoch: 143[0/2002(0%)]Loss: 0.343716
2025-12-17T14:19:06Z INFO src.train Epoch 143 finished in 2.90s
2025-12-17T14:19:06Z INFO src.train Train Epoch: 144[0/2002(0%)]Loss: 0.247591
2025-12-17T14:19:09Z INFO src.train Epoch 144 finished in 2.94s
2025-12-17T14:19:09Z INFO src.train Train Epoch: 145[0/2002(0%)]Loss: 0.326821
2025-12-17T14:19:12Z INFO src.train Epoch 145 finished in 2.93s
2025-12-17T14:19:12Z INFO src.train Train Epoch: 146[0/2002(0%)]Loss: 0.534691
2025-12-17T14:19:15Z INFO src.train Epoch 146 finished in 2.91s
2025-12-17T14:19:15Z INFO src.train Train Epoch: 147[0/2002(0%)]Loss: 0.254525
2025-12-17T14:19:18Z INFO src.train Epoch 147 finished in 2.82s
2025-12-17T14:19:18Z INFO src.train Train Epoch: 148[0/2002(0%)]Loss: 0.232953
2025-12-17T14:19:20Z INFO src.train Epoch 148 finished in 2.89s
2025-12-17T14:19:21Z INFO src.train Train Epoch: 149[0/2002(0%)]Loss: 0.182724
2025-12-17T14:19:23Z INFO src.train Epoch 149 finished in 2.89s
2025-12-17T14:19:23Z INFO src.train Train Epoch: 150[0/2002(0%)]Loss: 0.212153
2025-12-17T14:19:26Z INFO src.train Epoch 150 finished in 2.93s
2025-12-17T14:19:26Z INFO src.train Train Epoch: 151[0/2002(0%)]Loss: 0.291270
2025-12-17T14:19:29Z INFO src.train Epoch 151 finished in 2.94s
2025-12-17T14:19:29Z INFO src.train Train Epoch: 152[0/2002(0%)]Loss: 0.439549
2025-12-17T14:19:32Z INFO src.train Epoch 152 finished in 2.89s
2025-12-17T14:19:32Z INFO src.train Train Epoch: 153[0/2002(0%)]Loss: 0.090940
2025-12-17T14:19:35Z INFO src.train Epoch 153 finished in 2.93s
2025-12-17T14:19:35Z INFO src.train Train Epoch: 154[0/2002(0%)]Loss: 0.389112
2025-12-17T14:19:38Z INFO src.train Epoch 154 finished in 2.93s
2025-12-17T14:19:38Z INFO src.train Train Epoch: 155[0/2002(0%)]Loss: 0.196252
2025-12-17T14:19:41Z INFO src.train Epoch 155 finished in 2.90s
2025-12-17T14:19:41Z INFO src.train Train Epoch: 156[0/2002(0%)]Loss: 0.301585
2025-12-17T14:19:44Z INFO src.train Epoch 156 finished in 2.88s
2025-12-17T14:19:44Z INFO src.train Train Epoch: 157[0/2002(0%)]Loss: 0.376521
2025-12-17T14:19:47Z INFO src.train Epoch 157 finished in 2.87s
2025-12-17T14:19:47Z INFO src.train Train Epoch: 158[0/2002(0%)]Loss: 0.266021
2025-12-17T14:19:49Z INFO src.train Epoch 158 finished in 2.91s
2025-12-17T14:19:50Z INFO src.train Train Epoch: 159[0/2002(0%)]Loss: 0.141513
2025-12-17T14:19:52Z INFO src.train Epoch 159 finished in 2.88s
2025-12-17T14:19:52Z INFO src.train Train Epoch: 160[0/2002(0%)]Loss: 0.330646
2025-12-17T14:19:55Z INFO src.train Epoch 160 finished in 2.91s
2025-12-17T14:19:55Z INFO src.train Train Epoch: 161[0/2002(0%)]Loss: 0.270633
2025-12-17T14:19:58Z INFO src.train Epoch 161 finished in 2.94s
2025-12-17T14:19:58Z INFO src.train Train Epoch: 162[0/2002(0%)]Loss: 0.224293
2025-12-17T14:20:01Z INFO src.train Epoch 162 finished in 2.91s
2025-12-17T14:20:01Z INFO src.train Train Epoch: 163[0/2002(0%)]Loss: 0.240518
2025-12-17T14:20:04Z INFO src.train Epoch 163 finished in 2.89s
2025-12-17T14:20:04Z INFO src.train Train Epoch: 164[0/2002(0%)]Loss: 0.311091
2025-12-17T14:20:07Z INFO src.train Epoch 164 finished in 2.90s
2025-12-17T14:20:07Z INFO src.train Train Epoch: 165[0/2002(0%)]Loss: 0.151126
2025-12-17T14:20:10Z INFO src.train Epoch 165 finished in 2.95s
2025-12-17T14:20:10Z INFO src.train Train Epoch: 166[0/2002(0%)]Loss: 0.231422
2025-12-17T14:20:13Z INFO src.train Epoch 166 finished in 2.90s
2025-12-17T14:20:13Z INFO src.train Train Epoch: 167[0/2002(0%)]Loss: 0.306834
2025-12-17T14:20:16Z INFO src.train Epoch 167 finished in 2.97s
2025-12-17T14:20:16Z INFO src.train Train Epoch: 168[0/2002(0%)]Loss: 0.381419
2025-12-17T14:20:19Z INFO src.train Epoch 168 finished in 2.88s
2025-12-17T14:20:19Z INFO src.train Train Epoch: 169[0/2002(0%)]Loss: 0.332351
2025-12-17T14:20:21Z INFO src.train Epoch 169 finished in 2.81s
2025-12-17T14:20:22Z INFO src.train Train Epoch: 170[0/2002(0%)]Loss: 0.093945
2025-12-17T14:20:24Z INFO src.train Epoch 170 finished in 2.54s
2025-12-17T14:20:24Z INFO src.train Train Epoch: 171[0/2002(0%)]Loss: 0.204484
2025-12-17T14:20:27Z INFO src.train Epoch 171 finished in 2.71s
2025-12-17T14:20:27Z INFO src.train Train Epoch: 172[0/2002(0%)]Loss: 0.281113
2025-12-17T14:20:29Z INFO src.train Epoch 172 finished in 2.80s
2025-12-17T14:20:30Z INFO src.train Train Epoch: 173[0/2002(0%)]Loss: 0.319733
2025-12-17T14:20:32Z INFO src.train Epoch 173 finished in 2.65s
2025-12-17T14:20:32Z INFO src.train Train Epoch: 174[0/2002(0%)]Loss: 0.250421
2025-12-17T14:20:35Z INFO src.train Epoch 174 finished in 2.69s
2025-12-17T14:20:35Z INFO src.train Train Epoch: 175[0/2002(0%)]Loss: 0.254593
2025-12-17T14:20:38Z INFO src.train Epoch 175 finished in 3.03s
2025-12-17T14:20:38Z INFO src.train Train Epoch: 176[0/2002(0%)]Loss: 0.261108
2025-12-17T14:20:41Z INFO src.train Epoch 176 finished in 3.46s
2025-12-17T14:20:41Z INFO src.train Train Epoch: 177[0/2002(0%)]Loss: 0.248519
2025-12-17T14:20:44Z INFO src.train Epoch 177 finished in 3.21s
2025-12-17T14:20:45Z INFO src.train Train Epoch: 178[0/2002(0%)]Loss: 0.130650
2025-12-17T14:20:48Z INFO src.train Epoch 178 finished in 3.21s
2025-12-17T14:20:48Z INFO src.train Train Epoch: 179[0/2002(0%)]Loss: 0.237310
2025-12-17T14:20:51Z INFO src.train Epoch 179 finished in 3.15s
2025-12-17T14:20:51Z INFO src.train Train Epoch: 180[0/2002(0%)]Loss: 0.261513
2025-12-17T14:20:54Z INFO src.train Epoch 180 finished in 3.04s
2025-12-17T14:20:54Z INFO src.train Train Epoch: 181[0/2002(0%)]Loss: 0.425198
2025-12-17T14:20:57Z INFO src.train Epoch 181 finished in 3.00s
2025-12-17T14:20:57Z INFO src.train Train Epoch: 182[0/2002(0%)]Loss: 0.272445
2025-12-17T14:21:00Z INFO src.train Epoch 182 finished in 3.02s
2025-12-17T14:21:00Z INFO src.train Train Epoch: 183[0/2002(0%)]Loss: 0.224853
2025-12-17T14:21:03Z INFO src.train Epoch 183 finished in 3.05s
2025-12-17T14:21:03Z INFO src.train Train Epoch: 184[0/2002(0%)]Loss: 0.268995
2025-12-17T14:21:06Z INFO src.train Epoch 184 finished in 3.04s
2025-12-17T14:21:06Z INFO src.train Train Epoch: 185[0/2002(0%)]Loss: 0.225056
2025-12-17T14:21:09Z INFO src.train Epoch 185 finished in 3.05s
2025-12-17T14:21:09Z INFO src.train Train Epoch: 186[0/2002(0%)]Loss: 0.342926
2025-12-17T14:21:12Z INFO src.train Epoch 186 finished in 3.01s
2025-12-17T14:21:12Z INFO src.train Train Epoch: 187[0/2002(0%)]Loss: 0.134458
2025-12-17T14:21:15Z INFO src.train Epoch 187 finished in 3.05s
2025-12-17T14:21:15Z INFO src.train Train Epoch: 188[0/2002(0%)]Loss: 0.164855
2025-12-17T14:21:18Z INFO src.train Epoch 188 finished in 3.04s
2025-12-17T14:21:18Z INFO src.train Train Epoch: 189[0/2002(0%)]Loss: 0.110396
2025-12-17T14:21:21Z INFO src.train Epoch 189 finished in 3.01s
2025-12-17T14:21:21Z INFO src.train Train Epoch: 190[0/2002(0%)]Loss: 0.197977
2025-12-17T14:21:24Z INFO src.train Epoch 190 finished in 3.04s
2025-12-17T14:21:24Z INFO src.train Train Epoch: 191[0/2002(0%)]Loss: 0.150741
2025-12-17T14:21:27Z INFO src.train Epoch 191 finished in 3.04s
2025-12-17T14:21:27Z INFO src.train Train Epoch: 192[0/2002(0%)]Loss: 0.142000
2025-12-17T14:21:30Z INFO src.train Epoch 192 finished in 3.04s
2025-12-17T14:21:30Z INFO src.train Train Epoch: 193[0/2002(0%)]Loss: 0.208175
2025-12-17T14:21:33Z INFO src.train Epoch 193 finished in 3.03s
2025-12-17T14:21:33Z INFO src.train Train Epoch: 194[0/2002(0%)]Loss: 0.163625
2025-12-17T14:21:36Z INFO src.train Epoch 194 finished in 3.04s
2025-12-17T14:21:36Z INFO src.train Train Epoch: 195[0/2002(0%)]Loss: 0.123481
2025-12-17T14:21:39Z INFO src.train Epoch 195 finished in 3.03s
2025-12-17T14:21:40Z INFO src.train Train Epoch: 196[0/2002(0%)]Loss: 0.145624
2025-12-17T14:21:42Z INFO src.train Epoch 196 finished in 3.04s
2025-12-17T14:21:43Z INFO src.train Train Epoch: 197[0/2002(0%)]Loss: 0.351768
2025-12-17T14:21:45Z INFO src.train Epoch 197 finished in 3.04s
2025-12-17T14:21:46Z INFO src.train Train Epoch: 198[0/2002(0%)]Loss: 0.178083
2025-12-17T14:21:49Z INFO src.train Epoch 198 finished in 3.03s
2025-12-17T14:21:49Z INFO src.train Train Epoch: 199[0/2002(0%)]Loss: 0.455847
2025-12-17T14:21:52Z INFO src.train Epoch 199 finished in 3.03s
2025-12-17T14:21:52Z INFO src.train Train Epoch: 200[0/2002(0%)]Loss: 0.195511
2025-12-17T14:21:55Z INFO src.train Epoch 200 finished in 3.03s
2025-12-17T14:21:55Z INFO src.train Refernce Model saved to: C:\Users\Dominic\Documents\ResearchProject\results\models\cnn_mnist_2025-12-17_14-12-08.pt
2025-12-17T14:21:55Z INFO src.evaluation.evaluate_model Starting evaluation: Baseline Float32
2025-12-17T14:21:55Z INFO src.evaluation.evaluate_model Evaluation Result [Baseline Float32] - Acc: 84.23% | Loss: 2.9797 | Time: 0.8087s
2025-12-17T14:21:55Z INFO Experiment Applying 8-bit Affine Quantization... (Simulated)
2025-12-17T14:21:55Z DEBUG Experiment Quantization layer (affine): conv1
2025-12-17T14:21:55Z DEBUG src.quantizer Affine Quantization: Min=-0.290853, Max=0.289680, Scale=0.00227660, Zero Point:128
2025-12-17T14:21:55Z DEBUG Experiment Quantization layer (affine): conv2
2025-12-17T14:21:55Z DEBUG src.quantizer Affine Quantization: Min=-0.382036, Max=0.320508, Scale=0.00275507, Zero Point:139
2025-12-17T14:21:55Z DEBUG Experiment Quantization layer (affine): conv3
2025-12-17T14:21:55Z DEBUG src.quantizer Affine Quantization: Min=-0.417562, Max=0.368208, Scale=0.00308145, Zero Point:136
2025-12-17T14:21:55Z DEBUG Experiment Quantization layer (affine): conv4
2025-12-17T14:21:55Z DEBUG src.quantizer Affine Quantization: Min=-0.394607, Max=0.340310, Scale=0.00288203, Zero Point:137
2025-12-17T14:21:55Z DEBUG Experiment Quantization layer (affine): fc1
2025-12-17T14:21:55Z DEBUG src.quantizer Affine Quantization: Min=-0.686192, Max=0.249269, Scale=0.00366847, Zero Point:187
2025-12-17T14:21:55Z DEBUG Experiment Quantization layer (affine): fc2
2025-12-17T14:21:55Z DEBUG src.quantizer Affine Quantization: Min=-0.854086, Max=0.210043, Scale=0.00417306, Zero Point:205
2025-12-17T14:21:55Z INFO src.evaluation.evaluate_model Starting evaluation: Simulated Affine 8-bit
2025-12-17T14:21:56Z INFO src.evaluation.evaluate_model Evaluation Result [Simulated Affine 8-bit] - Acc: 83.63% | Loss: 2.9344 | Time: 0.7107s
2025-12-17T14:21:56Z INFO Experiment Applying 8-bit Symmetric Quantization... (Simulated)
2025-12-17T14:21:56Z DEBUG Experiment Quantizing layer (symmetric): conv1
2025-12-17T14:21:56Z DEBUG src.quantizer Symmetric Quantization: Max value=0.2909, Scale=0.002290, Range=[-127, 127]
2025-12-17T14:21:56Z DEBUG Experiment Quantizing layer (symmetric): conv2
2025-12-17T14:21:56Z DEBUG src.quantizer Symmetric Quantization: Max value=0.3820, Scale=0.003008, Range=[-127, 127]
2025-12-17T14:21:56Z DEBUG Experiment Quantizing layer (symmetric): conv3
2025-12-17T14:21:56Z DEBUG src.quantizer Symmetric Quantization: Max value=0.4176, Scale=0.003288, Range=[-127, 127]
2025-12-17T14:21:56Z DEBUG Experiment Quantizing layer (symmetric): conv4
2025-12-17T14:21:56Z DEBUG src.quantizer Symmetric Quantization: Max value=0.3946, Scale=0.003107, Range=[-127, 127]
2025-12-17T14:21:56Z DEBUG Experiment Quantizing layer (symmetric): fc1
2025-12-17T14:21:56Z DEBUG src.quantizer Symmetric Quantization: Max value=0.6862, Scale=0.005403, Range=[-127, 127]
2025-12-17T14:21:56Z DEBUG Experiment Quantizing layer (symmetric): fc2
2025-12-17T14:21:56Z DEBUG src.quantizer Symmetric Quantization: Max value=0.8541, Scale=0.006725, Range=[-127, 127]
2025-12-17T14:21:56Z INFO src.evaluation.evaluate_model Starting evaluation: Simulated Symmetric 8-bit
2025-12-17T14:21:57Z INFO src.evaluation.evaluate_model Evaluation Result [Simulated Symmetric 8-bit] - Acc: 83.83% | Loss: 3.1506 | Time: 0.7182s
2025-12-17T14:21:57Z INFO Experiment Starting Actual Storage Quantization (Int8)..
2025-12-17T14:21:57Z INFO Experiment Model layers replaced with Quantizable versions
2025-12-17T14:21:57Z DEBUG src.layers Quantizing layer (storage): affine 8-bit
2025-12-17T14:21:57Z DEBUG src.quantizer Affine Quantization: Min=-0.290853, Max=0.289680, Scale=0.00227660, Zero Point:128
2025-12-17T14:21:57Z DEBUG src.layers Quantizing layer (storage): affine 8-bit
2025-12-17T14:21:57Z DEBUG src.quantizer Affine Quantization: Min=-0.382036, Max=0.320508, Scale=0.00275507, Zero Point:139
2025-12-17T14:21:57Z DEBUG src.layers Quantizing layer (storage): affine 8-bit
2025-12-17T14:21:57Z DEBUG src.quantizer Affine Quantization: Min=-0.417562, Max=0.368208, Scale=0.00308145, Zero Point:136
2025-12-17T14:21:57Z DEBUG src.layers Quantizing layer (storage): affine 8-bit
2025-12-17T14:21:57Z DEBUG src.quantizer Affine Quantization: Min=-0.394607, Max=0.340310, Scale=0.00288203, Zero Point:137
2025-12-17T14:21:57Z DEBUG src.layers Quantizing layer (storage): affine 8-bit
2025-12-17T14:21:57Z DEBUG src.quantizer Affine Quantization: Min=-0.686192, Max=0.249269, Scale=0.00366847, Zero Point:187
2025-12-17T14:21:57Z DEBUG src.layers Quantizing layer (storage): affine 8-bit
2025-12-17T14:21:57Z DEBUG src.quantizer Affine Quantization: Min=-0.854086, Max=0.210043, Scale=0.00417306, Zero Point:205
2025-12-17T14:21:57Z INFO Experiment Calibrating activations for quantized model (using train set subset)...
2025-12-17T14:21:57Z INFO src.layers Calibrating with 50 batches...
2025-12-17T14:22:03Z INFO src.layers Activation calibration finished for quantizable layers
2025-12-17T14:22:03Z INFO Experiment Saving quantized model to: C:\Users\Dominic\Documents\ResearchProject\results\quantized_models\cnn_mnist_quantized2025-12-17_14-12-08.pt
2025-12-17T14:22:03Z INFO Experiment Original Size: 9217.82 KB
2025-12-17T14:22:03Z INFO Experiment Quantized Size: 2322.20 KB
2025-12-17T14:22:03Z INFO Experiment Reduction: 74.81%
2025-12-17T14:22:03Z INFO src.evaluation.evaluate_model Starting evaluation: Storage Quantization (Int8)
2025-12-17T14:22:04Z INFO src.evaluation.evaluate_model Evaluation Result [Storage Quantization (Int8)] - Acc: 45.11% | Loss: 7.4004 | Time: 0.9129s
2025-12-17T14:22:04Z INFO Experiment Computing per-layer weight MSE between float model and quantized storage model...
2025-12-17T14:22:04Z INFO Experiment Running per-layer sensitivity analysis (quantize one layer at a time)
2025-12-17T14:22:04Z INFO src.utility.utils Starting Sensitivity Analysis on 6 layers...
2025-12-17T14:22:04Z DEBUG src.layers Quantizing layer (storage): affine 8-bit
2025-12-17T14:22:04Z DEBUG src.quantizer Affine Quantization: Min=-0.290853, Max=0.289680, Scale=0.00227660, Zero Point:128
2025-12-17T14:22:04Z INFO src.layers Calibrating with 10 batches...
2025-12-17T14:22:06Z INFO src.layers Activation calibration finished for quantizable layers
2025-12-17T14:22:06Z INFO src.evaluation.evaluate_model Starting evaluation: Sensitivity: conv1
2025-12-17T14:22:07Z INFO src.evaluation.evaluate_model Evaluation Result [Sensitivity: conv1] - Acc: 53.09% | Loss: 5.1524 | Time: 0.8178s
2025-12-17T14:22:07Z DEBUG src.layers Quantizing layer (storage): affine 8-bit
2025-12-17T14:22:07Z DEBUG src.quantizer Affine Quantization: Min=-0.382036, Max=0.320508, Scale=0.00275507, Zero Point:139
2025-12-17T14:22:07Z INFO src.layers Calibrating with 10 batches...
2025-12-17T14:22:09Z INFO src.layers Activation calibration finished for quantizable layers
2025-12-17T14:22:09Z INFO src.evaluation.evaluate_model Starting evaluation: Sensitivity: conv2
2025-12-17T14:22:10Z INFO src.evaluation.evaluate_model Evaluation Result [Sensitivity: conv2] - Acc: 83.23% | Loss: 2.9302 | Time: 0.9771s
2025-12-17T14:22:10Z DEBUG src.layers Quantizing layer (storage): affine 8-bit
2025-12-17T14:22:10Z DEBUG src.quantizer Affine Quantization: Min=-0.417562, Max=0.368208, Scale=0.00308145, Zero Point:136
2025-12-17T14:22:10Z INFO src.layers Calibrating with 10 batches...
2025-12-17T14:22:12Z INFO src.layers Activation calibration finished for quantizable layers
2025-12-17T14:22:12Z INFO src.evaluation.evaluate_model Starting evaluation: Sensitivity: conv3
2025-12-17T14:22:12Z INFO src.evaluation.evaluate_model Evaluation Result [Sensitivity: conv3] - Acc: 83.43% | Loss: 2.8897 | Time: 0.8069s
2025-12-17T14:22:12Z DEBUG src.layers Quantizing layer (storage): affine 8-bit
2025-12-17T14:22:12Z DEBUG src.quantizer Affine Quantization: Min=-0.394607, Max=0.340310, Scale=0.00288203, Zero Point:137
2025-12-17T14:22:13Z INFO src.layers Calibrating with 10 batches...
2025-12-17T14:22:14Z INFO src.layers Activation calibration finished for quantizable layers
2025-12-17T14:22:14Z INFO src.evaluation.evaluate_model Starting evaluation: Sensitivity: conv4
2025-12-17T14:22:15Z INFO src.evaluation.evaluate_model Evaluation Result [Sensitivity: conv4] - Acc: 82.63% | Loss: 3.1623 | Time: 1.0046s
2025-12-17T14:22:15Z DEBUG src.layers Quantizing layer (storage): affine 8-bit
2025-12-17T14:22:15Z DEBUG src.quantizer Affine Quantization: Min=-0.686192, Max=0.249269, Scale=0.00366847, Zero Point:187
2025-12-17T14:22:15Z INFO src.layers Calibrating with 10 batches...
2025-12-17T14:22:17Z INFO src.layers Activation calibration finished for quantizable layers
2025-12-17T14:22:17Z INFO src.evaluation.evaluate_model Starting evaluation: Sensitivity: fc1
2025-12-17T14:22:18Z INFO src.evaluation.evaluate_model Evaluation Result [Sensitivity: fc1] - Acc: 83.03% | Loss: 3.1901 | Time: 0.8999s
2025-12-17T14:22:18Z DEBUG src.layers Quantizing layer (storage): affine 8-bit
2025-12-17T14:22:18Z DEBUG src.quantizer Affine Quantization: Min=-0.854086, Max=0.210043, Scale=0.00417306, Zero Point:205
2025-12-17T14:22:18Z INFO src.layers Calibrating with 10 batches...
2025-12-17T14:22:20Z INFO src.layers Activation calibration finished for quantizable layers
2025-12-17T14:22:20Z INFO src.evaluation.evaluate_model Starting evaluation: Sensitivity: fc2
2025-12-17T14:22:21Z INFO src.evaluation.evaluate_model Evaluation Result [Sensitivity: fc2] - Acc: 83.83% | Loss: 3.0224 | Time: 0.9023s
2025-12-17T14:22:21Z INFO Experiment Experiment finished. Summary: 
==========================================
         Result Report                      
==========================================
Model Size (Float32):   9.00 MB
Theor. Size (Int8):      2.25 MB
------------------------------------------
Accuracy Float32:         84.23%
Accuracy Affine:        83.63%
Accuracy Symmetric:       83.83%
==========================================
