2025-12-17T13:45:40Z INFO Experiment Config: Using NVIDIA GPU (NVIDIA GeForce RTX 4070 Ti SUPER)
2025-12-17T13:45:40Z INFO Experiment Initializing Data Loaders...
2025-12-17T13:45:40Z WARNING Experiment Model not found at C:\Users\Dominic\Documents\ResearchProject\results\models\cnn_mnist_2025-12-17_13-45-39.pt. Training new model.
2025-12-17T13:45:40Z INFO src.train Starting Training on Device: cuda
2025-12-17T13:45:40Z INFO src.train Train Epoch: 1[0/2002(0%)]Loss: 6.791574
2025-12-17T13:45:43Z INFO src.train Epoch 1 finished in 2.56s
2025-12-17T13:45:43Z INFO src.train Train Epoch: 2[0/2002(0%)]Loss: 6.792714
2025-12-17T13:45:45Z INFO src.train Epoch 2 finished in 2.38s
2025-12-17T13:45:45Z INFO src.train Train Epoch: 3[0/2002(0%)]Loss: 6.651985
2025-12-17T13:45:47Z INFO src.train Epoch 3 finished in 2.31s
2025-12-17T13:45:47Z INFO src.train Train Epoch: 4[0/2002(0%)]Loss: 6.018149
2025-12-17T13:45:50Z INFO src.train Epoch 4 finished in 2.32s
2025-12-17T13:45:50Z INFO src.train Train Epoch: 5[0/2002(0%)]Loss: 4.398237
2025-12-17T13:45:52Z INFO src.train Epoch 5 finished in 2.32s
2025-12-17T13:45:52Z INFO src.train Train Epoch: 6[0/2002(0%)]Loss: 2.180921
2025-12-17T13:45:55Z INFO src.train Epoch 6 finished in 2.55s
2025-12-17T13:45:55Z INFO src.train Train Epoch: 7[0/2002(0%)]Loss: 0.292302
2025-12-17T13:45:57Z INFO src.train Epoch 7 finished in 2.54s
2025-12-17T13:45:57Z INFO src.train Train Epoch: 8[0/2002(0%)]Loss: 0.115810
2025-12-17T13:46:00Z INFO src.train Epoch 8 finished in 2.53s
2025-12-17T13:46:00Z INFO src.train Train Epoch: 9[0/2002(0%)]Loss: 0.100131
2025-12-17T13:46:02Z INFO src.train Epoch 9 finished in 2.53s
2025-12-17T13:46:02Z INFO src.train Train Epoch: 10[0/2002(0%)]Loss: 0.020093
2025-12-17T13:46:05Z INFO src.train Epoch 10 finished in 2.51s
2025-12-17T13:46:05Z INFO src.train Train Epoch: 11[0/2002(0%)]Loss: 0.018298
2025-12-17T13:46:07Z INFO src.train Epoch 11 finished in 2.59s
2025-12-17T13:46:07Z INFO src.train Train Epoch: 12[0/2002(0%)]Loss: 0.015956
2025-12-17T13:46:10Z INFO src.train Epoch 12 finished in 2.59s
2025-12-17T13:46:10Z INFO src.train Train Epoch: 13[0/2002(0%)]Loss: 0.014681
2025-12-17T13:46:12Z INFO src.train Epoch 13 finished in 2.60s
2025-12-17T13:46:13Z INFO src.train Train Epoch: 14[0/2002(0%)]Loss: 0.013154
2025-12-17T13:46:15Z INFO src.train Epoch 14 finished in 2.58s
2025-12-17T13:46:15Z INFO src.train Train Epoch: 15[0/2002(0%)]Loss: 0.003013
2025-12-17T13:46:18Z INFO src.train Epoch 15 finished in 2.56s
2025-12-17T13:46:18Z INFO src.train Train Epoch: 16[0/2002(0%)]Loss: 0.008044
2025-12-17T13:46:20Z INFO src.train Epoch 16 finished in 2.55s
2025-12-17T13:46:20Z INFO src.train Train Epoch: 17[0/2002(0%)]Loss: 0.004938
2025-12-17T13:46:23Z INFO src.train Epoch 17 finished in 2.55s
2025-12-17T13:46:23Z INFO src.train Train Epoch: 18[0/2002(0%)]Loss: 0.003482
2025-12-17T13:46:25Z INFO src.train Epoch 18 finished in 2.52s
2025-12-17T13:46:25Z INFO src.train Train Epoch: 19[0/2002(0%)]Loss: 0.002628
2025-12-17T13:46:28Z INFO src.train Epoch 19 finished in 2.48s
2025-12-17T13:46:28Z INFO src.train Train Epoch: 20[0/2002(0%)]Loss: 0.002978
2025-12-17T13:46:30Z INFO src.train Epoch 20 finished in 2.45s
2025-12-17T13:46:30Z INFO src.train Train Epoch: 21[0/2002(0%)]Loss: 0.002591
2025-12-17T13:46:33Z INFO src.train Epoch 21 finished in 2.43s
2025-12-17T13:46:33Z INFO src.train Train Epoch: 22[0/2002(0%)]Loss: 0.001204
2025-12-17T13:46:35Z INFO src.train Epoch 22 finished in 2.42s
2025-12-17T13:46:35Z INFO src.train Train Epoch: 23[0/2002(0%)]Loss: 0.159560
2025-12-17T13:46:37Z INFO src.train Epoch 23 finished in 2.46s
2025-12-17T13:46:38Z INFO src.train Train Epoch: 24[0/2002(0%)]Loss: 0.028376
2025-12-17T13:46:40Z INFO src.train Epoch 24 finished in 2.46s
2025-12-17T13:46:40Z INFO src.train Train Epoch: 25[0/2002(0%)]Loss: 0.005423
2025-12-17T13:46:42Z INFO src.train Epoch 25 finished in 2.45s
2025-12-17T13:46:42Z INFO src.train Train Epoch: 26[0/2002(0%)]Loss: 0.004908
2025-12-17T13:46:45Z INFO src.train Epoch 26 finished in 2.43s
2025-12-17T13:46:45Z INFO src.train Train Epoch: 27[0/2002(0%)]Loss: 0.004910
2025-12-17T13:46:47Z INFO src.train Epoch 27 finished in 2.46s
2025-12-17T13:46:47Z INFO src.train Train Epoch: 28[0/2002(0%)]Loss: 0.001893
2025-12-17T13:46:50Z INFO src.train Epoch 28 finished in 2.45s
2025-12-17T13:46:50Z INFO src.train Train Epoch: 29[0/2002(0%)]Loss: 0.009203
2025-12-17T13:46:52Z INFO src.train Epoch 29 finished in 2.51s
2025-12-17T13:46:52Z INFO src.train Train Epoch: 30[0/2002(0%)]Loss: 0.005025
2025-12-17T13:46:55Z INFO src.train Epoch 30 finished in 2.51s
2025-12-17T13:46:55Z INFO src.train Train Epoch: 31[0/2002(0%)]Loss: 0.002329
2025-12-17T13:46:57Z INFO src.train Epoch 31 finished in 2.51s
2025-12-17T13:46:57Z INFO src.train Train Epoch: 32[0/2002(0%)]Loss: 0.008014
2025-12-17T13:47:00Z INFO src.train Epoch 32 finished in 2.58s
2025-12-17T13:47:00Z INFO src.train Train Epoch: 33[0/2002(0%)]Loss: 0.003343
2025-12-17T13:47:02Z INFO src.train Epoch 33 finished in 2.55s
2025-12-17T13:47:02Z INFO src.train Train Epoch: 34[0/2002(0%)]Loss: 0.001392
2025-12-17T13:47:05Z INFO src.train Epoch 34 finished in 2.58s
2025-12-17T13:47:05Z INFO src.train Train Epoch: 35[0/2002(0%)]Loss: 0.001280
2025-12-17T13:47:07Z INFO src.train Epoch 35 finished in 2.58s
2025-12-17T13:47:08Z INFO src.train Train Epoch: 36[0/2002(0%)]Loss: 0.001512
2025-12-17T13:47:10Z INFO src.train Epoch 36 finished in 2.55s
2025-12-17T13:47:10Z INFO src.train Train Epoch: 37[0/2002(0%)]Loss: 0.016685
2025-12-17T13:47:13Z INFO src.train Epoch 37 finished in 2.52s
2025-12-17T13:47:13Z INFO src.train Train Epoch: 38[0/2002(0%)]Loss: 0.001935
2025-12-17T13:47:15Z INFO src.train Epoch 38 finished in 2.47s
2025-12-17T13:47:15Z INFO src.train Train Epoch: 39[0/2002(0%)]Loss: 0.001247
2025-12-17T13:47:18Z INFO src.train Epoch 39 finished in 2.52s
2025-12-17T13:47:18Z INFO src.train Train Epoch: 40[0/2002(0%)]Loss: 0.015017
2025-12-17T13:47:20Z INFO src.train Epoch 40 finished in 2.57s
2025-12-17T13:47:20Z INFO src.train Train Epoch: 41[0/2002(0%)]Loss: 0.001614
2025-12-17T13:47:23Z INFO src.train Epoch 41 finished in 2.52s
2025-12-17T13:47:23Z INFO src.train Train Epoch: 42[0/2002(0%)]Loss: 0.001990
2025-12-17T13:47:25Z INFO src.train Epoch 42 finished in 2.53s
2025-12-17T13:47:25Z INFO src.train Train Epoch: 43[0/2002(0%)]Loss: 0.078869
2025-12-17T13:47:28Z INFO src.train Epoch 43 finished in 2.49s
2025-12-17T13:47:28Z INFO src.train Train Epoch: 44[0/2002(0%)]Loss: 0.000828
2025-12-17T13:47:30Z INFO src.train Epoch 44 finished in 2.44s
2025-12-17T13:47:30Z INFO src.train Train Epoch: 45[0/2002(0%)]Loss: 0.001369
2025-12-17T13:47:33Z INFO src.train Epoch 45 finished in 2.42s
2025-12-17T13:47:33Z INFO src.train Train Epoch: 46[0/2002(0%)]Loss: 0.011450
2025-12-17T13:47:35Z INFO src.train Epoch 46 finished in 2.42s
2025-12-17T13:47:35Z INFO src.train Train Epoch: 47[0/2002(0%)]Loss: 0.018843
2025-12-17T13:47:37Z INFO src.train Epoch 47 finished in 2.42s
2025-12-17T13:47:37Z INFO src.train Train Epoch: 48[0/2002(0%)]Loss: 0.000501
2025-12-17T13:47:40Z INFO src.train Epoch 48 finished in 2.38s
2025-12-17T13:47:40Z INFO src.train Train Epoch: 49[0/2002(0%)]Loss: 0.004775
2025-12-17T13:47:42Z INFO src.train Epoch 49 finished in 2.45s
2025-12-17T13:47:42Z INFO src.train Train Epoch: 50[0/2002(0%)]Loss: 0.001405
2025-12-17T13:47:45Z INFO src.train Epoch 50 finished in 2.40s
2025-12-17T13:47:45Z INFO src.train Refernce Model saved to: C:\Users\Dominic\Documents\ResearchProject\results\models\cnn_mnist_2025-12-17_13-45-39.pt
2025-12-17T13:47:45Z INFO src.evaluation.evaluate_model Starting evaluation: Baseline Float32
2025-12-17T13:47:45Z INFO src.evaluation.evaluate_model Evaluation Result [Baseline Float32] - Acc: 84.23% | Loss: 1.5723 | Time: 0.5804s
2025-12-17T13:47:45Z INFO Experiment Applying 8-bit Affine Quantization... (Simulated)
2025-12-17T13:47:45Z DEBUG Experiment Quantization layer (affine): conv1
2025-12-17T13:47:45Z DEBUG src.quantizer Affine Quantization: Min=-0.296234, Max=0.302611, Scale=0.00234841, Zero Point:126
2025-12-17T13:47:45Z DEBUG Experiment Quantization layer (affine): conv2
2025-12-17T13:47:45Z DEBUG src.quantizer Affine Quantization: Min=-0.203472, Max=0.182830, Scale=0.00151491, Zero Point:134
2025-12-17T13:47:46Z DEBUG Experiment Quantization layer (affine): fc1
2025-12-17T13:47:46Z DEBUG src.quantizer Affine Quantization: Min=-0.104915, Max=0.097382, Scale=0.00079332, Zero Point:132
2025-12-17T13:47:46Z DEBUG Experiment Quantization layer (affine): fc2
2025-12-17T13:47:46Z DEBUG src.quantizer Affine Quantization: Min=-0.182134, Max=0.070551, Scale=0.00099092, Zero Point:184
2025-12-17T13:47:46Z INFO src.evaluation.evaluate_model Starting evaluation: Simulated Affine 8-bit
2025-12-17T13:47:46Z INFO src.evaluation.evaluate_model Evaluation Result [Simulated Affine 8-bit] - Acc: 84.43% | Loss: 1.5732 | Time: 0.5470s
2025-12-17T13:47:46Z INFO Experiment Applying 8-bit Symmetric Quantization... (Simulated)
2025-12-17T13:47:46Z DEBUG Experiment Quantizing layer (symmetric): conv1
2025-12-17T13:47:46Z DEBUG src.quantizer Symmetric Quantization: Max value=0.3026, Scale=0.002383, Range=[-127, 127]
2025-12-17T13:47:46Z DEBUG Experiment Quantizing layer (symmetric): conv2
2025-12-17T13:47:46Z DEBUG src.quantizer Symmetric Quantization: Max value=0.2035, Scale=0.001602, Range=[-127, 127]
2025-12-17T13:47:46Z DEBUG Experiment Quantizing layer (symmetric): fc1
2025-12-17T13:47:46Z DEBUG src.quantizer Symmetric Quantization: Max value=0.1049, Scale=0.000826, Range=[-127, 127]
2025-12-17T13:47:46Z DEBUG Experiment Quantizing layer (symmetric): fc2
2025-12-17T13:47:46Z DEBUG src.quantizer Symmetric Quantization: Max value=0.1821, Scale=0.001434, Range=[-127, 127]
2025-12-17T13:47:46Z INFO src.evaluation.evaluate_model Starting evaluation: Simulated Symmetric 8-bit
2025-12-17T13:47:47Z INFO src.evaluation.evaluate_model Evaluation Result [Simulated Symmetric 8-bit] - Acc: 84.23% | Loss: 1.5717 | Time: 0.5451s
2025-12-17T13:47:47Z INFO Experiment Starting Actual Storage Quantization (Int8)..
2025-12-17T13:47:47Z INFO Experiment Model layers replaced with Quantizable versions
2025-12-17T13:47:47Z DEBUG src.layers Quantizing layer (storage): affine 8-bit
2025-12-17T13:47:47Z DEBUG src.quantizer Affine Quantization: Min=-0.296234, Max=0.302611, Scale=0.00234841, Zero Point:126
2025-12-17T13:47:47Z DEBUG src.layers Quantizing layer (storage): affine 8-bit
2025-12-17T13:47:47Z DEBUG src.quantizer Affine Quantization: Min=-0.203472, Max=0.182830, Scale=0.00151491, Zero Point:134
2025-12-17T13:47:47Z DEBUG src.layers Quantizing layer (storage): affine 8-bit
2025-12-17T13:47:47Z DEBUG src.quantizer Affine Quantization: Min=-0.104915, Max=0.097382, Scale=0.00079332, Zero Point:132
2025-12-17T13:47:47Z DEBUG src.layers Quantizing layer (storage): affine 8-bit
2025-12-17T13:47:47Z DEBUG src.quantizer Affine Quantization: Min=-0.182134, Max=0.070551, Scale=0.00099092, Zero Point:184
2025-12-17T13:47:47Z INFO Experiment Calibrating activations for quantized model (using train set subset)...
2025-12-17T13:47:47Z INFO src.layers Calibrating with 50 batches...
2025-12-17T13:47:52Z INFO src.layers Activation calibration finished for quantizable layers
2025-12-17T13:47:52Z INFO Experiment Saving quantized model to: C:\Users\Dominic\Documents\ResearchProject\results\quantized_models\cnn_mnist_quantized2025-12-17_13-45-39.pt
2025-12-17T13:47:52Z INFO Experiment Original Size: 234079.19 KB
2025-12-17T13:47:52Z INFO Experiment Quantized Size: 58533.18 KB
2025-12-17T13:47:52Z INFO Experiment Reduction: 74.99%
2025-12-17T13:47:52Z INFO src.evaluation.evaluate_model Starting evaluation: Storage Quantization (Int8)
2025-12-17T13:47:53Z INFO src.evaluation.evaluate_model Evaluation Result [Storage Quantization (Int8)] - Acc: 81.24% | Loss: 1.6735 | Time: 0.9442s
2025-12-17T13:47:53Z INFO Experiment Computing per-layer weight MSE between float model and quantized storage model...
2025-12-17T13:47:54Z INFO Experiment Running per-layer sensitivity analysis (quantize one layer at a time)
2025-12-17T13:47:54Z INFO src.utility.utils Starting Sensitivity Analysis on 4 layers...
2025-12-17T13:47:54Z DEBUG src.layers Quantizing layer (storage): affine 8-bit
2025-12-17T13:47:54Z DEBUG src.quantizer Affine Quantization: Min=-0.296234, Max=0.302611, Scale=0.00234841, Zero Point:126
2025-12-17T13:47:54Z INFO src.layers Calibrating with 10 batches...
2025-12-17T13:47:55Z INFO src.layers Activation calibration finished for quantizable layers
2025-12-17T13:47:55Z INFO src.evaluation.evaluate_model Starting evaluation: Sensitivity: conv1
2025-12-17T13:47:56Z INFO src.evaluation.evaluate_model Evaluation Result [Sensitivity: conv1] - Acc: 81.44% | Loss: 1.6565 | Time: 0.6016s
2025-12-17T13:47:56Z DEBUG src.layers Quantizing layer (storage): affine 8-bit
2025-12-17T13:47:56Z DEBUG src.quantizer Affine Quantization: Min=-0.203472, Max=0.182830, Scale=0.00151491, Zero Point:134
2025-12-17T13:47:56Z INFO src.layers Calibrating with 10 batches...
2025-12-17T13:47:57Z INFO src.layers Activation calibration finished for quantizable layers
2025-12-17T13:47:57Z INFO src.evaluation.evaluate_model Starting evaluation: Sensitivity: conv2
2025-12-17T13:47:58Z INFO src.evaluation.evaluate_model Evaluation Result [Sensitivity: conv2] - Acc: 84.23% | Loss: 1.5713 | Time: 0.7261s
2025-12-17T13:47:58Z DEBUG src.layers Quantizing layer (storage): affine 8-bit
2025-12-17T13:47:58Z DEBUG src.quantizer Affine Quantization: Min=-0.104915, Max=0.097382, Scale=0.00079332, Zero Point:132
2025-12-17T13:47:58Z INFO src.layers Calibrating with 10 batches...
2025-12-17T13:48:00Z INFO src.layers Activation calibration finished for quantizable layers
2025-12-17T13:48:00Z INFO src.evaluation.evaluate_model Starting evaluation: Sensitivity: fc1
2025-12-17T13:48:01Z INFO src.evaluation.evaluate_model Evaluation Result [Sensitivity: fc1] - Acc: 84.23% | Loss: 1.5656 | Time: 0.8263s
2025-12-17T13:48:01Z DEBUG src.layers Quantizing layer (storage): affine 8-bit
2025-12-17T13:48:01Z DEBUG src.quantizer Affine Quantization: Min=-0.182134, Max=0.070551, Scale=0.00099092, Zero Point:184
2025-12-17T13:48:01Z INFO src.layers Calibrating with 10 batches...
2025-12-17T13:48:02Z INFO src.layers Activation calibration finished for quantizable layers
2025-12-17T13:48:02Z INFO src.evaluation.evaluate_model Starting evaluation: Sensitivity: fc2
2025-12-17T13:48:03Z INFO src.evaluation.evaluate_model Evaluation Result [Sensitivity: fc2] - Acc: 84.43% | Loss: 1.5721 | Time: 0.6201s
2025-12-17T13:48:03Z INFO Experiment Experiment finished. Summary: 
==========================================
         Result Report                      
==========================================
Model Size (Float32):   228.59 MB
Theor. Size (Int8):      57.15 MB
------------------------------------------
Accuracy Float32:         84.23%
Accuracy Affine:        84.43%
Accuracy Symmetric:       84.23%
==========================================
