2025-12-12T16:05:20Z INFO Experiment Config: Using CPU
2025-12-12T16:05:20Z INFO Experiment Initializing Data Loaders...
2025-12-12T16:05:20Z WARNING Experiment Model not found at C:\Users\Dominic\Documents\ResearchProject\results\models\cnn_mnist_2025-12-12_16-05-19.pt. Training new model.
2025-12-12T16:05:20Z INFO src.train Starting Training on Device: cpu
2025-12-12T16:05:20Z INFO src.train Train Epoch: 1[0/60000(0%)]Loss: 2.323569
2025-12-12T16:05:22Z INFO src.train Train Epoch: 1[6400/60000(11%)]Loss: 0.359939
2025-12-12T16:05:25Z INFO src.train Train Epoch: 1[12800/60000(21%)]Loss: 0.090594
2025-12-12T16:05:27Z INFO src.train Train Epoch: 1[19200/60000(32%)]Loss: 0.204315
2025-12-12T16:05:29Z INFO src.train Train Epoch: 1[25600/60000(43%)]Loss: 0.083930
2025-12-12T16:05:31Z INFO src.train Train Epoch: 1[32000/60000(53%)]Loss: 0.211023
2025-12-12T16:05:33Z INFO src.train Train Epoch: 1[38400/60000(64%)]Loss: 0.100444
2025-12-12T16:05:36Z INFO src.train Train Epoch: 1[44800/60000(75%)]Loss: 0.120942
2025-12-12T16:05:38Z INFO src.train Train Epoch: 1[51200/60000(85%)]Loss: 0.071658
2025-12-12T16:05:40Z INFO src.train Train Epoch: 1[57600/60000(96%)]Loss: 0.066942
2025-12-12T16:05:41Z INFO src.train Epoch 1 finished in 20.74s
2025-12-12T16:05:41Z INFO src.train Train Epoch: 2[0/60000(0%)]Loss: 0.055669
2025-12-12T16:05:43Z INFO src.train Train Epoch: 2[6400/60000(11%)]Loss: 0.057540
2025-12-12T16:05:45Z INFO src.train Train Epoch: 2[12800/60000(21%)]Loss: 0.156301
2025-12-12T16:05:48Z INFO src.train Train Epoch: 2[19200/60000(32%)]Loss: 0.126425
2025-12-12T16:05:50Z INFO src.train Train Epoch: 2[25600/60000(43%)]Loss: 0.032515
2025-12-12T16:05:52Z INFO src.train Train Epoch: 2[32000/60000(53%)]Loss: 0.109716
2025-12-12T16:05:54Z INFO src.train Train Epoch: 2[38400/60000(64%)]Loss: 0.007282
2025-12-12T16:05:57Z INFO src.train Train Epoch: 2[44800/60000(75%)]Loss: 0.091606
2025-12-12T16:05:59Z INFO src.train Train Epoch: 2[51200/60000(85%)]Loss: 0.099877
2025-12-12T16:06:01Z INFO src.train Train Epoch: 2[57600/60000(96%)]Loss: 0.107205
2025-12-12T16:06:02Z INFO src.train Epoch 2 finished in 21.21s
2025-12-12T16:06:02Z INFO src.train Train Epoch: 3[0/60000(0%)]Loss: 0.045974
2025-12-12T16:06:04Z INFO src.train Train Epoch: 3[6400/60000(11%)]Loss: 0.080591
2025-12-12T16:06:06Z INFO src.train Train Epoch: 3[12800/60000(21%)]Loss: 0.033414
2025-12-12T16:06:09Z INFO src.train Train Epoch: 3[19200/60000(32%)]Loss: 0.026227
2025-12-12T16:06:11Z INFO src.train Train Epoch: 3[25600/60000(43%)]Loss: 0.016934
2025-12-12T16:06:13Z INFO src.train Train Epoch: 3[32000/60000(53%)]Loss: 0.156374
2025-12-12T16:06:16Z INFO src.train Train Epoch: 3[38400/60000(64%)]Loss: 0.168470
2025-12-12T16:06:18Z INFO src.train Train Epoch: 3[44800/60000(75%)]Loss: 0.034049
2025-12-12T16:06:20Z INFO src.train Train Epoch: 3[51200/60000(85%)]Loss: 0.081847
2025-12-12T16:06:22Z INFO src.train Train Epoch: 3[57600/60000(96%)]Loss: 0.027703
2025-12-12T16:06:23Z INFO src.train Epoch 3 finished in 21.19s
2025-12-12T16:06:23Z INFO src.train Refernce Model saved to: C:\Users\Dominic\Documents\ResearchProject\results\models\cnn_mnist_2025-12-12_16-05-19.pt
2025-12-12T16:06:23Z INFO src.evaluation.evaluate_model Starting evaluation: Baseline Float32
2025-12-12T16:06:25Z INFO src.evaluation.evaluate_model Evaluation Result [Baseline Float32] - Acc: 98.87% | Loss: 0.0354 | Time: 1.6498s
2025-12-12T16:06:25Z INFO Experiment Applying 8-bit Affine Quantization... (Simulated)
2025-12-12T16:06:25Z DEBUG Experiment Quantization layer (affine): conv1
2025-12-12T16:06:25Z DEBUG src.quantizer Affine Quantization: Min=-0.491174, Max=0.430876, Scale=0.00361588, Zero Point:136
2025-12-12T16:06:25Z DEBUG Experiment Quantization layer (affine): conv2
2025-12-12T16:06:25Z DEBUG src.quantizer Affine Quantization: Min=-0.317788, Max=0.233565, Scale=0.00216217, Zero Point:147
2025-12-12T16:06:25Z DEBUG Experiment Quantization layer (affine): fc1
2025-12-12T16:06:25Z DEBUG src.quantizer Affine Quantization: Min=-0.167021, Max=0.171964, Scale=0.00132935, Zero Point:126
2025-12-12T16:06:25Z DEBUG Experiment Quantization layer (affine): fc2
2025-12-12T16:06:25Z DEBUG src.quantizer Affine Quantization: Min=-0.452686, Max=0.251869, Scale=0.00276296, Zero Point:164
2025-12-12T16:06:25Z INFO src.evaluation.evaluate_model Starting evaluation: Simulated Affine 8-bit
2025-12-12T16:06:26Z INFO src.evaluation.evaluate_model Evaluation Result [Simulated Affine 8-bit] - Acc: 98.88% | Loss: 0.0353 | Time: 1.5814s
2025-12-12T16:06:26Z INFO Experiment Applying 8-bit Symmetric Quantization... (Simulated)
2025-12-12T16:06:26Z DEBUG Experiment Quantizing layer (symmetric): conv1
2025-12-12T16:06:26Z DEBUG src.quantizer Symmetric Quantization: Max value=0.4912, Scale=0.003868, Range=[-127, 127]
2025-12-12T16:06:26Z DEBUG Experiment Quantizing layer (symmetric): conv2
2025-12-12T16:06:26Z DEBUG src.quantizer Symmetric Quantization: Max value=0.3178, Scale=0.002502, Range=[-127, 127]
2025-12-12T16:06:26Z DEBUG Experiment Quantizing layer (symmetric): fc1
2025-12-12T16:06:26Z DEBUG src.quantizer Symmetric Quantization: Max value=0.1720, Scale=0.001354, Range=[-127, 127]
2025-12-12T16:06:26Z DEBUG Experiment Quantizing layer (symmetric): fc2
2025-12-12T16:06:26Z DEBUG src.quantizer Symmetric Quantization: Max value=0.4527, Scale=0.003564, Range=[-127, 127]
2025-12-12T16:06:26Z INFO src.evaluation.evaluate_model Starting evaluation: Simulated Symmetric 8-bit
2025-12-12T16:06:28Z INFO src.evaluation.evaluate_model Evaluation Result [Simulated Symmetric 8-bit] - Acc: 98.88% | Loss: 0.0354 | Time: 1.5141s
2025-12-12T16:06:28Z INFO Experiment Starting Actual Storage Quantization (Int8)..
2025-12-12T16:06:28Z INFO Experiment Model layers replaced with Quantizable versions
2025-12-12T16:06:28Z DEBUG src.layers Quantizing layer (storage): affine 8-bit
2025-12-12T16:06:28Z DEBUG src.quantizer Affine Quantization: Min=-0.491174, Max=0.430876, Scale=0.00361588, Zero Point:136
2025-12-12T16:06:28Z DEBUG src.layers Quantizing layer (storage): affine 8-bit
2025-12-12T16:06:28Z DEBUG src.quantizer Affine Quantization: Min=-0.317788, Max=0.233565, Scale=0.00216217, Zero Point:147
2025-12-12T16:06:28Z DEBUG src.layers Quantizing layer (storage): affine 8-bit
2025-12-12T16:06:28Z DEBUG src.quantizer Affine Quantization: Min=-0.167021, Max=0.171964, Scale=0.00132935, Zero Point:126
2025-12-12T16:06:28Z DEBUG src.layers Quantizing layer (storage): affine 8-bit
2025-12-12T16:06:28Z DEBUG src.quantizer Affine Quantization: Min=-0.452686, Max=0.251869, Scale=0.00276296, Zero Point:164
2025-12-12T16:06:28Z INFO Experiment Calibrating activations for quantized model (using train set subset)...
2025-12-12T16:06:28Z INFO src.layers Calibrating with 50 batches...
2025-12-12T16:06:28Z INFO src.layers Activation calibration finished for quantizable layers
2025-12-12T16:06:28Z INFO Experiment Saving quantized model to: C:\Users\Dominic\Documents\ResearchProject\results\quantized_models\cnn_mnist_quantized2025-12-12_16-05-19.pt
2025-12-12T16:06:29Z INFO Experiment Original Size: 4690.88 KB
2025-12-12T16:06:29Z INFO Experiment Quantized Size: 1180.93 KB
2025-12-12T16:06:29Z INFO Experiment Reduction: 74.82%
2025-12-12T16:06:29Z INFO src.evaluation.evaluate_model Starting evaluation: Storage Quantization (Int8)
2025-12-12T16:06:30Z INFO src.evaluation.evaluate_model Evaluation Result [Storage Quantization (Int8)] - Acc: 98.88% | Loss: 0.0360 | Time: 1.9289s
2025-12-12T16:06:30Z INFO Experiment Computing per-layer weight MSE between float model and quantized storage model...
2025-12-12T16:06:30Z INFO Experiment Running per-layer sensitivity analysis (quantize one layer at a time)
2025-12-12T16:06:30Z INFO src.utility.utils Starting Sensitivity Analysis on 4 layers...
2025-12-12T16:06:30Z DEBUG src.layers Quantizing layer (storage): affine 8-bit
2025-12-12T16:06:30Z DEBUG src.quantizer Affine Quantization: Min=-0.491174, Max=0.430876, Scale=0.00361588, Zero Point:136
2025-12-12T16:06:30Z INFO src.layers Calibrating with 10 batches...
2025-12-12T16:06:31Z INFO src.layers Activation calibration finished for quantizable layers
2025-12-12T16:06:31Z INFO src.evaluation.evaluate_model Starting evaluation: Sensitivity: conv1
2025-12-12T16:06:32Z INFO src.evaluation.evaluate_model Evaluation Result [Sensitivity: conv1] - Acc: 98.91% | Loss: 0.0362 | Time: 1.5687s
2025-12-12T16:06:32Z DEBUG src.layers Quantizing layer (storage): affine 8-bit
2025-12-12T16:06:32Z DEBUG src.quantizer Affine Quantization: Min=-0.317788, Max=0.233565, Scale=0.00216217, Zero Point:147
2025-12-12T16:06:32Z INFO src.layers Calibrating with 10 batches...
2025-12-12T16:06:32Z INFO src.layers Activation calibration finished for quantizable layers
2025-12-12T16:06:32Z INFO src.evaluation.evaluate_model Starting evaluation: Sensitivity: conv2
2025-12-12T16:06:34Z INFO src.evaluation.evaluate_model Evaluation Result [Sensitivity: conv2] - Acc: 98.86% | Loss: 0.0358 | Time: 1.8016s
2025-12-12T16:06:34Z DEBUG src.layers Quantizing layer (storage): affine 8-bit
2025-12-12T16:06:34Z DEBUG src.quantizer Affine Quantization: Min=-0.167021, Max=0.171964, Scale=0.00132935, Zero Point:126
2025-12-12T16:06:34Z INFO src.layers Calibrating with 10 batches...
2025-12-12T16:06:34Z INFO src.layers Activation calibration finished for quantizable layers
2025-12-12T16:06:34Z INFO src.evaluation.evaluate_model Starting evaluation: Sensitivity: fc1
2025-12-12T16:06:36Z INFO src.evaluation.evaluate_model Evaluation Result [Sensitivity: fc1] - Acc: 98.87% | Loss: 0.0354 | Time: 1.6945s
2025-12-12T16:06:36Z DEBUG src.layers Quantizing layer (storage): affine 8-bit
2025-12-12T16:06:36Z DEBUG src.quantizer Affine Quantization: Min=-0.452686, Max=0.251869, Scale=0.00276296, Zero Point:164
2025-12-12T16:06:36Z INFO src.layers Calibrating with 10 batches...
2025-12-12T16:06:36Z INFO src.layers Activation calibration finished for quantizable layers
2025-12-12T16:06:36Z INFO src.evaluation.evaluate_model Starting evaluation: Sensitivity: fc2
2025-12-12T16:06:38Z INFO src.evaluation.evaluate_model Evaluation Result [Sensitivity: fc2] - Acc: 98.89% | Loss: 0.0354 | Time: 1.5822s
2025-12-12T16:06:38Z INFO Experiment Experiment finished. Summary: 
==========================================
         Result Report                      
==========================================
Model Size (Float32):   4.58 MB
Theor. Size (Int8):      1.15 MB
------------------------------------------
Accuracy Float32:         98.87%
Accuracy Affine:        98.88%
Accuracy Symmetric:       98.88%
==========================================
