2025-12-17T13:13:16Z INFO Experiment Config: Using NVIDIA GPU (NVIDIA GeForce RTX 4070 Ti SUPER)
2025-12-17T13:13:16Z INFO Experiment Initializing Data Loaders...
2025-12-17T13:13:16Z WARNING Experiment Model not found at C:\Users\Dominic\Documents\ResearchProject\results\models\cnn_mnist_2025-12-17_13-13-16.pt. Training new model.
2025-12-17T13:13:16Z INFO src.train Starting Training on Device: cuda
2025-12-17T13:13:17Z INFO src.train Train Epoch: 1[0/2002(0%)]Loss: 6.810556
2025-12-17T13:13:26Z INFO src.train Epoch 1 finished in 9.10s
2025-12-17T13:13:26Z INFO src.train Train Epoch: 2[0/2002(0%)]Loss: 6.791029
2025-12-17T13:13:28Z INFO src.train Epoch 2 finished in 2.20s
2025-12-17T13:13:28Z INFO src.train Train Epoch: 3[0/2002(0%)]Loss: 6.435228
2025-12-17T13:13:30Z INFO src.train Epoch 3 finished in 2.14s
2025-12-17T13:13:30Z INFO src.train Train Epoch: 4[0/2002(0%)]Loss: 5.600181
2025-12-17T13:13:32Z INFO src.train Epoch 4 finished in 2.14s
2025-12-17T13:13:32Z INFO src.train Train Epoch: 5[0/2002(0%)]Loss: 3.093033
2025-12-17T13:13:34Z INFO src.train Epoch 5 finished in 2.20s
2025-12-17T13:13:35Z INFO src.train Train Epoch: 6[0/2002(0%)]Loss: 1.280702
2025-12-17T13:13:37Z INFO src.train Epoch 6 finished in 2.11s
2025-12-17T13:13:37Z INFO src.train Train Epoch: 7[0/2002(0%)]Loss: 0.392882
2025-12-17T13:13:39Z INFO src.train Epoch 7 finished in 2.29s
2025-12-17T13:13:39Z INFO src.train Train Epoch: 8[0/2002(0%)]Loss: 0.135399
2025-12-17T13:13:41Z INFO src.train Epoch 8 finished in 2.14s
2025-12-17T13:13:41Z INFO src.train Train Epoch: 9[0/2002(0%)]Loss: 0.031801
2025-12-17T13:13:43Z INFO src.train Epoch 9 finished in 2.21s
2025-12-17T13:13:43Z INFO src.train Train Epoch: 10[0/2002(0%)]Loss: 0.048981
2025-12-17T13:13:45Z INFO src.train Epoch 10 finished in 2.21s
2025-12-17T13:13:46Z INFO src.train Train Epoch: 11[0/2002(0%)]Loss: 0.017556
2025-12-17T13:13:48Z INFO src.train Epoch 11 finished in 2.26s
2025-12-17T13:13:48Z INFO src.train Train Epoch: 12[0/2002(0%)]Loss: 0.011320
2025-12-17T13:13:50Z INFO src.train Epoch 12 finished in 2.21s
2025-12-17T13:13:50Z INFO src.train Train Epoch: 13[0/2002(0%)]Loss: 0.019709
2025-12-17T13:13:52Z INFO src.train Epoch 13 finished in 2.32s
2025-12-17T13:13:52Z INFO src.train Train Epoch: 14[0/2002(0%)]Loss: 0.005489
2025-12-17T13:13:55Z INFO src.train Epoch 14 finished in 2.33s
2025-12-17T13:13:55Z INFO src.train Train Epoch: 15[0/2002(0%)]Loss: 0.028448
2025-12-17T13:13:57Z INFO src.train Epoch 15 finished in 2.31s
2025-12-17T13:13:57Z INFO src.train Train Epoch: 16[0/2002(0%)]Loss: 0.003066
2025-12-17T13:13:59Z INFO src.train Epoch 16 finished in 2.25s
2025-12-17T13:13:59Z INFO src.train Train Epoch: 17[0/2002(0%)]Loss: 0.003145
2025-12-17T13:14:01Z INFO src.train Epoch 17 finished in 2.27s
2025-12-17T13:14:01Z INFO src.train Train Epoch: 18[0/2002(0%)]Loss: 0.001241
2025-12-17T13:14:04Z INFO src.train Epoch 18 finished in 2.35s
2025-12-17T13:14:04Z INFO src.train Train Epoch: 19[0/2002(0%)]Loss: 0.024144
2025-12-17T13:14:06Z INFO src.train Epoch 19 finished in 2.25s
2025-12-17T13:14:06Z INFO src.train Train Epoch: 20[0/2002(0%)]Loss: 0.000844
2025-12-17T13:14:08Z INFO src.train Epoch 20 finished in 2.27s
2025-12-17T13:14:08Z INFO src.train Train Epoch: 21[0/2002(0%)]Loss: 0.008984
2025-12-17T13:14:11Z INFO src.train Epoch 21 finished in 2.27s
2025-12-17T13:14:11Z INFO src.train Train Epoch: 22[0/2002(0%)]Loss: 0.067270
2025-12-17T13:14:13Z INFO src.train Epoch 22 finished in 2.33s
2025-12-17T13:14:13Z INFO src.train Train Epoch: 23[0/2002(0%)]Loss: 0.007866
2025-12-17T13:14:15Z INFO src.train Epoch 23 finished in 2.25s
2025-12-17T13:14:15Z INFO src.train Train Epoch: 24[0/2002(0%)]Loss: 0.067402
2025-12-17T13:14:17Z INFO src.train Epoch 24 finished in 2.21s
2025-12-17T13:14:17Z INFO src.train Train Epoch: 25[0/2002(0%)]Loss: 0.003660
2025-12-17T13:14:20Z INFO src.train Epoch 25 finished in 2.23s
2025-12-17T13:14:20Z INFO src.train Train Epoch: 26[0/2002(0%)]Loss: 0.011740
2025-12-17T13:14:22Z INFO src.train Epoch 26 finished in 2.23s
2025-12-17T13:14:22Z INFO src.train Train Epoch: 27[0/2002(0%)]Loss: 0.016855
2025-12-17T13:14:24Z INFO src.train Epoch 27 finished in 2.15s
2025-12-17T13:14:24Z INFO src.train Train Epoch: 28[0/2002(0%)]Loss: 0.002579
2025-12-17T13:14:26Z INFO src.train Epoch 28 finished in 2.20s
2025-12-17T13:14:26Z INFO src.train Train Epoch: 29[0/2002(0%)]Loss: 0.001703
2025-12-17T13:14:28Z INFO src.train Epoch 29 finished in 2.12s
2025-12-17T13:14:28Z INFO src.train Train Epoch: 30[0/2002(0%)]Loss: 0.000574
2025-12-17T13:14:30Z INFO src.train Epoch 30 finished in 2.17s
2025-12-17T13:14:30Z INFO src.train Train Epoch: 31[0/2002(0%)]Loss: 0.009816
2025-12-17T13:14:33Z INFO src.train Epoch 31 finished in 2.17s
2025-12-17T13:14:33Z INFO src.train Train Epoch: 32[0/2002(0%)]Loss: 0.001947
2025-12-17T13:14:35Z INFO src.train Epoch 32 finished in 2.18s
2025-12-17T13:14:35Z INFO src.train Train Epoch: 33[0/2002(0%)]Loss: 0.045927
2025-12-17T13:14:37Z INFO src.train Epoch 33 finished in 2.14s
2025-12-17T13:14:37Z INFO src.train Train Epoch: 34[0/2002(0%)]Loss: 0.001733
2025-12-17T13:14:39Z INFO src.train Epoch 34 finished in 2.15s
2025-12-17T13:14:39Z INFO src.train Train Epoch: 35[0/2002(0%)]Loss: 0.000573
2025-12-17T13:14:41Z INFO src.train Epoch 35 finished in 2.16s
2025-12-17T13:14:41Z INFO src.train Train Epoch: 36[0/2002(0%)]Loss: 0.002756
2025-12-17T13:14:43Z INFO src.train Epoch 36 finished in 2.14s
2025-12-17T13:14:43Z INFO src.train Train Epoch: 37[0/2002(0%)]Loss: 0.000474
2025-12-17T13:14:46Z INFO src.train Epoch 37 finished in 2.16s
2025-12-17T13:14:46Z INFO src.train Train Epoch: 38[0/2002(0%)]Loss: 0.003707
2025-12-17T13:14:48Z INFO src.train Epoch 38 finished in 2.14s
2025-12-17T13:14:48Z INFO src.train Train Epoch: 39[0/2002(0%)]Loss: 0.000278
2025-12-17T13:14:50Z INFO src.train Epoch 39 finished in 2.15s
2025-12-17T13:14:50Z INFO src.train Train Epoch: 40[0/2002(0%)]Loss: 0.003390
2025-12-17T13:14:52Z INFO src.train Epoch 40 finished in 2.16s
2025-12-17T13:14:52Z INFO src.train Train Epoch: 41[0/2002(0%)]Loss: 0.000732
2025-12-17T13:14:54Z INFO src.train Epoch 41 finished in 2.13s
2025-12-17T13:14:54Z INFO src.train Train Epoch: 42[0/2002(0%)]Loss: 0.000704
2025-12-17T13:14:56Z INFO src.train Epoch 42 finished in 2.13s
2025-12-17T13:14:56Z INFO src.train Train Epoch: 43[0/2002(0%)]Loss: 0.036667
2025-12-17T13:14:58Z INFO src.train Epoch 43 finished in 2.13s
2025-12-17T13:14:58Z INFO src.train Train Epoch: 44[0/2002(0%)]Loss: 0.001963
2025-12-17T13:15:01Z INFO src.train Epoch 44 finished in 2.16s
2025-12-17T13:15:01Z INFO src.train Train Epoch: 45[0/2002(0%)]Loss: 0.002634
2025-12-17T13:15:03Z INFO src.train Epoch 45 finished in 2.16s
2025-12-17T13:15:03Z INFO src.train Train Epoch: 46[0/2002(0%)]Loss: 0.002618
2025-12-17T13:15:05Z INFO src.train Epoch 46 finished in 2.17s
2025-12-17T13:15:05Z INFO src.train Train Epoch: 47[0/2002(0%)]Loss: 0.015414
2025-12-17T13:15:07Z INFO src.train Epoch 47 finished in 2.13s
2025-12-17T13:15:07Z INFO src.train Train Epoch: 48[0/2002(0%)]Loss: 0.002498
2025-12-17T13:15:09Z INFO src.train Epoch 48 finished in 2.15s
2025-12-17T13:15:09Z INFO src.train Train Epoch: 49[0/2002(0%)]Loss: 0.020393
2025-12-17T13:15:11Z INFO src.train Epoch 49 finished in 2.14s
2025-12-17T13:15:11Z INFO src.train Train Epoch: 50[0/2002(0%)]Loss: 0.070477
2025-12-17T13:15:13Z INFO src.train Epoch 50 finished in 2.16s
2025-12-17T13:15:14Z INFO src.train Refernce Model saved to: C:\Users\Dominic\Documents\ResearchProject\results\models\cnn_mnist_2025-12-17_13-13-16.pt
2025-12-17T13:15:14Z INFO src.evaluation.evaluate_model Starting evaluation: Baseline Float32
2025-12-17T13:15:15Z INFO src.evaluation.evaluate_model Evaluation Result [Baseline Float32] - Acc: 84.43% | Loss: 1.5257 | Time: 0.9624s
2025-12-17T13:15:15Z INFO Experiment Applying 8-bit Affine Quantization... (Simulated)
2025-12-17T13:15:15Z DEBUG Experiment Quantization layer (affine): conv1
2025-12-17T13:15:15Z DEBUG src.quantizer Affine Quantization: Min=-0.311473, Max=0.311357, Scale=0.00244247, Zero Point:128
2025-12-17T13:15:15Z DEBUG Experiment Quantization layer (affine): conv2
2025-12-17T13:15:15Z DEBUG src.quantizer Affine Quantization: Min=-0.187893, Max=0.209228, Scale=0.00155734, Zero Point:121
2025-12-17T13:15:15Z DEBUG Experiment Quantization layer (affine): fc1
2025-12-17T13:15:15Z DEBUG src.quantizer Affine Quantization: Min=-0.097401, Max=0.122882, Scale=0.00086386, Zero Point:113
2025-12-17T13:15:15Z DEBUG Experiment Quantization layer (affine): fc2
2025-12-17T13:15:15Z DEBUG src.quantizer Affine Quantization: Min=-0.176001, Max=0.085581, Scale=0.00102581, Zero Point:172
2025-12-17T13:15:15Z INFO src.evaluation.evaluate_model Starting evaluation: Simulated Affine 8-bit
2025-12-17T13:15:15Z INFO src.evaluation.evaluate_model Evaluation Result [Simulated Affine 8-bit] - Acc: 84.43% | Loss: 1.5260 | Time: 0.5714s
2025-12-17T13:15:15Z INFO Experiment Applying 8-bit Symmetric Quantization... (Simulated)
2025-12-17T13:15:15Z DEBUG Experiment Quantizing layer (symmetric): conv1
2025-12-17T13:15:15Z DEBUG src.quantizer Symmetric Quantization: Max value=0.3115, Scale=0.002453, Range=[-127, 127]
2025-12-17T13:15:15Z DEBUG Experiment Quantizing layer (symmetric): conv2
2025-12-17T13:15:15Z DEBUG src.quantizer Symmetric Quantization: Max value=0.2092, Scale=0.001647, Range=[-127, 127]
2025-12-17T13:15:15Z DEBUG Experiment Quantizing layer (symmetric): fc1
2025-12-17T13:15:15Z DEBUG src.quantizer Symmetric Quantization: Max value=0.1229, Scale=0.000968, Range=[-127, 127]
2025-12-17T13:15:15Z DEBUG Experiment Quantizing layer (symmetric): fc2
2025-12-17T13:15:15Z DEBUG src.quantizer Symmetric Quantization: Max value=0.1760, Scale=0.001386, Range=[-127, 127]
2025-12-17T13:15:15Z INFO src.evaluation.evaluate_model Starting evaluation: Simulated Symmetric 8-bit
2025-12-17T13:15:16Z INFO src.evaluation.evaluate_model Evaluation Result [Simulated Symmetric 8-bit] - Acc: 84.43% | Loss: 1.5238 | Time: 0.5475s
2025-12-17T13:15:16Z INFO Experiment Starting Actual Storage Quantization (Int8)..
2025-12-17T13:15:16Z INFO Experiment Model layers replaced with Quantizable versions
2025-12-17T13:15:16Z DEBUG src.layers Quantizing layer (storage): affine 8-bit
2025-12-17T13:15:16Z DEBUG src.quantizer Affine Quantization: Min=-0.311473, Max=0.311357, Scale=0.00244247, Zero Point:128
2025-12-17T13:15:16Z DEBUG src.layers Quantizing layer (storage): affine 8-bit
2025-12-17T13:15:16Z DEBUG src.quantizer Affine Quantization: Min=-0.187893, Max=0.209228, Scale=0.00155734, Zero Point:121
2025-12-17T13:15:16Z DEBUG src.layers Quantizing layer (storage): affine 8-bit
2025-12-17T13:15:16Z DEBUG src.quantizer Affine Quantization: Min=-0.097401, Max=0.122882, Scale=0.00086386, Zero Point:113
2025-12-17T13:15:17Z DEBUG src.layers Quantizing layer (storage): affine 8-bit
2025-12-17T13:15:17Z DEBUG src.quantizer Affine Quantization: Min=-0.176001, Max=0.085581, Scale=0.00102581, Zero Point:172
2025-12-17T13:15:17Z INFO Experiment Calibrating activations for quantized model (using train set subset)...
2025-12-17T13:15:17Z INFO src.layers Calibrating with 50 batches...
2025-12-17T13:15:23Z INFO src.layers Activation calibration finished for quantizable layers
2025-12-17T13:15:23Z INFO Experiment Saving quantized model to: C:\Users\Dominic\Documents\ResearchProject\results\quantized_models\cnn_mnist_quantized2025-12-17_13-13-16.pt
2025-12-17T13:15:23Z INFO Experiment Original Size: 234079.19 KB
2025-12-17T13:15:23Z INFO Experiment Quantized Size: 58533.18 KB
2025-12-17T13:15:23Z INFO Experiment Reduction: 74.99%
2025-12-17T13:15:23Z INFO src.evaluation.evaluate_model Starting evaluation: Storage Quantization (Int8)
2025-12-17T13:15:24Z INFO src.evaluation.evaluate_model Evaluation Result [Storage Quantization (Int8)] - Acc: 78.04% | Loss: 1.7923 | Time: 0.6407s
2025-12-17T13:15:24Z INFO Experiment Computing per-layer weight MSE between float model and quantized storage model...
2025-12-17T13:15:24Z INFO Experiment Running per-layer sensitivity analysis (quantize one layer at a time)
2025-12-17T13:15:24Z INFO src.utility.utils Starting Sensitivity Analysis on 4 layers...
2025-12-17T13:15:24Z DEBUG src.layers Quantizing layer (storage): affine 8-bit
2025-12-17T13:15:24Z DEBUG src.quantizer Affine Quantization: Min=-0.311473, Max=0.311357, Scale=0.00244247, Zero Point:128
2025-12-17T13:15:24Z INFO src.layers Calibrating with 10 batches...
2025-12-17T13:15:25Z INFO src.layers Activation calibration finished for quantizable layers
2025-12-17T13:15:25Z INFO src.evaluation.evaluate_model Starting evaluation: Sensitivity: conv1
2025-12-17T13:15:26Z INFO src.evaluation.evaluate_model Evaluation Result [Sensitivity: conv1] - Acc: 79.44% | Loss: 1.7381 | Time: 0.5395s
2025-12-17T13:15:26Z DEBUG src.layers Quantizing layer (storage): affine 8-bit
2025-12-17T13:15:26Z DEBUG src.quantizer Affine Quantization: Min=-0.187893, Max=0.209228, Scale=0.00155734, Zero Point:121
2025-12-17T13:15:26Z INFO src.layers Calibrating with 10 batches...
2025-12-17T13:15:27Z INFO src.layers Activation calibration finished for quantizable layers
2025-12-17T13:15:27Z INFO src.evaluation.evaluate_model Starting evaluation: Sensitivity: conv2
2025-12-17T13:15:28Z INFO src.evaluation.evaluate_model Evaluation Result [Sensitivity: conv2] - Acc: 84.43% | Loss: 1.5258 | Time: 0.7646s
2025-12-17T13:15:28Z DEBUG src.layers Quantizing layer (storage): affine 8-bit
2025-12-17T13:15:28Z DEBUG src.quantizer Affine Quantization: Min=-0.097401, Max=0.122882, Scale=0.00086386, Zero Point:113
2025-12-17T13:15:28Z INFO src.layers Calibrating with 10 batches...
2025-12-17T13:15:30Z INFO src.layers Activation calibration finished for quantizable layers
2025-12-17T13:15:30Z INFO src.evaluation.evaluate_model Starting evaluation: Sensitivity: fc1
2025-12-17T13:15:30Z INFO src.evaluation.evaluate_model Evaluation Result [Sensitivity: fc1] - Acc: 84.63% | Loss: 1.5244 | Time: 0.6122s
2025-12-17T13:15:31Z DEBUG src.layers Quantizing layer (storage): affine 8-bit
2025-12-17T13:15:31Z DEBUG src.quantizer Affine Quantization: Min=-0.176001, Max=0.085581, Scale=0.00102581, Zero Point:172
2025-12-17T13:15:31Z INFO src.layers Calibrating with 10 batches...
2025-12-17T13:15:32Z INFO src.layers Activation calibration finished for quantizable layers
2025-12-17T13:15:32Z INFO src.evaluation.evaluate_model Starting evaluation: Sensitivity: fc2
2025-12-17T13:15:33Z INFO src.evaluation.evaluate_model Evaluation Result [Sensitivity: fc2] - Acc: 84.23% | Loss: 1.5280 | Time: 0.7093s
2025-12-17T13:15:33Z INFO Experiment Experiment finished. Summary: 
==========================================
         Result Report                      
==========================================
Model Size (Float32):   228.59 MB
Theor. Size (Int8):      57.15 MB
------------------------------------------
Accuracy Float32:         84.43%
Accuracy Affine:        84.43%
Accuracy Symmetric:       84.43%
==========================================
