2025-12-17T13:03:21Z INFO Experiment Config: Using NVIDIA GPU (NVIDIA GeForce RTX 4070 Ti SUPER)
2025-12-17T13:03:21Z INFO Experiment Initializing Data Loaders...
2025-12-17T13:03:21Z WARNING Experiment Model not found at C:\Users\Dominic\Documents\ResearchProject\results\models\cnn_mnist_2025-12-17_13-03-20.pt. Training new model.
2025-12-17T13:03:21Z INFO src.train Starting Training on Device: cuda
2025-12-17T13:03:21Z INFO src.train Train Epoch: 1[0/101(0%)]Loss: 3.809736
2025-12-17T13:03:21Z INFO src.train Epoch 1 finished in 0.32s
2025-12-17T13:03:21Z INFO src.train Train Epoch: 2[0/101(0%)]Loss: 3.429605
2025-12-17T13:03:21Z INFO src.train Epoch 2 finished in 0.12s
2025-12-17T13:03:21Z INFO src.train Train Epoch: 3[0/101(0%)]Loss: 2.964220
2025-12-17T13:03:21Z INFO src.train Epoch 3 finished in 0.12s
2025-12-17T13:03:21Z INFO src.train Train Epoch: 4[0/101(0%)]Loss: 2.232162
2025-12-17T13:03:21Z INFO src.train Epoch 4 finished in 0.12s
2025-12-17T13:03:22Z INFO src.train Train Epoch: 5[0/101(0%)]Loss: 1.841532
2025-12-17T13:03:22Z INFO src.train Epoch 5 finished in 0.12s
2025-12-17T13:03:22Z INFO src.train Train Epoch: 6[0/101(0%)]Loss: 1.109695
2025-12-17T13:03:22Z INFO src.train Epoch 6 finished in 0.13s
2025-12-17T13:03:22Z INFO src.train Train Epoch: 7[0/101(0%)]Loss: 0.666842
2025-12-17T13:03:22Z INFO src.train Epoch 7 finished in 0.13s
2025-12-17T13:03:22Z INFO src.train Train Epoch: 8[0/101(0%)]Loss: 0.415872
2025-12-17T13:03:22Z INFO src.train Epoch 8 finished in 0.13s
2025-12-17T13:03:22Z INFO src.train Train Epoch: 9[0/101(0%)]Loss: 0.258732
2025-12-17T13:03:22Z INFO src.train Epoch 9 finished in 0.13s
2025-12-17T13:03:22Z INFO src.train Train Epoch: 10[0/101(0%)]Loss: 0.062717
2025-12-17T13:03:22Z INFO src.train Epoch 10 finished in 0.12s
2025-12-17T13:03:22Z INFO src.train Train Epoch: 11[0/101(0%)]Loss: 0.069887
2025-12-17T13:03:22Z INFO src.train Epoch 11 finished in 0.13s
2025-12-17T13:03:22Z INFO src.train Train Epoch: 12[0/101(0%)]Loss: 0.021435
2025-12-17T13:03:23Z INFO src.train Epoch 12 finished in 0.12s
2025-12-17T13:03:23Z INFO src.train Train Epoch: 13[0/101(0%)]Loss: 0.033772
2025-12-17T13:03:23Z INFO src.train Epoch 13 finished in 0.13s
2025-12-17T13:03:23Z INFO src.train Train Epoch: 14[0/101(0%)]Loss: 0.016870
2025-12-17T13:03:23Z INFO src.train Epoch 14 finished in 0.12s
2025-12-17T13:03:23Z INFO src.train Train Epoch: 15[0/101(0%)]Loss: 0.015806
2025-12-17T13:03:23Z INFO src.train Epoch 15 finished in 0.12s
2025-12-17T13:03:23Z INFO src.train Train Epoch: 16[0/101(0%)]Loss: 0.050750
2025-12-17T13:03:23Z INFO src.train Epoch 16 finished in 0.12s
2025-12-17T13:03:23Z INFO src.train Train Epoch: 17[0/101(0%)]Loss: 0.007421
2025-12-17T13:03:23Z INFO src.train Epoch 17 finished in 0.12s
2025-12-17T13:03:23Z INFO src.train Train Epoch: 18[0/101(0%)]Loss: 0.003495
2025-12-17T13:03:23Z INFO src.train Epoch 18 finished in 0.12s
2025-12-17T13:03:23Z INFO src.train Train Epoch: 19[0/101(0%)]Loss: 0.001724
2025-12-17T13:03:23Z INFO src.train Epoch 19 finished in 0.13s
2025-12-17T13:03:23Z INFO src.train Train Epoch: 20[0/101(0%)]Loss: 0.005601
2025-12-17T13:03:23Z INFO src.train Epoch 20 finished in 0.13s
2025-12-17T13:03:24Z INFO src.train Train Epoch: 21[0/101(0%)]Loss: 0.013342
2025-12-17T13:03:24Z INFO src.train Epoch 21 finished in 0.13s
2025-12-17T13:03:24Z INFO src.train Train Epoch: 22[0/101(0%)]Loss: 0.001685
2025-12-17T13:03:24Z INFO src.train Epoch 22 finished in 0.12s
2025-12-17T13:03:24Z INFO src.train Train Epoch: 23[0/101(0%)]Loss: 0.002535
2025-12-17T13:03:24Z INFO src.train Epoch 23 finished in 0.13s
2025-12-17T13:03:24Z INFO src.train Train Epoch: 24[0/101(0%)]Loss: 0.002424
2025-12-17T13:03:24Z INFO src.train Epoch 24 finished in 0.12s
2025-12-17T13:03:24Z INFO src.train Train Epoch: 25[0/101(0%)]Loss: 0.002437
2025-12-17T13:03:24Z INFO src.train Epoch 25 finished in 0.13s
2025-12-17T13:03:24Z INFO src.train Train Epoch: 26[0/101(0%)]Loss: 0.000788
2025-12-17T13:03:24Z INFO src.train Epoch 26 finished in 0.13s
2025-12-17T13:03:24Z INFO src.train Train Epoch: 27[0/101(0%)]Loss: 0.000346
2025-12-17T13:03:24Z INFO src.train Epoch 27 finished in 0.14s
2025-12-17T13:03:24Z INFO src.train Train Epoch: 28[0/101(0%)]Loss: 0.001103
2025-12-17T13:03:25Z INFO src.train Epoch 28 finished in 0.14s
2025-12-17T13:03:25Z INFO src.train Train Epoch: 29[0/101(0%)]Loss: 0.040075
2025-12-17T13:03:25Z INFO src.train Epoch 29 finished in 0.13s
2025-12-17T13:03:25Z INFO src.train Train Epoch: 30[0/101(0%)]Loss: 0.000462
2025-12-17T13:03:25Z INFO src.train Epoch 30 finished in 0.14s
2025-12-17T13:03:25Z INFO src.train Train Epoch: 31[0/101(0%)]Loss: 0.000448
2025-12-17T13:03:25Z INFO src.train Epoch 31 finished in 0.12s
2025-12-17T13:03:25Z INFO src.train Train Epoch: 32[0/101(0%)]Loss: 0.003594
2025-12-17T13:03:25Z INFO src.train Epoch 32 finished in 0.12s
2025-12-17T13:03:25Z INFO src.train Train Epoch: 33[0/101(0%)]Loss: 0.002968
2025-12-17T13:03:25Z INFO src.train Epoch 33 finished in 0.12s
2025-12-17T13:03:25Z INFO src.train Train Epoch: 34[0/101(0%)]Loss: 0.009612
2025-12-17T13:03:25Z INFO src.train Epoch 34 finished in 0.12s
2025-12-17T13:03:25Z INFO src.train Train Epoch: 35[0/101(0%)]Loss: 0.001492
2025-12-17T13:03:25Z INFO src.train Epoch 35 finished in 0.12s
2025-12-17T13:03:25Z INFO src.train Train Epoch: 36[0/101(0%)]Loss: 0.002584
2025-12-17T13:03:26Z INFO src.train Epoch 36 finished in 0.12s
2025-12-17T13:03:26Z INFO src.train Train Epoch: 37[0/101(0%)]Loss: 0.001535
2025-12-17T13:03:26Z INFO src.train Epoch 37 finished in 0.12s
2025-12-17T13:03:26Z INFO src.train Train Epoch: 38[0/101(0%)]Loss: 0.013600
2025-12-17T13:03:26Z INFO src.train Epoch 38 finished in 0.12s
2025-12-17T13:03:26Z INFO src.train Train Epoch: 39[0/101(0%)]Loss: 0.001937
2025-12-17T13:03:26Z INFO src.train Epoch 39 finished in 0.13s
2025-12-17T13:03:26Z INFO src.train Train Epoch: 40[0/101(0%)]Loss: 0.001922
2025-12-17T13:03:26Z INFO src.train Epoch 40 finished in 0.12s
2025-12-17T13:03:26Z INFO src.train Train Epoch: 41[0/101(0%)]Loss: 0.007315
2025-12-17T13:03:26Z INFO src.train Epoch 41 finished in 0.12s
2025-12-17T13:03:26Z INFO src.train Train Epoch: 42[0/101(0%)]Loss: 0.001809
2025-12-17T13:03:26Z INFO src.train Epoch 42 finished in 0.13s
2025-12-17T13:03:26Z INFO src.train Train Epoch: 43[0/101(0%)]Loss: 0.004196
2025-12-17T13:03:26Z INFO src.train Epoch 43 finished in 0.13s
2025-12-17T13:03:26Z INFO src.train Train Epoch: 44[0/101(0%)]Loss: 0.005571
2025-12-17T13:03:27Z INFO src.train Epoch 44 finished in 0.12s
2025-12-17T13:03:27Z INFO src.train Train Epoch: 45[0/101(0%)]Loss: 0.000285
2025-12-17T13:03:27Z INFO src.train Epoch 45 finished in 0.12s
2025-12-17T13:03:27Z INFO src.train Train Epoch: 46[0/101(0%)]Loss: 0.000427
2025-12-17T13:03:27Z INFO src.train Epoch 46 finished in 0.13s
2025-12-17T13:03:27Z INFO src.train Train Epoch: 47[0/101(0%)]Loss: 0.002836
2025-12-17T13:03:27Z INFO src.train Epoch 47 finished in 0.12s
2025-12-17T13:03:27Z INFO src.train Train Epoch: 48[0/101(0%)]Loss: 0.000886
2025-12-17T13:03:27Z INFO src.train Epoch 48 finished in 0.12s
2025-12-17T13:03:27Z INFO src.train Train Epoch: 49[0/101(0%)]Loss: 0.001495
2025-12-17T13:03:27Z INFO src.train Epoch 49 finished in 0.12s
2025-12-17T13:03:27Z INFO src.train Train Epoch: 50[0/101(0%)]Loss: 0.000865
2025-12-17T13:03:27Z INFO src.train Epoch 50 finished in 0.13s
2025-12-17T13:03:28Z INFO src.train Refernce Model saved to: C:\Users\Dominic\Documents\ResearchProject\results\models\cnn_mnist_2025-12-17_13-03-20.pt
2025-12-17T13:03:28Z INFO src.evaluation.evaluate_model Starting evaluation: Baseline Float32
2025-12-17T13:03:28Z INFO src.evaluation.evaluate_model Evaluation Result [Baseline Float32] - Acc: 88.46% | Loss: 0.6901 | Time: 0.0471s
2025-12-17T13:03:28Z INFO Experiment Applying 8-bit Affine Quantization... (Simulated)
2025-12-17T13:03:28Z DEBUG Experiment Quantization layer (affine): conv1
2025-12-17T13:03:28Z DEBUG src.quantizer Affine Quantization: Min=-0.203459, Max=0.203426, Scale=0.00159563, Zero Point:128
2025-12-17T13:03:28Z DEBUG Experiment Quantization layer (affine): conv2
2025-12-17T13:03:28Z DEBUG src.quantizer Affine Quantization: Min=-0.074272, Max=0.073090, Scale=0.00057789, Zero Point:129
2025-12-17T13:03:28Z DEBUG Experiment Quantization layer (affine): fc1
2025-12-17T13:03:28Z DEBUG src.quantizer Affine Quantization: Min=-0.024135, Max=0.026037, Scale=0.00019675, Zero Point:123
2025-12-17T13:03:28Z DEBUG Experiment Quantization layer (affine): fc2
2025-12-17T13:03:28Z DEBUG src.quantizer Affine Quantization: Min=-0.046694, Max=0.039973, Scale=0.00033987, Zero Point:137
2025-12-17T13:03:28Z INFO src.evaluation.evaluate_model Starting evaluation: Simulated Affine 8-bit
2025-12-17T13:03:28Z INFO src.evaluation.evaluate_model Evaluation Result [Simulated Affine 8-bit] - Acc: 88.46% | Loss: 0.6911 | Time: 0.0331s
2025-12-17T13:03:28Z INFO Experiment Applying 8-bit Symmetric Quantization... (Simulated)
2025-12-17T13:03:28Z DEBUG Experiment Quantizing layer (symmetric): conv1
2025-12-17T13:03:28Z DEBUG src.quantizer Symmetric Quantization: Max value=0.2035, Scale=0.001602, Range=[-127, 127]
2025-12-17T13:03:28Z DEBUG Experiment Quantizing layer (symmetric): conv2
2025-12-17T13:03:28Z DEBUG src.quantizer Symmetric Quantization: Max value=0.0743, Scale=0.000585, Range=[-127, 127]
2025-12-17T13:03:28Z DEBUG Experiment Quantizing layer (symmetric): fc1
2025-12-17T13:03:28Z DEBUG src.quantizer Symmetric Quantization: Max value=0.0260, Scale=0.000205, Range=[-127, 127]
2025-12-17T13:03:28Z DEBUG Experiment Quantizing layer (symmetric): fc2
2025-12-17T13:03:28Z DEBUG src.quantizer Symmetric Quantization: Max value=0.0467, Scale=0.000368, Range=[-127, 127]
2025-12-17T13:03:28Z INFO src.evaluation.evaluate_model Starting evaluation: Simulated Symmetric 8-bit
2025-12-17T13:03:28Z INFO src.evaluation.evaluate_model Evaluation Result [Simulated Symmetric 8-bit] - Acc: 88.46% | Loss: 0.6931 | Time: 0.0416s
2025-12-17T13:03:28Z INFO Experiment Starting Actual Storage Quantization (Int8)..
2025-12-17T13:03:28Z INFO Experiment Model layers replaced with Quantizable versions
2025-12-17T13:03:28Z DEBUG src.layers Quantizing layer (storage): affine 8-bit
2025-12-17T13:03:28Z DEBUG src.quantizer Affine Quantization: Min=-0.203459, Max=0.203426, Scale=0.00159563, Zero Point:128
2025-12-17T13:03:28Z DEBUG src.layers Quantizing layer (storage): affine 8-bit
2025-12-17T13:03:28Z DEBUG src.quantizer Affine Quantization: Min=-0.074272, Max=0.073090, Scale=0.00057789, Zero Point:129
2025-12-17T13:03:28Z DEBUG src.layers Quantizing layer (storage): affine 8-bit
2025-12-17T13:03:28Z DEBUG src.quantizer Affine Quantization: Min=-0.024135, Max=0.026037, Scale=0.00019675, Zero Point:123
2025-12-17T13:03:28Z DEBUG src.layers Quantizing layer (storage): affine 8-bit
2025-12-17T13:03:28Z DEBUG src.quantizer Affine Quantization: Min=-0.046694, Max=0.039973, Scale=0.00033987, Zero Point:137
2025-12-17T13:03:28Z INFO Experiment Calibrating activations for quantized model (using train set subset)...
2025-12-17T13:03:28Z INFO src.layers Calibrating with 50 batches...
2025-12-17T13:03:29Z INFO src.layers Activation calibration finished for quantizable layers
2025-12-17T13:03:29Z INFO Experiment Saving quantized model to: C:\Users\Dominic\Documents\ResearchProject\results\quantized_models\cnn_mnist_quantized2025-12-17_13-03-20.pt
2025-12-17T13:03:29Z INFO Experiment Original Size: 230663.81 KB
2025-12-17T13:03:29Z INFO Experiment Quantized Size: 57676.87 KB
2025-12-17T13:03:29Z INFO Experiment Reduction: 75.00%
2025-12-17T13:03:29Z INFO src.evaluation.evaluate_model Starting evaluation: Storage Quantization (Int8)
2025-12-17T13:03:29Z INFO src.evaluation.evaluate_model Evaluation Result [Storage Quantization (Int8)] - Acc: 88.46% | Loss: 0.6227 | Time: 0.0381s
2025-12-17T13:03:29Z INFO Experiment Computing per-layer weight MSE between float model and quantized storage model...
2025-12-17T13:03:29Z INFO Experiment Running per-layer sensitivity analysis (quantize one layer at a time)
2025-12-17T13:03:29Z INFO src.utility.utils Starting Sensitivity Analysis on 4 layers...
2025-12-17T13:03:29Z DEBUG src.layers Quantizing layer (storage): affine 8-bit
2025-12-17T13:03:29Z DEBUG src.quantizer Affine Quantization: Min=-0.203459, Max=0.203426, Scale=0.00159563, Zero Point:128
2025-12-17T13:03:29Z INFO src.layers Calibrating with 10 batches...
2025-12-17T13:03:29Z INFO src.layers Activation calibration finished for quantizable layers
2025-12-17T13:03:29Z INFO src.evaluation.evaluate_model Starting evaluation: Sensitivity: conv1
2025-12-17T13:03:29Z INFO src.evaluation.evaluate_model Evaluation Result [Sensitivity: conv1] - Acc: 84.62% | Loss: 0.6594 | Time: 0.0350s
2025-12-17T13:03:29Z DEBUG src.layers Quantizing layer (storage): affine 8-bit
2025-12-17T13:03:29Z DEBUG src.quantizer Affine Quantization: Min=-0.074272, Max=0.073090, Scale=0.00057789, Zero Point:129
2025-12-17T13:03:29Z INFO src.layers Calibrating with 10 batches...
2025-12-17T13:03:30Z INFO src.layers Activation calibration finished for quantizable layers
2025-12-17T13:03:30Z INFO src.evaluation.evaluate_model Starting evaluation: Sensitivity: conv2
2025-12-17T13:03:30Z INFO src.evaluation.evaluate_model Evaluation Result [Sensitivity: conv2] - Acc: 88.46% | Loss: 0.6895 | Time: 0.0360s
2025-12-17T13:03:30Z DEBUG src.layers Quantizing layer (storage): affine 8-bit
2025-12-17T13:03:30Z DEBUG src.quantizer Affine Quantization: Min=-0.024135, Max=0.026037, Scale=0.00019675, Zero Point:123
2025-12-17T13:03:30Z INFO src.layers Calibrating with 10 batches...
2025-12-17T13:03:30Z INFO src.layers Activation calibration finished for quantizable layers
2025-12-17T13:03:30Z INFO src.evaluation.evaluate_model Starting evaluation: Sensitivity: fc1
2025-12-17T13:03:30Z INFO src.evaluation.evaluate_model Evaluation Result [Sensitivity: fc1] - Acc: 88.46% | Loss: 0.6639 | Time: 0.0516s
2025-12-17T13:03:30Z DEBUG src.layers Quantizing layer (storage): affine 8-bit
2025-12-17T13:03:30Z DEBUG src.quantizer Affine Quantization: Min=-0.046694, Max=0.039973, Scale=0.00033987, Zero Point:137
2025-12-17T13:03:30Z INFO src.layers Calibrating with 10 batches...
2025-12-17T13:03:31Z INFO src.layers Activation calibration finished for quantizable layers
2025-12-17T13:03:31Z INFO src.evaluation.evaluate_model Starting evaluation: Sensitivity: fc2
2025-12-17T13:03:31Z INFO src.evaluation.evaluate_model Evaluation Result [Sensitivity: fc2] - Acc: 88.46% | Loss: 0.6910 | Time: 0.0346s
2025-12-17T13:03:31Z INFO Experiment Experiment finished. Summary: 
==========================================
         Result Report                      
==========================================
Model Size (Float32):   225.26 MB
Theor. Size (Int8):      56.31 MB
------------------------------------------
Accuracy Float32:         88.46%
Accuracy Affine:        88.46%
Accuracy Symmetric:       88.46%
==========================================
