{"asctime": "2025-12-08T12:59:06Z", "levelname": "INFO", "name": "Experiment", "message": "Config: Using NVIDIA GPU (NVIDIA GeForce RTX 4070 Ti SUPER)"}
{"asctime": "2025-12-08T12:59:06Z", "levelname": "INFO", "name": "Experiment", "message": "Initializing Data Loaders..."}
{"asctime": "2025-12-08T12:59:06Z", "levelname": "WARNING", "name": "Experiment", "message": "Model not found at results/models\\cnn_float32.pth. Training new model."}
{"asctime": "2025-12-08T12:59:06Z", "levelname": "INFO", "name": "src.train", "message": "Starting Training on Device: cuda"}
{"asctime": "2025-12-08T12:59:08Z", "levelname": "INFO", "name": "src.train", "message": "Train Epoch: 1[0/60000(0%)]Loss: 2.322288"}
{"asctime": "2025-12-08T12:59:09Z", "levelname": "INFO", "name": "src.train", "message": "Train Epoch: 1[6400/60000(11%)]Loss: 0.333731"}
{"asctime": "2025-12-08T12:59:09Z", "levelname": "INFO", "name": "src.train", "message": "Train Epoch: 1[12800/60000(21%)]Loss: 0.082296"}
{"asctime": "2025-12-08T12:59:10Z", "levelname": "INFO", "name": "src.train", "message": "Train Epoch: 1[19200/60000(32%)]Loss: 0.090574"}
{"asctime": "2025-12-08T12:59:10Z", "levelname": "INFO", "name": "src.train", "message": "Train Epoch: 1[25600/60000(43%)]Loss: 0.123864"}
{"asctime": "2025-12-08T12:59:11Z", "levelname": "INFO", "name": "src.train", "message": "Train Epoch: 1[32000/60000(53%)]Loss: 0.032793"}
{"asctime": "2025-12-08T12:59:11Z", "levelname": "INFO", "name": "src.train", "message": "Train Epoch: 1[38400/60000(64%)]Loss: 0.203450"}
{"asctime": "2025-12-08T12:59:12Z", "levelname": "INFO", "name": "src.train", "message": "Train Epoch: 1[44800/60000(75%)]Loss: 0.074237"}
{"asctime": "2025-12-08T12:59:13Z", "levelname": "INFO", "name": "src.train", "message": "Train Epoch: 1[51200/60000(85%)]Loss: 0.055285"}
{"asctime": "2025-12-08T12:59:13Z", "levelname": "INFO", "name": "src.train", "message": "Train Epoch: 1[57600/60000(96%)]Loss: 0.192872"}
{"asctime": "2025-12-08T12:59:14Z", "levelname": "INFO", "name": "src.train", "message": "Epoch 1 finished in 7.45s"}
{"asctime": "2025-12-08T12:59:16Z", "levelname": "INFO", "name": "src.train", "message": "Train Epoch: 2[0/60000(0%)]Loss: 0.033384"}
{"asctime": "2025-12-08T12:59:16Z", "levelname": "INFO", "name": "src.train", "message": "Train Epoch: 2[6400/60000(11%)]Loss: 0.071596"}
{"asctime": "2025-12-08T12:59:17Z", "levelname": "INFO", "name": "src.train", "message": "Train Epoch: 2[12800/60000(21%)]Loss: 0.024958"}
{"asctime": "2025-12-08T12:59:18Z", "levelname": "INFO", "name": "src.train", "message": "Train Epoch: 2[19200/60000(32%)]Loss: 0.042662"}
{"asctime": "2025-12-08T12:59:18Z", "levelname": "INFO", "name": "src.train", "message": "Train Epoch: 2[25600/60000(43%)]Loss: 0.038642"}
{"asctime": "2025-12-08T12:59:19Z", "levelname": "INFO", "name": "src.train", "message": "Train Epoch: 2[32000/60000(53%)]Loss: 0.055055"}
{"asctime": "2025-12-08T12:59:20Z", "levelname": "INFO", "name": "src.train", "message": "Train Epoch: 2[38400/60000(64%)]Loss: 0.029739"}
{"asctime": "2025-12-08T12:59:20Z", "levelname": "INFO", "name": "src.train", "message": "Train Epoch: 2[44800/60000(75%)]Loss: 0.073655"}
{"asctime": "2025-12-08T12:59:21Z", "levelname": "INFO", "name": "src.train", "message": "Train Epoch: 2[51200/60000(85%)]Loss: 0.061870"}
{"asctime": "2025-12-08T12:59:22Z", "levelname": "INFO", "name": "src.train", "message": "Train Epoch: 2[57600/60000(96%)]Loss: 0.093370"}
{"asctime": "2025-12-08T12:59:22Z", "levelname": "INFO", "name": "src.train", "message": "Epoch 2 finished in 8.49s"}
{"asctime": "2025-12-08T12:59:24Z", "levelname": "INFO", "name": "src.train", "message": "Train Epoch: 3[0/60000(0%)]Loss: 0.081512"}
{"asctime": "2025-12-08T12:59:25Z", "levelname": "INFO", "name": "src.train", "message": "Train Epoch: 3[6400/60000(11%)]Loss: 0.100711"}
{"asctime": "2025-12-08T12:59:26Z", "levelname": "INFO", "name": "src.train", "message": "Train Epoch: 3[12800/60000(21%)]Loss: 0.035759"}
{"asctime": "2025-12-08T12:59:26Z", "levelname": "INFO", "name": "src.train", "message": "Train Epoch: 3[19200/60000(32%)]Loss: 0.074764"}
{"asctime": "2025-12-08T12:59:27Z", "levelname": "INFO", "name": "src.train", "message": "Train Epoch: 3[25600/60000(43%)]Loss: 0.008498"}
{"asctime": "2025-12-08T12:59:27Z", "levelname": "INFO", "name": "src.train", "message": "Train Epoch: 3[32000/60000(53%)]Loss: 0.028873"}
{"asctime": "2025-12-08T12:59:28Z", "levelname": "INFO", "name": "src.train", "message": "Train Epoch: 3[38400/60000(64%)]Loss: 0.033713"}
{"asctime": "2025-12-08T12:59:29Z", "levelname": "INFO", "name": "src.train", "message": "Train Epoch: 3[44800/60000(75%)]Loss: 0.041342"}
{"asctime": "2025-12-08T12:59:29Z", "levelname": "INFO", "name": "src.train", "message": "Train Epoch: 3[51200/60000(85%)]Loss: 0.002003"}
{"asctime": "2025-12-08T12:59:30Z", "levelname": "INFO", "name": "src.train", "message": "Train Epoch: 3[57600/60000(96%)]Loss: 0.004475"}
{"asctime": "2025-12-08T12:59:31Z", "levelname": "INFO", "name": "src.train", "message": "Epoch 3 finished in 8.46s"}
{"asctime": "2025-12-08T12:59:31Z", "levelname": "INFO", "name": "src.train", "message": "Refernce Model saved to: results/models\\cnn_float32.pth"}
{"asctime": "2025-12-08T12:59:31Z", "levelname": "INFO", "name": "src.evaluate_model", "message": "Starting evaluation: Baseline Float32"}
{"asctime": "2025-12-08T12:59:34Z", "levelname": "INFO", "name": "src.evaluate_model", "message": "Evaluation Result [Baseline Float32] - Acc: 98.86% | Loss: 0.0350 | Time: 3.2838s"}
{"asctime": "2025-12-08T12:59:34Z", "levelname": "INFO", "name": "Experiment", "message": "Applying 8-bit Affine Quantization... (Simulated)"}
{"asctime": "2025-12-08T12:59:34Z", "levelname": "DEBUG", "name": "Experiment", "message": "Quantization layer (affine): conv1"}
{"asctime": "2025-12-08T12:59:34Z", "levelname": "DEBUG", "name": "src.quantizer", "message": "Affine Quantization: Min=-0.435975, Max=0.407256, Scale=0.00330679, Zero Point:132"}
{"asctime": "2025-12-08T12:59:34Z", "levelname": "DEBUG", "name": "Experiment", "message": "Quantization layer (affine): conv2"}
{"asctime": "2025-12-08T12:59:34Z", "levelname": "DEBUG", "name": "src.quantizer", "message": "Affine Quantization: Min=-0.323752, Max=0.267143, Scale=0.00231724, Zero Point:140"}
{"asctime": "2025-12-08T12:59:34Z", "levelname": "DEBUG", "name": "Experiment", "message": "Quantization layer (affine): fc1"}
{"asctime": "2025-12-08T12:59:34Z", "levelname": "DEBUG", "name": "src.quantizer", "message": "Affine Quantization: Min=-0.151917, Max=0.159171, Scale=0.00121995, Zero Point:125"}
{"asctime": "2025-12-08T12:59:34Z", "levelname": "DEBUG", "name": "Experiment", "message": "Quantization layer (affine): fc2"}
{"asctime": "2025-12-08T12:59:34Z", "levelname": "DEBUG", "name": "src.quantizer", "message": "Affine Quantization: Min=-0.424717, Max=0.250142, Scale=0.00264651, Zero Point:160"}
{"asctime": "2025-12-08T12:59:34Z", "levelname": "INFO", "name": "src.evaluate_model", "message": "Starting evaluation: Simulated Affine 8-bit"}
{"asctime": "2025-12-08T12:59:37Z", "levelname": "INFO", "name": "src.evaluate_model", "message": "Evaluation Result [Simulated Affine 8-bit] - Acc: 98.85% | Loss: 0.0351 | Time: 3.0519s"}
{"asctime": "2025-12-08T12:59:37Z", "levelname": "INFO", "name": "Experiment", "message": "Applying 8-bit Symmetric Quantization... (Simulated)"}
{"asctime": "2025-12-08T12:59:37Z", "levelname": "DEBUG", "name": "Experiment", "message": "Quantizing layer (symmetric): conv1"}
{"asctime": "2025-12-08T12:59:37Z", "levelname": "DEBUG", "name": "src.quantizer", "message": "Symmetric Quantization: Max value=0.4360, Scale=0.003433, Range=[-127, 127]"}
{"asctime": "2025-12-08T12:59:37Z", "levelname": "DEBUG", "name": "Experiment", "message": "Quantizing layer (symmetric): conv2"}
{"asctime": "2025-12-08T12:59:37Z", "levelname": "DEBUG", "name": "src.quantizer", "message": "Symmetric Quantization: Max value=0.3238, Scale=0.002549, Range=[-127, 127]"}
{"asctime": "2025-12-08T12:59:37Z", "levelname": "DEBUG", "name": "Experiment", "message": "Quantizing layer (symmetric): fc1"}
{"asctime": "2025-12-08T12:59:37Z", "levelname": "DEBUG", "name": "src.quantizer", "message": "Symmetric Quantization: Max value=0.1592, Scale=0.001253, Range=[-127, 127]"}
{"asctime": "2025-12-08T12:59:37Z", "levelname": "DEBUG", "name": "Experiment", "message": "Quantizing layer (symmetric): fc2"}
{"asctime": "2025-12-08T12:59:37Z", "levelname": "DEBUG", "name": "src.quantizer", "message": "Symmetric Quantization: Max value=0.4247, Scale=0.003344, Range=[-127, 127]"}
{"asctime": "2025-12-08T12:59:37Z", "levelname": "INFO", "name": "src.evaluate_model", "message": "Starting evaluation: Simulated Symmetric 8-bit"}
{"asctime": "2025-12-08T12:59:40Z", "levelname": "INFO", "name": "src.evaluate_model", "message": "Evaluation Result [Simulated Symmetric 8-bit] - Acc: 98.85% | Loss: 0.0350 | Time: 3.1325s"}
{"asctime": "2025-12-08T12:59:40Z", "levelname": "INFO", "name": "Experiment", "message": "Starting Actual Storage Quantization (Int8).."}
{"asctime": "2025-12-08T12:59:40Z", "levelname": "INFO", "name": "Experiment", "message": "Model layers replaced with Quantizable versions"}
{"asctime": "2025-12-08T12:59:40Z", "levelname": "DEBUG", "name": "src.layers", "message": "Quantizing layer (storage): affine 8-bit"}
{"asctime": "2025-12-08T12:59:40Z", "levelname": "DEBUG", "name": "src.quantizer", "message": "Affine Quantization: Min=-0.435975, Max=0.407256, Scale=0.00330679, Zero Point:132"}
{"asctime": "2025-12-08T12:59:40Z", "levelname": "DEBUG", "name": "src.layers", "message": "Quantizing layer (storage): affine 8-bit"}
{"asctime": "2025-12-08T12:59:40Z", "levelname": "DEBUG", "name": "src.quantizer", "message": "Affine Quantization: Min=-0.323752, Max=0.267143, Scale=0.00231724, Zero Point:140"}
{"asctime": "2025-12-08T12:59:40Z", "levelname": "DEBUG", "name": "src.layers", "message": "Quantizing layer (storage): affine 8-bit"}
{"asctime": "2025-12-08T12:59:40Z", "levelname": "DEBUG", "name": "src.quantizer", "message": "Affine Quantization: Min=-0.151917, Max=0.159171, Scale=0.00121995, Zero Point:125"}
{"asctime": "2025-12-08T12:59:40Z", "levelname": "DEBUG", "name": "src.layers", "message": "Quantizing layer (storage): affine 8-bit"}
{"asctime": "2025-12-08T12:59:40Z", "levelname": "DEBUG", "name": "src.quantizer", "message": "Affine Quantization: Min=-0.424717, Max=0.250142, Scale=0.00264651, Zero Point:160"}
{"asctime": "2025-12-08T12:59:40Z", "levelname": "INFO", "name": "Experiment", "message": "Calibrating activations for quantized model (using train set subset)..."}
{"asctime": "2025-12-08T12:59:40Z", "levelname": "INFO", "name": "src.layers", "message": "Calibrating with 50 batches..."}
{"asctime": "2025-12-08T12:59:43Z", "levelname": "INFO", "name": "src.layers", "message": "Activation calibration finished for quantizable layers"}
{"asctime": "2025-12-08T12:59:43Z", "levelname": "INFO", "name": "Experiment", "message": "Original Size: 4690.57 KB"}
{"asctime": "2025-12-08T12:59:43Z", "levelname": "INFO", "name": "Experiment", "message": "Quantized Size: 1180.28 KB"}
{"asctime": "2025-12-08T12:59:43Z", "levelname": "INFO", "name": "Experiment", "message": "Reduction: 74.84%"}
{"asctime": "2025-12-08T12:59:43Z", "levelname": "INFO", "name": "src.evaluate_model", "message": "Starting evaluation: Storage Quantization (Int8)"}
{"asctime": "2025-12-08T12:59:46Z", "levelname": "INFO", "name": "src.evaluate_model", "message": "Evaluation Result [Storage Quantization (Int8)] - Acc: 98.74% | Loss: 0.0371 | Time: 3.1615s"}
{"asctime": "2025-12-08T12:59:46Z", "levelname": "INFO", "name": "Experiment", "message": "Computing per-layer weight MSE between float model and quantized storage model..."}
{"asctime": "2025-12-08T12:59:46Z", "levelname": "INFO", "name": "Experiment", "message": "Running per-layer sensitivity analysis (quantize one layer at a time)"}
{"asctime": "2025-12-08T12:59:46Z", "levelname": "INFO", "name": "Experiment", "message": "Starting Sensitivity Analysis on 4 layers..."}
{"asctime": "2025-12-08T12:59:46Z", "levelname": "DEBUG", "name": "src.layers", "message": "Quantizing layer (storage): affine 8-bit"}
{"asctime": "2025-12-08T12:59:46Z", "levelname": "DEBUG", "name": "src.quantizer", "message": "Affine Quantization: Min=-0.435975, Max=0.407256, Scale=0.00330679, Zero Point:132"}
{"asctime": "2025-12-08T12:59:46Z", "levelname": "INFO", "name": "src.layers", "message": "Calibrating with 10 batches..."}
{"asctime": "2025-12-08T12:59:49Z", "levelname": "INFO", "name": "src.layers", "message": "Activation calibration finished for quantizable layers"}
{"asctime": "2025-12-08T12:59:49Z", "levelname": "INFO", "name": "src.evaluate_model", "message": "Starting evaluation: Sensitivity: conv1"}
{"asctime": "2025-12-08T12:59:52Z", "levelname": "INFO", "name": "src.evaluate_model", "message": "Evaluation Result [Sensitivity: conv1] - Acc: 98.76% | Loss: 0.0368 | Time: 3.3671s"}
{"asctime": "2025-12-08T12:59:52Z", "levelname": "DEBUG", "name": "src.layers", "message": "Quantizing layer (storage): affine 8-bit"}
{"asctime": "2025-12-08T12:59:52Z", "levelname": "DEBUG", "name": "src.quantizer", "message": "Affine Quantization: Min=-0.323752, Max=0.267143, Scale=0.00231724, Zero Point:140"}
{"asctime": "2025-12-08T12:59:52Z", "levelname": "INFO", "name": "src.layers", "message": "Calibrating with 10 batches..."}
{"asctime": "2025-12-08T12:59:54Z", "levelname": "INFO", "name": "src.layers", "message": "Activation calibration finished for quantizable layers"}
{"asctime": "2025-12-08T12:59:54Z", "levelname": "INFO", "name": "src.evaluate_model", "message": "Starting evaluation: Sensitivity: conv2"}
{"asctime": "2025-12-08T12:59:57Z", "levelname": "INFO", "name": "src.evaluate_model", "message": "Evaluation Result [Sensitivity: conv2] - Acc: 98.86% | Loss: 0.0350 | Time: 2.8738s"}
{"asctime": "2025-12-08T12:59:57Z", "levelname": "DEBUG", "name": "src.layers", "message": "Quantizing layer (storage): affine 8-bit"}
{"asctime": "2025-12-08T12:59:57Z", "levelname": "DEBUG", "name": "src.quantizer", "message": "Affine Quantization: Min=-0.151917, Max=0.159171, Scale=0.00121995, Zero Point:125"}
{"asctime": "2025-12-08T12:59:57Z", "levelname": "INFO", "name": "src.layers", "message": "Calibrating with 10 batches..."}
{"asctime": "2025-12-08T13:00:00Z", "levelname": "INFO", "name": "src.layers", "message": "Activation calibration finished for quantizable layers"}
{"asctime": "2025-12-08T13:00:00Z", "levelname": "INFO", "name": "src.evaluate_model", "message": "Starting evaluation: Sensitivity: fc1"}
{"asctime": "2025-12-08T13:00:02Z", "levelname": "INFO", "name": "src.evaluate_model", "message": "Evaluation Result [Sensitivity: fc1] - Acc: 98.87% | Loss: 0.0349 | Time: 2.7706s"}
{"asctime": "2025-12-08T13:00:02Z", "levelname": "DEBUG", "name": "src.layers", "message": "Quantizing layer (storage): affine 8-bit"}
{"asctime": "2025-12-08T13:00:02Z", "levelname": "DEBUG", "name": "src.quantizer", "message": "Affine Quantization: Min=-0.424717, Max=0.250142, Scale=0.00264651, Zero Point:160"}
{"asctime": "2025-12-08T13:00:02Z", "levelname": "INFO", "name": "src.layers", "message": "Calibrating with 10 batches..."}
{"asctime": "2025-12-08T13:00:04Z", "levelname": "INFO", "name": "src.layers", "message": "Activation calibration finished for quantizable layers"}
{"asctime": "2025-12-08T13:00:04Z", "levelname": "INFO", "name": "src.evaluate_model", "message": "Starting evaluation: Sensitivity: fc2"}
{"asctime": "2025-12-08T13:00:07Z", "levelname": "INFO", "name": "src.evaluate_model", "message": "Evaluation Result [Sensitivity: fc2] - Acc: 98.86% | Loss: 0.0350 | Time: 2.8582s"}
{"asctime": "2025-12-08T13:00:07Z", "levelname": "INFO", "name": "Experiment", "message": "Experiment finished. Summary: \n==========================================\n         Result Report                      \n==========================================\nModel Size (Float32):   4.58 MB\nTheor. Size (Int8):      1.15 MB\n------------------------------------------\nAccuracy Float32:         98.86%\nAccuracy Affine:        98.85%\nAccuracy Symmetric:       98.85%\n=========================================="}
