{"asctime": "2025-12-08T12:54:47Z", "levelname": "INFO", "name": "Experiment", "message": "Config: Using NVIDIA GPU (NVIDIA GeForce RTX 4070 Ti SUPER)"}
{"asctime": "2025-12-08T12:54:47Z", "levelname": "INFO", "name": "Experiment", "message": "Initializing Data Loaders..."}
{"asctime": "2025-12-08T12:54:47Z", "levelname": "WARNING", "name": "Experiment", "message": "Model not found at results/models\\cnn_float32.pth. Training new model."}
{"asctime": "2025-12-08T12:54:47Z", "levelname": "INFO", "name": "src.train", "message": "Starting Training on Device: cuda"}
{"asctime": "2025-12-08T12:54:49Z", "levelname": "INFO", "name": "src.train", "message": "Train Epoch: 1[0/60000(0%)]Loss: 2.316971"}
{"asctime": "2025-12-08T12:54:49Z", "levelname": "INFO", "name": "src.train", "message": "Train Epoch: 1[6400/60000(11%)]Loss: 0.306281"}
{"asctime": "2025-12-08T12:54:50Z", "levelname": "INFO", "name": "src.train", "message": "Train Epoch: 1[12800/60000(21%)]Loss: 0.165782"}
{"asctime": "2025-12-08T12:54:50Z", "levelname": "INFO", "name": "src.train", "message": "Train Epoch: 1[19200/60000(32%)]Loss: 0.062657"}
{"asctime": "2025-12-08T12:54:51Z", "levelname": "INFO", "name": "src.train", "message": "Train Epoch: 1[25600/60000(43%)]Loss: 0.417835"}
{"asctime": "2025-12-08T12:54:51Z", "levelname": "INFO", "name": "src.train", "message": "Train Epoch: 1[32000/60000(53%)]Loss: 0.067172"}
{"asctime": "2025-12-08T12:54:52Z", "levelname": "INFO", "name": "src.train", "message": "Train Epoch: 1[38400/60000(64%)]Loss: 0.078510"}
{"asctime": "2025-12-08T12:54:52Z", "levelname": "INFO", "name": "src.train", "message": "Train Epoch: 1[44800/60000(75%)]Loss: 0.224067"}
{"asctime": "2025-12-08T12:54:53Z", "levelname": "INFO", "name": "src.train", "message": "Train Epoch: 1[51200/60000(85%)]Loss: 0.107283"}
{"asctime": "2025-12-08T12:54:53Z", "levelname": "INFO", "name": "src.train", "message": "Train Epoch: 1[57600/60000(96%)]Loss: 0.008840"}
{"asctime": "2025-12-08T12:54:54Z", "levelname": "INFO", "name": "src.train", "message": "Epoch 1 finished in 7.36s"}
{"asctime": "2025-12-08T12:54:56Z", "levelname": "INFO", "name": "src.train", "message": "Train Epoch: 2[0/60000(0%)]Loss: 0.118768"}
{"asctime": "2025-12-08T12:54:56Z", "levelname": "INFO", "name": "src.train", "message": "Train Epoch: 2[6400/60000(11%)]Loss: 0.039807"}
{"asctime": "2025-12-08T12:54:57Z", "levelname": "INFO", "name": "src.train", "message": "Train Epoch: 2[12800/60000(21%)]Loss: 0.100030"}
{"asctime": "2025-12-08T12:54:57Z", "levelname": "INFO", "name": "src.train", "message": "Train Epoch: 2[19200/60000(32%)]Loss: 0.023993"}
{"asctime": "2025-12-08T12:54:58Z", "levelname": "INFO", "name": "src.train", "message": "Train Epoch: 2[25600/60000(43%)]Loss: 0.208493"}
{"asctime": "2025-12-08T12:54:58Z", "levelname": "INFO", "name": "src.train", "message": "Train Epoch: 2[32000/60000(53%)]Loss: 0.015985"}
{"asctime": "2025-12-08T12:54:59Z", "levelname": "INFO", "name": "src.train", "message": "Train Epoch: 2[38400/60000(64%)]Loss: 0.030888"}
{"asctime": "2025-12-08T12:54:59Z", "levelname": "INFO", "name": "src.train", "message": "Train Epoch: 2[44800/60000(75%)]Loss: 0.093783"}
{"asctime": "2025-12-08T12:55:00Z", "levelname": "INFO", "name": "src.train", "message": "Train Epoch: 2[51200/60000(85%)]Loss: 0.041053"}
{"asctime": "2025-12-08T12:55:01Z", "levelname": "INFO", "name": "src.train", "message": "Train Epoch: 2[57600/60000(96%)]Loss: 0.134730"}
{"asctime": "2025-12-08T12:55:01Z", "levelname": "INFO", "name": "src.train", "message": "Epoch 2 finished in 7.13s"}
{"asctime": "2025-12-08T12:55:03Z", "levelname": "INFO", "name": "src.train", "message": "Train Epoch: 3[0/60000(0%)]Loss: 0.085976"}
{"asctime": "2025-12-08T12:55:03Z", "levelname": "INFO", "name": "src.train", "message": "Train Epoch: 3[6400/60000(11%)]Loss: 0.195171"}
{"asctime": "2025-12-08T12:55:04Z", "levelname": "INFO", "name": "src.train", "message": "Train Epoch: 3[12800/60000(21%)]Loss: 0.062626"}
{"asctime": "2025-12-08T12:55:04Z", "levelname": "INFO", "name": "src.train", "message": "Train Epoch: 3[19200/60000(32%)]Loss: 0.054491"}
{"asctime": "2025-12-08T12:55:05Z", "levelname": "INFO", "name": "src.train", "message": "Train Epoch: 3[25600/60000(43%)]Loss: 0.012226"}
{"asctime": "2025-12-08T12:55:05Z", "levelname": "INFO", "name": "src.train", "message": "Train Epoch: 3[32000/60000(53%)]Loss: 0.133179"}
{"asctime": "2025-12-08T12:55:06Z", "levelname": "INFO", "name": "src.train", "message": "Train Epoch: 3[38400/60000(64%)]Loss: 0.088097"}
{"asctime": "2025-12-08T12:55:07Z", "levelname": "INFO", "name": "src.train", "message": "Train Epoch: 3[44800/60000(75%)]Loss: 0.008137"}
{"asctime": "2025-12-08T12:55:07Z", "levelname": "INFO", "name": "src.train", "message": "Train Epoch: 3[51200/60000(85%)]Loss: 0.087615"}
{"asctime": "2025-12-08T12:55:08Z", "levelname": "INFO", "name": "src.train", "message": "Train Epoch: 3[57600/60000(96%)]Loss: 0.048903"}
{"asctime": "2025-12-08T12:55:08Z", "levelname": "INFO", "name": "src.train", "message": "Epoch 3 finished in 7.06s"}
{"asctime": "2025-12-08T12:55:08Z", "levelname": "INFO", "name": "src.train", "message": "Refernce Model saved to: results/models\\cnn_float32.pth"}
{"asctime": "2025-12-08T12:55:08Z", "levelname": "INFO", "name": "src.evaluate_model", "message": "Starting evaluation: Baseline Float32"}
{"asctime": "2025-12-08T12:55:11Z", "levelname": "INFO", "name": "src.evaluate_model", "message": "Evaluation Result [Baseline Float32] - Acc: 98.71% | Loss: 0.0387 | Time: 2.8377s"}
{"asctime": "2025-12-08T12:55:11Z", "levelname": "INFO", "name": "Experiment", "message": "Applying 8-bit Affine Quantization... (Simulated)"}
{"asctime": "2025-12-08T12:55:11Z", "levelname": "DEBUG", "name": "Experiment", "message": "Quantization layer (affine): conv1"}
{"asctime": "2025-12-08T12:55:11Z", "levelname": "DEBUG", "name": "src.quantizer", "message": "Affine Quantization: Min=-0.500783, Max=0.419438, Scale=0.00360871, Zero Point:139"}
{"asctime": "2025-12-08T12:55:11Z", "levelname": "DEBUG", "name": "Experiment", "message": "Quantization layer (affine): conv2"}
{"asctime": "2025-12-08T12:55:11Z", "levelname": "DEBUG", "name": "src.quantizer", "message": "Affine Quantization: Min=-0.304392, Max=0.228063, Scale=0.00208806, Zero Point:146"}
{"asctime": "2025-12-08T12:55:11Z", "levelname": "DEBUG", "name": "Experiment", "message": "Quantization layer (affine): fc1"}
{"asctime": "2025-12-08T12:55:11Z", "levelname": "DEBUG", "name": "src.quantizer", "message": "Affine Quantization: Min=-0.196809, Max=0.194476, Scale=0.00153445, Zero Point:128"}
{"asctime": "2025-12-08T12:55:11Z", "levelname": "DEBUG", "name": "Experiment", "message": "Quantization layer (affine): fc2"}
{"asctime": "2025-12-08T12:55:11Z", "levelname": "DEBUG", "name": "src.quantizer", "message": "Affine Quantization: Min=-0.448275, Max=0.252436, Scale=0.00274789, Zero Point:163"}
{"asctime": "2025-12-08T12:55:11Z", "levelname": "INFO", "name": "src.evaluate_model", "message": "Starting evaluation: Simulated Affine 8-bit"}
{"asctime": "2025-12-08T12:55:14Z", "levelname": "INFO", "name": "src.evaluate_model", "message": "Evaluation Result [Simulated Affine 8-bit] - Acc: 98.73% | Loss: 0.0388 | Time: 2.7472s"}
{"asctime": "2025-12-08T12:55:14Z", "levelname": "INFO", "name": "Experiment", "message": "Applying 8-bit Symmetric Quantization... (Simulated)"}
{"asctime": "2025-12-08T12:55:14Z", "levelname": "DEBUG", "name": "Experiment", "message": "Quantizing layer (symmetric): conv1"}
{"asctime": "2025-12-08T12:55:14Z", "levelname": "DEBUG", "name": "src.quantizer", "message": "Symmetric Quantization: Max value=0.5008, Scale=0.003943, Range=[-127, 127]"}
{"asctime": "2025-12-08T12:55:14Z", "levelname": "DEBUG", "name": "Experiment", "message": "Quantizing layer (symmetric): conv2"}
{"asctime": "2025-12-08T12:55:14Z", "levelname": "DEBUG", "name": "src.quantizer", "message": "Symmetric Quantization: Max value=0.3044, Scale=0.002397, Range=[-127, 127]"}
{"asctime": "2025-12-08T12:55:14Z", "levelname": "DEBUG", "name": "Experiment", "message": "Quantizing layer (symmetric): fc1"}
{"asctime": "2025-12-08T12:55:14Z", "levelname": "DEBUG", "name": "src.quantizer", "message": "Symmetric Quantization: Max value=0.1968, Scale=0.001550, Range=[-127, 127]"}
{"asctime": "2025-12-08T12:55:14Z", "levelname": "DEBUG", "name": "Experiment", "message": "Quantizing layer (symmetric): fc2"}
{"asctime": "2025-12-08T12:55:14Z", "levelname": "DEBUG", "name": "src.quantizer", "message": "Symmetric Quantization: Max value=0.4483, Scale=0.003530, Range=[-127, 127]"}
{"asctime": "2025-12-08T12:55:14Z", "levelname": "INFO", "name": "src.evaluate_model", "message": "Starting evaluation: Simulated Symmetric 8-bit"}
{"asctime": "2025-12-08T12:55:17Z", "levelname": "INFO", "name": "src.evaluate_model", "message": "Evaluation Result [Simulated Symmetric 8-bit] - Acc: 98.71% | Loss: 0.0388 | Time: 2.7419s"}
{"asctime": "2025-12-08T12:55:17Z", "levelname": "INFO", "name": "Experiment", "message": "Starting Actual Storage Quantization (Int8).."}
{"asctime": "2025-12-08T12:55:17Z", "levelname": "INFO", "name": "Experiment", "message": "Model layers replaced with Quantizable versions"}
{"asctime": "2025-12-08T12:55:17Z", "levelname": "DEBUG", "name": "src.layers", "message": "Quantizing layer (storage): affine 8-bit"}
{"asctime": "2025-12-08T12:55:17Z", "levelname": "DEBUG", "name": "src.quantizer", "message": "Affine Quantization: Min=-0.500783, Max=0.419438, Scale=0.00360871, Zero Point:139"}
{"asctime": "2025-12-08T12:55:17Z", "levelname": "DEBUG", "name": "src.layers", "message": "Quantizing layer (storage): affine 8-bit"}
{"asctime": "2025-12-08T12:55:17Z", "levelname": "DEBUG", "name": "src.quantizer", "message": "Affine Quantization: Min=-0.304392, Max=0.228063, Scale=0.00208806, Zero Point:146"}
{"asctime": "2025-12-08T12:55:17Z", "levelname": "DEBUG", "name": "src.layers", "message": "Quantizing layer (storage): affine 8-bit"}
{"asctime": "2025-12-08T12:55:17Z", "levelname": "DEBUG", "name": "src.quantizer", "message": "Affine Quantization: Min=-0.196809, Max=0.194476, Scale=0.00153445, Zero Point:128"}
{"asctime": "2025-12-08T12:55:17Z", "levelname": "DEBUG", "name": "src.layers", "message": "Quantizing layer (storage): affine 8-bit"}
{"asctime": "2025-12-08T12:55:17Z", "levelname": "DEBUG", "name": "src.quantizer", "message": "Affine Quantization: Min=-0.448275, Max=0.252436, Scale=0.00274789, Zero Point:163"}
{"asctime": "2025-12-08T12:55:17Z", "levelname": "INFO", "name": "Experiment", "message": "Calibrating activations for quantized model (using train set subset)..."}
{"asctime": "2025-12-08T12:55:17Z", "levelname": "INFO", "name": "src.layers", "message": "Calibrating with 50 batches..."}
{"asctime": "2025-12-08T12:55:19Z", "levelname": "INFO", "name": "src.layers", "message": "Activation calibration finished for quantizable layers"}
{"asctime": "2025-12-08T12:55:19Z", "levelname": "INFO", "name": "Experiment", "message": "Original Size: 4690.57 KB"}
{"asctime": "2025-12-08T12:55:19Z", "levelname": "INFO", "name": "Experiment", "message": "Quantized Size: 7.62 KB"}
{"asctime": "2025-12-08T12:55:19Z", "levelname": "INFO", "name": "Experiment", "message": "Reduction: 99.84%"}
{"asctime": "2025-12-08T12:55:19Z", "levelname": "INFO", "name": "src.evaluate_model", "message": "Starting evaluation: Storage Quantization (Int8)"}
