{"asctime": "2025-12-08T12:49:14Z", "levelname": "INFO", "name": "Experiment", "message": "Config: Using NVIDIA GPU (NVIDIA GeForce RTX 4070 Ti SUPER)"}
{"asctime": "2025-12-08T12:49:14Z", "levelname": "INFO", "name": "Experiment", "message": "Initializing Data Loaders..."}
{"asctime": "2025-12-08T12:49:14Z", "levelname": "INFO", "name": "Experiment", "message": "Loading existing model from results/models\\cnn_float32.pth"}
{"asctime": "2025-12-08T12:49:15Z", "levelname": "INFO", "name": "src.evaluate_model", "message": "Starting evaluation: Baseline Float32"}
{"asctime": "2025-12-08T12:49:17Z", "levelname": "INFO", "name": "src.evaluate_model", "message": "Evaluation Result [Baseline Float32] - Acc: 98.60% | Loss: 0.0402 | Time: 2.8280s"}
{"asctime": "2025-12-08T12:49:17Z", "levelname": "INFO", "name": "Experiment", "message": "Applying 8-bit Affine Quantization... (Simulated)"}
{"asctime": "2025-12-08T12:49:17Z", "levelname": "DEBUG", "name": "Experiment", "message": "Quantization layer (affine): conv1"}
{"asctime": "2025-12-08T12:49:17Z", "levelname": "DEBUG", "name": "src.quantizer", "message": "Affine Quantization: Min=-0.470381, Max=0.440711, Scale=0.00357291, Zero Point:132"}
{"asctime": "2025-12-08T12:49:17Z", "levelname": "DEBUG", "name": "Experiment", "message": "Quantization layer (affine): conv2"}
{"asctime": "2025-12-08T12:49:17Z", "levelname": "DEBUG", "name": "src.quantizer", "message": "Affine Quantization: Min=-0.308517, Max=0.247611, Scale=0.00218089, Zero Point:141"}
{"asctime": "2025-12-08T12:49:17Z", "levelname": "DEBUG", "name": "Experiment", "message": "Quantization layer (affine): fc1"}
{"asctime": "2025-12-08T12:49:17Z", "levelname": "DEBUG", "name": "src.quantizer", "message": "Affine Quantization: Min=-0.174588, Max=0.173631, Scale=0.00136557, Zero Point:128"}
{"asctime": "2025-12-08T12:49:17Z", "levelname": "DEBUG", "name": "Experiment", "message": "Quantization layer (affine): fc2"}
{"asctime": "2025-12-08T12:49:17Z", "levelname": "DEBUG", "name": "src.quantizer", "message": "Affine Quantization: Min=-0.441056, Max=0.239447, Scale=0.00266864, Zero Point:165"}
{"asctime": "2025-12-08T12:49:17Z", "levelname": "INFO", "name": "src.evaluate_model", "message": "Starting evaluation: Simulated Affine 8-bit"}
{"asctime": "2025-12-08T12:49:20Z", "levelname": "INFO", "name": "src.evaluate_model", "message": "Evaluation Result [Simulated Affine 8-bit] - Acc: 98.60% | Loss: 0.0402 | Time: 2.7416s"}
{"asctime": "2025-12-08T12:49:20Z", "levelname": "INFO", "name": "Experiment", "message": "Applying 8-bit Symmetric Quantization... (Simulated)"}
{"asctime": "2025-12-08T12:49:20Z", "levelname": "DEBUG", "name": "Experiment", "message": "Quantizing layer (symmetric): conv1"}
{"asctime": "2025-12-08T12:49:20Z", "levelname": "DEBUG", "name": "src.quantizer", "message": "Symmetric Quantization: Max value=0.4704, Scale=0.003704, Range=[-127, 127]"}
{"asctime": "2025-12-08T12:49:20Z", "levelname": "DEBUG", "name": "Experiment", "message": "Quantizing layer (symmetric): conv2"}
{"asctime": "2025-12-08T12:49:20Z", "levelname": "DEBUG", "name": "src.quantizer", "message": "Symmetric Quantization: Max value=0.3085, Scale=0.002429, Range=[-127, 127]"}
{"asctime": "2025-12-08T12:49:20Z", "levelname": "DEBUG", "name": "Experiment", "message": "Quantizing layer (symmetric): fc1"}
{"asctime": "2025-12-08T12:49:20Z", "levelname": "DEBUG", "name": "src.quantizer", "message": "Symmetric Quantization: Max value=0.1746, Scale=0.001375, Range=[-127, 127]"}
{"asctime": "2025-12-08T12:49:20Z", "levelname": "DEBUG", "name": "Experiment", "message": "Quantizing layer (symmetric): fc2"}
{"asctime": "2025-12-08T12:49:20Z", "levelname": "DEBUG", "name": "src.quantizer", "message": "Symmetric Quantization: Max value=0.4411, Scale=0.003473, Range=[-127, 127]"}
{"asctime": "2025-12-08T12:49:20Z", "levelname": "INFO", "name": "src.evaluate_model", "message": "Starting evaluation: Simulated Symmetric 8-bit"}
{"asctime": "2025-12-08T12:49:23Z", "levelname": "INFO", "name": "src.evaluate_model", "message": "Evaluation Result [Simulated Symmetric 8-bit] - Acc: 98.62% | Loss: 0.0401 | Time: 2.7665s"}
{"asctime": "2025-12-08T12:49:23Z", "levelname": "INFO", "name": "Experiment", "message": "Starting Actual Storage Quantization (Int8).."}
{"asctime": "2025-12-08T12:49:23Z", "levelname": "INFO", "name": "Experiment", "message": "Model layers replaced with Quantizable versions"}
{"asctime": "2025-12-08T12:49:23Z", "levelname": "INFO", "name": "Experiment", "message": "Calibrating activations for quantized model (using train set subset)..."}
{"asctime": "2025-12-08T12:49:23Z", "levelname": "INFO", "name": "src.layers", "message": "Calibrating with 50 batches..."}
{"asctime": "2025-12-08T12:49:25Z", "levelname": "INFO", "name": "src.layers", "message": "Activation calibration finished for quantizable layers"}
{"asctime": "2025-12-08T12:49:25Z", "levelname": "INFO", "name": "Experiment", "message": "Original Size: 4690.57 KB"}
{"asctime": "2025-12-08T12:49:25Z", "levelname": "INFO", "name": "Experiment", "message": "Quantized Size: 4694.84 KB"}
{"asctime": "2025-12-08T12:49:25Z", "levelname": "INFO", "name": "Experiment", "message": "Reduction: -0.09%"}
{"asctime": "2025-12-08T12:49:25Z", "levelname": "INFO", "name": "src.evaluate_model", "message": "Starting evaluation: Storage Quantization (Int8)"}
{"asctime": "2025-12-08T12:49:28Z", "levelname": "INFO", "name": "src.evaluate_model", "message": "Evaluation Result [Storage Quantization (Int8)] - Acc: 98.60% | Loss: 0.0402 | Time: 2.7818s"}
{"asctime": "2025-12-08T12:49:28Z", "levelname": "INFO", "name": "Experiment", "message": "Computing per-layer weight MSE between float model and quantized storage model..."}
{"asctime": "2025-12-08T12:49:28Z", "levelname": "INFO", "name": "Experiment", "message": "Running per-layer sensitivity analysis (quantize one layer at a time)"}
{"asctime": "2025-12-08T12:49:28Z", "levelname": "INFO", "name": "Experiment", "message": "Starting Sensitivity Analysis on 4 layers..."}
{"asctime": "2025-12-08T12:49:28Z", "levelname": "INFO", "name": "src.layers", "message": "Calibrating with 10 batches..."}
{"asctime": "2025-12-08T12:49:30Z", "levelname": "INFO", "name": "src.layers", "message": "Activation calibration finished for quantizable layers"}
{"asctime": "2025-12-08T12:49:30Z", "levelname": "INFO", "name": "src.evaluate_model", "message": "Starting evaluation: Sensitivity: conv1"}
{"asctime": "2025-12-08T12:49:33Z", "levelname": "INFO", "name": "src.evaluate_model", "message": "Evaluation Result [Sensitivity: conv1] - Acc: 98.60% | Loss: 0.0402 | Time: 2.8281s"}
{"asctime": "2025-12-08T12:49:33Z", "levelname": "INFO", "name": "src.layers", "message": "Calibrating with 10 batches..."}
{"asctime": "2025-12-08T12:49:35Z", "levelname": "INFO", "name": "src.layers", "message": "Activation calibration finished for quantizable layers"}
{"asctime": "2025-12-08T12:49:35Z", "levelname": "INFO", "name": "src.evaluate_model", "message": "Starting evaluation: Sensitivity: conv2"}
{"asctime": "2025-12-08T12:49:38Z", "levelname": "INFO", "name": "src.evaluate_model", "message": "Evaluation Result [Sensitivity: conv2] - Acc: 98.60% | Loss: 0.0402 | Time: 2.7734s"}
{"asctime": "2025-12-08T12:49:38Z", "levelname": "INFO", "name": "src.layers", "message": "Calibrating with 10 batches..."}
{"asctime": "2025-12-08T12:49:40Z", "levelname": "INFO", "name": "src.layers", "message": "Activation calibration finished for quantizable layers"}
{"asctime": "2025-12-08T12:49:40Z", "levelname": "INFO", "name": "src.evaluate_model", "message": "Starting evaluation: Sensitivity: fc1"}
{"asctime": "2025-12-08T12:49:43Z", "levelname": "INFO", "name": "src.evaluate_model", "message": "Evaluation Result [Sensitivity: fc1] - Acc: 98.60% | Loss: 0.0402 | Time: 2.7869s"}
{"asctime": "2025-12-08T12:49:43Z", "levelname": "INFO", "name": "src.layers", "message": "Calibrating with 10 batches..."}
{"asctime": "2025-12-08T12:49:45Z", "levelname": "INFO", "name": "src.layers", "message": "Activation calibration finished for quantizable layers"}
{"asctime": "2025-12-08T12:49:45Z", "levelname": "INFO", "name": "src.evaluate_model", "message": "Starting evaluation: Sensitivity: fc2"}
{"asctime": "2025-12-08T12:49:48Z", "levelname": "INFO", "name": "src.evaluate_model", "message": "Evaluation Result [Sensitivity: fc2] - Acc: 98.60% | Loss: 0.0402 | Time: 2.7524s"}
{"asctime": "2025-12-08T12:49:48Z", "levelname": "INFO", "name": "Experiment", "message": "Experiment finished. Summary: \n==========================================\n         Result Report                      \n==========================================\nModel Size (Float32):   4.58 MB\nTheor. Size (Int8):      1.15 MB\n------------------------------------------\nAccuracy Float32:         98.60%\nAccuracy Affine:        98.60%\nAccuracy Symmetric:       98.62%\n=========================================="}
