{"asctime": "2025-12-08T19:00:58Z", "levelname": "INFO", "name": "Experiment", "message": "Config: Using NVIDIA GPU (NVIDIA GeForce RTX 4070 Ti SUPER)"}
{"asctime": "2025-12-08T19:00:58Z", "levelname": "INFO", "name": "Experiment", "message": "Initializing Data Loaders..."}
{"asctime": "2025-12-08T19:00:58Z", "levelname": "WARNING", "name": "Experiment", "message": "Model not found at results/models\\cnn_float32.pth. Training new model."}
{"asctime": "2025-12-08T19:00:58Z", "levelname": "INFO", "name": "src.train", "message": "Starting Training on Device: cuda"}
{"asctime": "2025-12-08T19:01:00Z", "levelname": "INFO", "name": "src.train", "message": "Train Epoch: 1[0/60000(0%)]Loss: 2.326974"}
{"asctime": "2025-12-08T19:01:01Z", "levelname": "INFO", "name": "src.train", "message": "Train Epoch: 1[6400/60000(11%)]Loss: 0.215117"}
{"asctime": "2025-12-08T19:01:01Z", "levelname": "INFO", "name": "src.train", "message": "Train Epoch: 1[12800/60000(21%)]Loss: 0.113366"}
{"asctime": "2025-12-08T19:01:02Z", "levelname": "INFO", "name": "src.train", "message": "Train Epoch: 1[19200/60000(32%)]Loss: 0.125177"}
{"asctime": "2025-12-08T19:01:02Z", "levelname": "INFO", "name": "src.train", "message": "Train Epoch: 1[25600/60000(43%)]Loss: 0.125783"}
{"asctime": "2025-12-08T19:01:03Z", "levelname": "INFO", "name": "src.train", "message": "Train Epoch: 1[32000/60000(53%)]Loss: 0.097674"}
{"asctime": "2025-12-08T19:01:04Z", "levelname": "INFO", "name": "src.train", "message": "Train Epoch: 1[38400/60000(64%)]Loss: 0.089106"}
{"asctime": "2025-12-08T19:01:04Z", "levelname": "INFO", "name": "src.train", "message": "Train Epoch: 1[44800/60000(75%)]Loss: 0.198226"}
{"asctime": "2025-12-08T19:01:05Z", "levelname": "INFO", "name": "src.train", "message": "Train Epoch: 1[51200/60000(85%)]Loss: 0.216087"}
{"asctime": "2025-12-08T19:01:05Z", "levelname": "INFO", "name": "src.train", "message": "Train Epoch: 1[57600/60000(96%)]Loss: 0.162236"}
{"asctime": "2025-12-08T19:01:06Z", "levelname": "INFO", "name": "src.train", "message": "Epoch 1 finished in 7.88s"}
{"asctime": "2025-12-08T19:01:08Z", "levelname": "INFO", "name": "src.train", "message": "Train Epoch: 2[0/60000(0%)]Loss: 0.096025"}
{"asctime": "2025-12-08T19:01:08Z", "levelname": "INFO", "name": "src.train", "message": "Train Epoch: 2[6400/60000(11%)]Loss: 0.141440"}
{"asctime": "2025-12-08T19:01:09Z", "levelname": "INFO", "name": "src.train", "message": "Train Epoch: 2[12800/60000(21%)]Loss: 0.115093"}
{"asctime": "2025-12-08T19:01:09Z", "levelname": "INFO", "name": "src.train", "message": "Train Epoch: 2[19200/60000(32%)]Loss: 0.046721"}
{"asctime": "2025-12-08T19:01:10Z", "levelname": "INFO", "name": "src.train", "message": "Train Epoch: 2[25600/60000(43%)]Loss: 0.054063"}
{"asctime": "2025-12-08T19:01:10Z", "levelname": "INFO", "name": "src.train", "message": "Train Epoch: 2[32000/60000(53%)]Loss: 0.132699"}
{"asctime": "2025-12-08T19:01:11Z", "levelname": "INFO", "name": "src.train", "message": "Train Epoch: 2[38400/60000(64%)]Loss: 0.379588"}
{"asctime": "2025-12-08T19:01:11Z", "levelname": "INFO", "name": "src.train", "message": "Train Epoch: 2[44800/60000(75%)]Loss: 0.021468"}
{"asctime": "2025-12-08T19:01:12Z", "levelname": "INFO", "name": "src.train", "message": "Train Epoch: 2[51200/60000(85%)]Loss: 0.320454"}
{"asctime": "2025-12-08T19:01:13Z", "levelname": "INFO", "name": "src.train", "message": "Train Epoch: 2[57600/60000(96%)]Loss: 0.023836"}
{"asctime": "2025-12-08T19:01:13Z", "levelname": "INFO", "name": "src.train", "message": "Epoch 2 finished in 7.15s"}
{"asctime": "2025-12-08T19:01:15Z", "levelname": "INFO", "name": "src.train", "message": "Train Epoch: 3[0/60000(0%)]Loss: 0.006425"}
{"asctime": "2025-12-08T19:01:15Z", "levelname": "INFO", "name": "src.train", "message": "Train Epoch: 3[6400/60000(11%)]Loss: 0.006731"}
{"asctime": "2025-12-08T19:01:16Z", "levelname": "INFO", "name": "src.train", "message": "Train Epoch: 3[12800/60000(21%)]Loss: 0.047627"}
{"asctime": "2025-12-08T19:01:16Z", "levelname": "INFO", "name": "src.train", "message": "Train Epoch: 3[19200/60000(32%)]Loss: 0.003879"}
{"asctime": "2025-12-08T19:01:17Z", "levelname": "INFO", "name": "src.train", "message": "Train Epoch: 3[25600/60000(43%)]Loss: 0.100444"}
{"asctime": "2025-12-08T19:01:18Z", "levelname": "INFO", "name": "src.train", "message": "Train Epoch: 3[32000/60000(53%)]Loss: 0.021044"}
{"asctime": "2025-12-08T19:01:18Z", "levelname": "INFO", "name": "src.train", "message": "Train Epoch: 3[38400/60000(64%)]Loss: 0.003798"}
{"asctime": "2025-12-08T19:01:19Z", "levelname": "INFO", "name": "src.train", "message": "Train Epoch: 3[44800/60000(75%)]Loss: 0.046145"}
{"asctime": "2025-12-08T19:01:19Z", "levelname": "INFO", "name": "src.train", "message": "Train Epoch: 3[51200/60000(85%)]Loss: 0.025943"}
{"asctime": "2025-12-08T19:01:20Z", "levelname": "INFO", "name": "src.train", "message": "Train Epoch: 3[57600/60000(96%)]Loss: 0.062573"}
{"asctime": "2025-12-08T19:01:20Z", "levelname": "INFO", "name": "src.train", "message": "Epoch 3 finished in 7.25s"}
{"asctime": "2025-12-08T19:01:20Z", "levelname": "INFO", "name": "src.train", "message": "Refernce Model saved to: results/models\\cnn_float32.pth"}
{"asctime": "2025-12-08T19:01:20Z", "levelname": "INFO", "name": "src.evaluate_model", "message": "Starting evaluation: Baseline Float32"}
{"asctime": "2025-12-08T19:01:23Z", "levelname": "INFO", "name": "src.evaluate_model", "message": "Evaluation Result [Baseline Float32] - Acc: 98.74% | Loss: 0.0380 | Time: 2.8460s"}
{"asctime": "2025-12-08T19:01:23Z", "levelname": "INFO", "name": "Experiment", "message": "Applying 8-bit Affine Quantization... (Simulated)"}
{"asctime": "2025-12-08T19:01:23Z", "levelname": "DEBUG", "name": "Experiment", "message": "Quantization layer (affine): conv1"}
{"asctime": "2025-12-08T19:01:23Z", "levelname": "DEBUG", "name": "src.quantizer", "message": "Affine Quantization: Min=-0.480838, Max=0.424830, Scale=0.00355164, Zero Point:135"}
{"asctime": "2025-12-08T19:01:23Z", "levelname": "DEBUG", "name": "Experiment", "message": "Quantization layer (affine): conv2"}
{"asctime": "2025-12-08T19:01:23Z", "levelname": "DEBUG", "name": "src.quantizer", "message": "Affine Quantization: Min=-0.357402, Max=0.257038, Scale=0.00240957, Zero Point:148"}
{"asctime": "2025-12-08T19:01:23Z", "levelname": "DEBUG", "name": "Experiment", "message": "Quantization layer (affine): fc1"}
{"asctime": "2025-12-08T19:01:23Z", "levelname": "DEBUG", "name": "src.quantizer", "message": "Affine Quantization: Min=-0.179746, Max=0.202817, Scale=0.00150025, Zero Point:120"}
{"asctime": "2025-12-08T19:01:23Z", "levelname": "DEBUG", "name": "Experiment", "message": "Quantization layer (affine): fc2"}
{"asctime": "2025-12-08T19:01:23Z", "levelname": "DEBUG", "name": "src.quantizer", "message": "Affine Quantization: Min=-0.449698, Max=0.349509, Scale=0.00313415, Zero Point:143"}
{"asctime": "2025-12-08T19:01:23Z", "levelname": "INFO", "name": "src.evaluate_model", "message": "Starting evaluation: Simulated Affine 8-bit"}
{"asctime": "2025-12-08T19:01:26Z", "levelname": "INFO", "name": "src.evaluate_model", "message": "Evaluation Result [Simulated Affine 8-bit] - Acc: 98.73% | Loss: 0.0381 | Time: 2.7798s"}
{"asctime": "2025-12-08T19:01:26Z", "levelname": "INFO", "name": "Experiment", "message": "Applying 8-bit Symmetric Quantization... (Simulated)"}
{"asctime": "2025-12-08T19:01:26Z", "levelname": "DEBUG", "name": "Experiment", "message": "Quantizing layer (symmetric): conv1"}
{"asctime": "2025-12-08T19:01:26Z", "levelname": "DEBUG", "name": "src.quantizer", "message": "Symmetric Quantization: Max value=0.4808, Scale=0.003786, Range=[-127, 127]"}
{"asctime": "2025-12-08T19:01:26Z", "levelname": "DEBUG", "name": "Experiment", "message": "Quantizing layer (symmetric): conv2"}
{"asctime": "2025-12-08T19:01:26Z", "levelname": "DEBUG", "name": "src.quantizer", "message": "Symmetric Quantization: Max value=0.3574, Scale=0.002814, Range=[-127, 127]"}
{"asctime": "2025-12-08T19:01:26Z", "levelname": "DEBUG", "name": "Experiment", "message": "Quantizing layer (symmetric): fc1"}
{"asctime": "2025-12-08T19:01:26Z", "levelname": "DEBUG", "name": "src.quantizer", "message": "Symmetric Quantization: Max value=0.2028, Scale=0.001597, Range=[-127, 127]"}
{"asctime": "2025-12-08T19:01:26Z", "levelname": "DEBUG", "name": "Experiment", "message": "Quantizing layer (symmetric): fc2"}
{"asctime": "2025-12-08T19:01:26Z", "levelname": "DEBUG", "name": "src.quantizer", "message": "Symmetric Quantization: Max value=0.4497, Scale=0.003541, Range=[-127, 127]"}
{"asctime": "2025-12-08T19:01:26Z", "levelname": "INFO", "name": "src.evaluate_model", "message": "Starting evaluation: Simulated Symmetric 8-bit"}
{"asctime": "2025-12-08T19:01:29Z", "levelname": "INFO", "name": "src.evaluate_model", "message": "Evaluation Result [Simulated Symmetric 8-bit] - Acc: 98.77% | Loss: 0.0377 | Time: 2.7956s"}
{"asctime": "2025-12-08T19:01:29Z", "levelname": "INFO", "name": "Experiment", "message": "Starting Actual Storage Quantization (Int8).."}
{"asctime": "2025-12-08T19:01:29Z", "levelname": "INFO", "name": "Experiment", "message": "Model layers replaced with Quantizable versions"}
{"asctime": "2025-12-08T19:01:29Z", "levelname": "DEBUG", "name": "src.layers", "message": "Quantizing layer (storage): affine 8-bit"}
{"asctime": "2025-12-08T19:01:29Z", "levelname": "DEBUG", "name": "src.quantizer", "message": "Affine Quantization: Min=-0.480838, Max=0.424830, Scale=0.00355164, Zero Point:135"}
{"asctime": "2025-12-08T19:01:29Z", "levelname": "DEBUG", "name": "src.layers", "message": "Quantizing layer (storage): affine 8-bit"}
{"asctime": "2025-12-08T19:01:29Z", "levelname": "DEBUG", "name": "src.quantizer", "message": "Affine Quantization: Min=-0.357402, Max=0.257038, Scale=0.00240957, Zero Point:148"}
{"asctime": "2025-12-08T19:01:29Z", "levelname": "DEBUG", "name": "src.layers", "message": "Quantizing layer (storage): affine 8-bit"}
{"asctime": "2025-12-08T19:01:29Z", "levelname": "DEBUG", "name": "src.quantizer", "message": "Affine Quantization: Min=-0.179746, Max=0.202817, Scale=0.00150025, Zero Point:120"}
{"asctime": "2025-12-08T19:01:29Z", "levelname": "DEBUG", "name": "src.layers", "message": "Quantizing layer (storage): affine 8-bit"}
{"asctime": "2025-12-08T19:01:29Z", "levelname": "DEBUG", "name": "src.quantizer", "message": "Affine Quantization: Min=-0.449698, Max=0.349509, Scale=0.00313415, Zero Point:143"}
{"asctime": "2025-12-08T19:01:29Z", "levelname": "INFO", "name": "Experiment", "message": "Calibrating activations for quantized model (using train set subset)..."}
{"asctime": "2025-12-08T19:01:29Z", "levelname": "INFO", "name": "src.layers", "message": "Calibrating with 50 batches..."}
{"asctime": "2025-12-08T19:01:31Z", "levelname": "INFO", "name": "src.layers", "message": "Activation calibration finished for quantizable layers"}
{"asctime": "2025-12-08T19:01:31Z", "levelname": "INFO", "name": "Experiment", "message": "Original Size: 4690.57 KB"}
{"asctime": "2025-12-08T19:01:31Z", "levelname": "INFO", "name": "Experiment", "message": "Quantized Size: 1180.28 KB"}
{"asctime": "2025-12-08T19:01:31Z", "levelname": "INFO", "name": "Experiment", "message": "Reduction: 74.84%"}
{"asctime": "2025-12-08T19:01:31Z", "levelname": "INFO", "name": "src.evaluate_model", "message": "Starting evaluation: Storage Quantization (Int8)"}
{"asctime": "2025-12-08T19:01:34Z", "levelname": "INFO", "name": "src.evaluate_model", "message": "Evaluation Result [Storage Quantization (Int8)] - Acc: 98.86% | Loss: 0.0342 | Time: 2.7491s"}
{"asctime": "2025-12-08T19:01:34Z", "levelname": "INFO", "name": "Experiment", "message": "Computing per-layer weight MSE between float model and quantized storage model..."}
{"asctime": "2025-12-08T19:01:34Z", "levelname": "INFO", "name": "Experiment", "message": "Running per-layer sensitivity analysis (quantize one layer at a time)"}
{"asctime": "2025-12-08T19:01:34Z", "levelname": "INFO", "name": "Experiment", "message": "Starting Sensitivity Analysis on 4 layers..."}
{"asctime": "2025-12-08T19:01:34Z", "levelname": "DEBUG", "name": "src.layers", "message": "Quantizing layer (storage): affine 8-bit"}
{"asctime": "2025-12-08T19:01:34Z", "levelname": "DEBUG", "name": "src.quantizer", "message": "Affine Quantization: Min=-0.480838, Max=0.424830, Scale=0.00355164, Zero Point:135"}
{"asctime": "2025-12-08T19:01:34Z", "levelname": "INFO", "name": "src.layers", "message": "Calibrating with 10 batches..."}
{"asctime": "2025-12-08T19:01:36Z", "levelname": "INFO", "name": "src.layers", "message": "Activation calibration finished for quantizable layers"}
{"asctime": "2025-12-08T19:01:36Z", "levelname": "INFO", "name": "src.evaluate_model", "message": "Starting evaluation: Sensitivity: conv1"}
{"asctime": "2025-12-08T19:01:39Z", "levelname": "INFO", "name": "src.evaluate_model", "message": "Evaluation Result [Sensitivity: conv1] - Acc: 98.87% | Loss: 0.0340 | Time: 2.7562s"}
{"asctime": "2025-12-08T19:01:39Z", "levelname": "DEBUG", "name": "src.layers", "message": "Quantizing layer (storage): affine 8-bit"}
{"asctime": "2025-12-08T19:01:39Z", "levelname": "DEBUG", "name": "src.quantizer", "message": "Affine Quantization: Min=-0.357402, Max=0.257038, Scale=0.00240957, Zero Point:148"}
{"asctime": "2025-12-08T19:01:39Z", "levelname": "INFO", "name": "src.layers", "message": "Calibrating with 10 batches..."}
{"asctime": "2025-12-08T19:01:41Z", "levelname": "INFO", "name": "src.layers", "message": "Activation calibration finished for quantizable layers"}
{"asctime": "2025-12-08T19:01:41Z", "levelname": "INFO", "name": "src.evaluate_model", "message": "Starting evaluation: Sensitivity: conv2"}
{"asctime": "2025-12-08T19:01:44Z", "levelname": "INFO", "name": "src.evaluate_model", "message": "Evaluation Result [Sensitivity: conv2] - Acc: 98.76% | Loss: 0.0382 | Time: 2.9156s"}
{"asctime": "2025-12-08T19:01:44Z", "levelname": "DEBUG", "name": "src.layers", "message": "Quantizing layer (storage): affine 8-bit"}
{"asctime": "2025-12-08T19:01:44Z", "levelname": "DEBUG", "name": "src.quantizer", "message": "Affine Quantization: Min=-0.179746, Max=0.202817, Scale=0.00150025, Zero Point:120"}
{"asctime": "2025-12-08T19:01:44Z", "levelname": "INFO", "name": "src.layers", "message": "Calibrating with 10 batches..."}
{"asctime": "2025-12-08T19:01:46Z", "levelname": "INFO", "name": "src.layers", "message": "Activation calibration finished for quantizable layers"}
{"asctime": "2025-12-08T19:01:46Z", "levelname": "INFO", "name": "src.evaluate_model", "message": "Starting evaluation: Sensitivity: fc1"}
{"asctime": "2025-12-08T19:01:49Z", "levelname": "INFO", "name": "src.evaluate_model", "message": "Evaluation Result [Sensitivity: fc1] - Acc: 98.76% | Loss: 0.0380 | Time: 2.7204s"}
{"asctime": "2025-12-08T19:01:49Z", "levelname": "DEBUG", "name": "src.layers", "message": "Quantizing layer (storage): affine 8-bit"}
{"asctime": "2025-12-08T19:01:49Z", "levelname": "DEBUG", "name": "src.quantizer", "message": "Affine Quantization: Min=-0.449698, Max=0.349509, Scale=0.00313415, Zero Point:143"}
{"asctime": "2025-12-08T19:01:49Z", "levelname": "INFO", "name": "src.layers", "message": "Calibrating with 10 batches..."}
{"asctime": "2025-12-08T19:01:51Z", "levelname": "INFO", "name": "src.layers", "message": "Activation calibration finished for quantizable layers"}
{"asctime": "2025-12-08T19:01:51Z", "levelname": "INFO", "name": "src.evaluate_model", "message": "Starting evaluation: Sensitivity: fc2"}
{"asctime": "2025-12-08T19:01:54Z", "levelname": "INFO", "name": "src.evaluate_model", "message": "Evaluation Result [Sensitivity: fc2] - Acc: 98.75% | Loss: 0.0381 | Time: 2.8707s"}
{"asctime": "2025-12-08T19:01:54Z", "levelname": "INFO", "name": "Experiment", "message": "Experiment finished. Summary: \n==========================================\n         Result Report                      \n==========================================\nModel Size (Float32):   4.58 MB\nTheor. Size (Int8):      1.15 MB\n------------------------------------------\nAccuracy Float32:         98.74%\nAccuracy Affine:        98.73%\nAccuracy Symmetric:       98.77%\n=========================================="}
