2025-12-12T15:59:41Z INFO Experiment Config: Using CPU
2025-12-12T15:59:41Z INFO Experiment Initializing Data Loaders...
2025-12-12T15:59:41Z WARNING Experiment Model not found at C:\Users\Dominic\Documents\ResearchProject\results\models\cnn_mnist_quantized2025-12-12_15-59-39.pt. Training new model.
2025-12-12T15:59:41Z INFO src.train Starting Training on Device: cpu
2025-12-12T15:59:41Z INFO src.train Train Epoch: 1[0/60000(0%)]Loss: 2.274374
2025-12-12T15:59:44Z INFO src.train Train Epoch: 1[6400/60000(11%)]Loss: 0.328438
2025-12-12T15:59:46Z INFO src.train Train Epoch: 1[12800/60000(21%)]Loss: 0.176447
2025-12-12T15:59:48Z INFO src.train Train Epoch: 1[19200/60000(32%)]Loss: 0.057008
2025-12-12T15:59:50Z INFO src.train Train Epoch: 1[25600/60000(43%)]Loss: 0.162091
2025-12-12T15:59:53Z INFO src.train Train Epoch: 1[32000/60000(53%)]Loss: 0.163083
2025-12-12T15:59:55Z INFO src.train Train Epoch: 1[38400/60000(64%)]Loss: 0.098691
2025-12-12T15:59:57Z INFO src.train Train Epoch: 1[44800/60000(75%)]Loss: 0.137229
2025-12-12T16:00:00Z INFO src.train Train Epoch: 1[51200/60000(85%)]Loss: 0.143562
2025-12-12T16:00:02Z INFO src.train Train Epoch: 1[57600/60000(96%)]Loss: 0.030787
2025-12-12T16:00:03Z INFO src.train Epoch 1 finished in 22.15s
2025-12-12T16:00:03Z INFO src.train Train Epoch: 2[0/60000(0%)]Loss: 0.034434
2025-12-12T16:00:06Z INFO src.train Train Epoch: 2[6400/60000(11%)]Loss: 0.043865
2025-12-12T16:00:08Z INFO src.train Train Epoch: 2[12800/60000(21%)]Loss: 0.075132
2025-12-12T16:00:11Z INFO src.train Train Epoch: 2[19200/60000(32%)]Loss: 0.234130
2025-12-12T16:00:13Z INFO src.train Train Epoch: 2[25600/60000(43%)]Loss: 0.056531
2025-12-12T16:00:15Z INFO src.train Train Epoch: 2[32000/60000(53%)]Loss: 0.083886
2025-12-12T16:00:18Z INFO src.train Train Epoch: 2[38400/60000(64%)]Loss: 0.127384
2025-12-12T16:00:20Z INFO src.train Train Epoch: 2[44800/60000(75%)]Loss: 0.229957
2025-12-12T16:00:22Z INFO src.train Train Epoch: 2[51200/60000(85%)]Loss: 0.086173
2025-12-12T16:00:24Z INFO src.train Train Epoch: 2[57600/60000(96%)]Loss: 0.065764
2025-12-12T16:00:25Z INFO src.train Epoch 2 finished in 22.06s
2025-12-12T16:00:25Z INFO src.train Train Epoch: 3[0/60000(0%)]Loss: 0.154565
2025-12-12T16:00:28Z INFO src.train Train Epoch: 3[6400/60000(11%)]Loss: 0.003581
2025-12-12T16:00:30Z INFO src.train Train Epoch: 3[12800/60000(21%)]Loss: 0.082363
2025-12-12T16:00:32Z INFO src.train Train Epoch: 3[19200/60000(32%)]Loss: 0.093062
2025-12-12T16:00:34Z INFO src.train Train Epoch: 3[25600/60000(43%)]Loss: 0.013794
2025-12-12T16:00:37Z INFO src.train Train Epoch: 3[32000/60000(53%)]Loss: 0.029011
2025-12-12T16:00:39Z INFO src.train Train Epoch: 3[38400/60000(64%)]Loss: 0.031007
2025-12-12T16:00:41Z INFO src.train Train Epoch: 3[44800/60000(75%)]Loss: 0.015388
2025-12-12T16:00:44Z INFO src.train Train Epoch: 3[51200/60000(85%)]Loss: 0.031923
2025-12-12T16:00:46Z INFO src.train Train Epoch: 3[57600/60000(96%)]Loss: 0.094796
2025-12-12T16:00:47Z INFO src.train Epoch 3 finished in 21.46s
2025-12-12T16:00:47Z INFO src.train Refernce Model saved to: C:\Users\Dominic\Documents\ResearchProject\results\models\cnn_mnist_quantized2025-12-12_15-59-39.pt
2025-12-12T16:00:47Z INFO src.evaluation.evaluate_model Starting evaluation: Baseline Float32
2025-12-12T16:00:48Z INFO src.evaluation.evaluate_model Evaluation Result [Baseline Float32] - Acc: 98.85% | Loss: 0.0334 | Time: 1.6871s
2025-12-12T16:00:48Z INFO Experiment Applying 8-bit Affine Quantization... (Simulated)
2025-12-12T16:00:48Z DEBUG Experiment Quantization layer (affine): conv1
2025-12-12T16:00:48Z DEBUG src.quantizer Affine Quantization: Min=-0.463067, Max=0.372954, Scale=0.00327851, Zero Point:141
2025-12-12T16:00:48Z DEBUG Experiment Quantization layer (affine): conv2
2025-12-12T16:00:48Z DEBUG src.quantizer Affine Quantization: Min=-0.322166, Max=0.256440, Scale=0.00226904, Zero Point:142
2025-12-12T16:00:48Z DEBUG Experiment Quantization layer (affine): fc1
2025-12-12T16:00:48Z DEBUG src.quantizer Affine Quantization: Min=-0.164057, Max=0.191707, Scale=0.00139515, Zero Point:118
2025-12-12T16:00:48Z DEBUG Experiment Quantization layer (affine): fc2
2025-12-12T16:00:48Z DEBUG src.quantizer Affine Quantization: Min=-0.511233, Max=0.323874, Scale=0.00327493, Zero Point:156
2025-12-12T16:00:48Z INFO src.evaluation.evaluate_model Starting evaluation: Simulated Affine 8-bit
2025-12-12T16:00:50Z INFO src.evaluation.evaluate_model Evaluation Result [Simulated Affine 8-bit] - Acc: 98.85% | Loss: 0.0335 | Time: 1.5990s
2025-12-12T16:00:50Z INFO Experiment Applying 8-bit Symmetric Quantization... (Simulated)
2025-12-12T16:00:50Z DEBUG Experiment Quantizing layer (symmetric): conv1
2025-12-12T16:00:50Z DEBUG src.quantizer Symmetric Quantization: Max value=0.4631, Scale=0.003646, Range=[-127, 127]
2025-12-12T16:00:50Z DEBUG Experiment Quantizing layer (symmetric): conv2
2025-12-12T16:00:50Z DEBUG src.quantizer Symmetric Quantization: Max value=0.3222, Scale=0.002537, Range=[-127, 127]
2025-12-12T16:00:50Z DEBUG Experiment Quantizing layer (symmetric): fc1
2025-12-12T16:00:50Z DEBUG src.quantizer Symmetric Quantization: Max value=0.1917, Scale=0.001510, Range=[-127, 127]
2025-12-12T16:00:50Z DEBUG Experiment Quantizing layer (symmetric): fc2
2025-12-12T16:00:50Z DEBUG src.quantizer Symmetric Quantization: Max value=0.5112, Scale=0.004025, Range=[-127, 127]
2025-12-12T16:00:50Z INFO src.evaluation.evaluate_model Starting evaluation: Simulated Symmetric 8-bit
2025-12-12T16:00:52Z INFO src.evaluation.evaluate_model Evaluation Result [Simulated Symmetric 8-bit] - Acc: 98.85% | Loss: 0.0334 | Time: 1.5941s
2025-12-12T16:00:52Z INFO Experiment Starting Actual Storage Quantization (Int8)..
2025-12-12T16:00:52Z INFO Experiment Model layers replaced with Quantizable versions
2025-12-12T16:00:52Z DEBUG src.layers Quantizing layer (storage): affine 8-bit
2025-12-12T16:00:52Z DEBUG src.quantizer Affine Quantization: Min=-0.463067, Max=0.372954, Scale=0.00327851, Zero Point:141
2025-12-12T16:00:52Z DEBUG src.layers Quantizing layer (storage): affine 8-bit
2025-12-12T16:00:52Z DEBUG src.quantizer Affine Quantization: Min=-0.322166, Max=0.256440, Scale=0.00226904, Zero Point:142
2025-12-12T16:00:52Z DEBUG src.layers Quantizing layer (storage): affine 8-bit
2025-12-12T16:00:52Z DEBUG src.quantizer Affine Quantization: Min=-0.164057, Max=0.191707, Scale=0.00139515, Zero Point:118
2025-12-12T16:00:52Z DEBUG src.layers Quantizing layer (storage): affine 8-bit
2025-12-12T16:00:52Z DEBUG src.quantizer Affine Quantization: Min=-0.511233, Max=0.323874, Scale=0.00327493, Zero Point:156
2025-12-12T16:00:52Z INFO Experiment Calibrating activations for quantized model (using train set subset)...
2025-12-12T16:00:52Z INFO src.layers Calibrating with 50 batches...
2025-12-12T16:00:52Z INFO src.layers Activation calibration finished for quantizable layers
2025-12-12T16:00:52Z INFO Experiment Saving quantized model to: cnn_mnist_quantized2025-12-12_15-59-39.pt
2025-12-12T16:00:52Z INFO Experiment Original Size: 4691.12 KB
2025-12-12T16:00:52Z INFO Experiment Quantized Size: 1180.93 KB
2025-12-12T16:00:52Z INFO Experiment Reduction: 74.83%
2025-12-12T16:00:52Z INFO src.evaluation.evaluate_model Starting evaluation: Storage Quantization (Int8)
2025-12-12T16:00:54Z INFO src.evaluation.evaluate_model Evaluation Result [Storage Quantization (Int8)] - Acc: 98.79% | Loss: 0.0366 | Time: 1.9042s
2025-12-12T16:00:54Z INFO Experiment Computing per-layer weight MSE between float model and quantized storage model...
2025-12-12T16:00:54Z INFO Experiment Running per-layer sensitivity analysis (quantize one layer at a time)
2025-12-12T16:00:54Z INFO src.utility.utils Starting Sensitivity Analysis on 4 layers...
2025-12-12T16:00:54Z DEBUG src.layers Quantizing layer (storage): affine 8-bit
2025-12-12T16:00:54Z DEBUG src.quantizer Affine Quantization: Min=-0.463067, Max=0.372954, Scale=0.00327851, Zero Point:141
2025-12-12T16:00:54Z INFO src.layers Calibrating with 10 batches...
2025-12-12T16:00:54Z INFO src.layers Activation calibration finished for quantizable layers
2025-12-12T16:00:54Z INFO src.evaluation.evaluate_model Starting evaluation: Sensitivity: conv1
2025-12-12T16:00:56Z INFO src.evaluation.evaluate_model Evaluation Result [Sensitivity: conv1] - Acc: 98.79% | Loss: 0.0364 | Time: 1.6663s
2025-12-12T16:00:56Z DEBUG src.layers Quantizing layer (storage): affine 8-bit
2025-12-12T16:00:56Z DEBUG src.quantizer Affine Quantization: Min=-0.322166, Max=0.256440, Scale=0.00226904, Zero Point:142
2025-12-12T16:00:56Z INFO src.layers Calibrating with 10 batches...
2025-12-12T16:00:56Z INFO src.layers Activation calibration finished for quantizable layers
2025-12-12T16:00:56Z INFO src.evaluation.evaluate_model Starting evaluation: Sensitivity: conv2
2025-12-12T16:00:58Z INFO src.evaluation.evaluate_model Evaluation Result [Sensitivity: conv2] - Acc: 98.86% | Loss: 0.0333 | Time: 1.7638s
2025-12-12T16:00:58Z DEBUG src.layers Quantizing layer (storage): affine 8-bit
2025-12-12T16:00:58Z DEBUG src.quantizer Affine Quantization: Min=-0.164057, Max=0.191707, Scale=0.00139515, Zero Point:118
2025-12-12T16:00:58Z INFO src.layers Calibrating with 10 batches...
2025-12-12T16:00:58Z INFO src.layers Activation calibration finished for quantizable layers
2025-12-12T16:00:58Z INFO src.evaluation.evaluate_model Starting evaluation: Sensitivity: fc1
2025-12-12T16:01:00Z INFO src.evaluation.evaluate_model Evaluation Result [Sensitivity: fc1] - Acc: 98.84% | Loss: 0.0333 | Time: 1.7630s
2025-12-12T16:01:00Z DEBUG src.layers Quantizing layer (storage): affine 8-bit
2025-12-12T16:01:00Z DEBUG src.quantizer Affine Quantization: Min=-0.511233, Max=0.323874, Scale=0.00327493, Zero Point:156
2025-12-12T16:01:00Z INFO src.layers Calibrating with 10 batches...
2025-12-12T16:01:00Z INFO src.layers Activation calibration finished for quantizable layers
2025-12-12T16:01:00Z INFO src.evaluation.evaluate_model Starting evaluation: Sensitivity: fc2
2025-12-12T16:01:01Z INFO src.evaluation.evaluate_model Evaluation Result [Sensitivity: fc2] - Acc: 98.88% | Loss: 0.0334 | Time: 1.5693s
2025-12-12T16:01:01Z INFO Experiment Experiment finished. Summary: 
==========================================
         Result Report                      
==========================================
Model Size (Float32):   4.58 MB
Theor. Size (Int8):      1.15 MB
------------------------------------------
Accuracy Float32:         98.85%
Accuracy Affine:        98.85%
Accuracy Symmetric:       98.85%
==========================================
